CRITICAL - 2023-04-13 11:59:47 --> Trying to get property 'bstock_custom_code' of non-object
in APPPATH\Views\transaksi\index.php on line 270.
 1 APPPATH\Views\transaksi\index.php(270): CodeIgniter\Debug\Exceptions->errorHandler(8, 'Trying to get property \'bstock_custom_code\' of non-object', 'C:\\xampp\\htdocs\\tokoklontong\\app\\Views\\transaksi\\index.php', 270, [...])
 2 SYSTEMPATH\View\View.php(213): include('C:\\xampp\\htdocs\\tokoklontong\\app\\Views\\transaksi\\index.php')
 3 SYSTEMPATH\View\View.php(216): CodeIgniter\View\View->CodeIgniter\View\{closure}()
 4 SYSTEMPATH\Common.php(1184): CodeIgniter\View\View->render('transaksi/index', [], true)
 5 APPPATH\Controllers\Transaksi.php(36): view('transaksi/index', [...])
 6 SYSTEMPATH\CodeIgniter.php(934): App\Controllers\Transaksi->index()
 7 SYSTEMPATH\CodeIgniter.php(499): CodeIgniter\CodeIgniter->runController(Object(App\Controllers\Transaksi))
 8 SYSTEMPATH\CodeIgniter.php(368): CodeIgniter\CodeIgniter->handleRequest(null, Object(Config\Cache), false)
 9 FCPATH\index.php(67): CodeIgniter\CodeIgniter->run()
CRITICAL - 2023-04-13 21:14:20 --> Use of undefined constant ajukan_hutang - assumed 'ajukan_hutang' (this will throw an Error in a future version of PHP)
in APPPATH\Views\transaksi\index.php on line 650.
 1 APPPATH\Views\transaksi\index.php(650): CodeIgniter\Debug\Exceptions->errorHandler(2, 'Use of undefined constant ajukan_hutang - assumed \'ajukan_hutang\' (this will throw an Error in a future version of PHP)', 'C:\\xampp\\htdocs\\tokoklontong\\app\\Views\\transaksi\\index.php', 650, [...])
 2 SYSTEMPATH\View\View.php(213): include('C:\\xampp\\htdocs\\tokoklontong\\app\\Views\\transaksi\\index.php')
 3 SYSTEMPATH\View\View.php(216): CodeIgniter\View\View->CodeIgniter\View\{closure}()
 4 SYSTEMPATH\Common.php(1184): CodeIgniter\View\View->render('transaksi/index', [], true)
 5 APPPATH\Controllers\Transaksi.php(43): view('transaksi/index', [...])
 6 SYSTEMPATH\CodeIgniter.php(934): App\Controllers\Transaksi->index()
 7 SYSTEMPATH\CodeIgniter.php(499): CodeIgniter\CodeIgniter->runController(Object(App\Controllers\Transaksi))
 8 SYSTEMPATH\CodeIgniter.php(368): CodeIgniter\CodeIgniter->handleRequest(null, Object(Config\Cache), false)
 9 FCPATH\index.php(67): CodeIgniter\CodeIgniter->run()
