CRITICAL - 2023-10-06 08:38:12 --> Trying to get property 'tanggal' of non-object
in APPPATH\Controllers\RecordTransaksi.php on line 219.
 1 APPPATH\Controllers\RecordTransaksi.php(219): CodeIgniter\Debug\Exceptions->errorHandler(8, 'Trying to get property \'tanggal\' of non-object', 'C:\\xampp\\htdocs\\tokoklontong\\app\\Controllers\\RecordTransaksi.php', 219, [...])
 2 SYSTEMPATH\CodeIgniter.php(934): App\Controllers\RecordTransaksi->delete()
 3 SYSTEMPATH\CodeIgniter.php(499): CodeIgniter\CodeIgniter->runController(Object(App\Controllers\RecordTransaksi))
 4 SYSTEMPATH\CodeIgniter.php(368): CodeIgniter\CodeIgniter->handleRequest(null, Object(Config\Cache), false)
 5 FCPATH\index.php(67): CodeIgniter\CodeIgniter->run()
CRITICAL - 2023-10-06 08:38:30 --> Trying to get property 'tanggal' of non-object
in APPPATH\Controllers\RecordTransaksi.php on line 219.
 1 APPPATH\Controllers\RecordTransaksi.php(219): CodeIgniter\Debug\Exceptions->errorHandler(8, 'Trying to get property \'tanggal\' of non-object', 'C:\\xampp\\htdocs\\tokoklontong\\app\\Controllers\\RecordTransaksi.php', 219, [...])
 2 SYSTEMPATH\CodeIgniter.php(934): App\Controllers\RecordTransaksi->delete()
 3 SYSTEMPATH\CodeIgniter.php(499): CodeIgniter\CodeIgniter->runController(Object(App\Controllers\RecordTransaksi))
 4 SYSTEMPATH\CodeIgniter.php(368): CodeIgniter\CodeIgniter->handleRequest(null, Object(Config\Cache), false)
 5 FCPATH\index.php(67): CodeIgniter\CodeIgniter->run()
CRITICAL - 2023-10-06 08:44:44 --> Cannot use object of type App\Models\TblpenjualandetailModel as array
in APPPATH\Controllers\RecordTransaksi.php on line 227.
 1 SYSTEMPATH\CodeIgniter.php(934): App\Controllers\RecordTransaksi->delete()
 2 SYSTEMPATH\CodeIgniter.php(499): CodeIgniter\CodeIgniter->runController(Object(App\Controllers\RecordTransaksi))
 3 SYSTEMPATH\CodeIgniter.php(368): CodeIgniter\CodeIgniter->handleRequest(null, Object(Config\Cache), false)
 4 FCPATH\index.php(67): CodeIgniter\CodeIgniter->run()
CRITICAL - 2023-10-06 08:49:25 --> Cannot use object of type stdClass as array
in APPPATH\Controllers\RecordTransaksi.php on line 229.
 1 SYSTEMPATH\CodeIgniter.php(934): App\Controllers\RecordTransaksi->delete()
 2 SYSTEMPATH\CodeIgniter.php(499): CodeIgniter\CodeIgniter->runController(Object(App\Controllers\RecordTransaksi))
 3 SYSTEMPATH\CodeIgniter.php(368): CodeIgniter\CodeIgniter->handleRequest(null, Object(Config\Cache), false)
 4 FCPATH\index.php(67): CodeIgniter\CodeIgniter->run()
CRITICAL - 2023-10-06 09:01:13 --> Undefined property: stdClass::$qty
in APPPATH\Controllers\RecordTransaksi.php on line 229.
 1 APPPATH\Controllers\RecordTransaksi.php(229): CodeIgniter\Debug\Exceptions->errorHandler(8, 'Undefined property: stdClass::$qty', 'C:\\xampp\\htdocs\\tokoklontong\\app\\Controllers\\RecordTransaksi.php', 229, [...])
 2 SYSTEMPATH\CodeIgniter.php(934): App\Controllers\RecordTransaksi->delete()
 3 SYSTEMPATH\CodeIgniter.php(499): CodeIgniter\CodeIgniter->runController(Object(App\Controllers\RecordTransaksi))
 4 SYSTEMPATH\CodeIgniter.php(368): CodeIgniter\CodeIgniter->handleRequest(null, Object(Config\Cache), false)
 5 FCPATH\index.php(67): CodeIgniter\CodeIgniter->run()
CRITICAL - 2023-10-06 10:07:42 --> Call to undefined method App\Models\TblpenjualandetailModel::getResult
in SYSTEMPATH\Model.php on line 842.
 1 APPPATH\Controllers\RecordTransaksi.php(227): CodeIgniter\Model->__call('getResult', [])
 2 SYSTEMPATH\CodeIgniter.php(934): App\Controllers\RecordTransaksi->delete()
 3 SYSTEMPATH\CodeIgniter.php(499): CodeIgniter\CodeIgniter->runController(Object(App\Controllers\RecordTransaksi))
 4 SYSTEMPATH\CodeIgniter.php(368): CodeIgniter\CodeIgniter->handleRequest(null, Object(Config\Cache), false)
 5 FCPATH\index.php(67): CodeIgniter\CodeIgniter->run()
CRITICAL - 2023-10-06 10:11:49 --> Call to undefined method App\Models\TblpenjualandetailModel::getResult
in SYSTEMPATH\Model.php on line 842.
 1 APPPATH\Controllers\RecordTransaksi.php(227): CodeIgniter\Model->__call('getResult', [])
 2 SYSTEMPATH\CodeIgniter.php(934): App\Controllers\RecordTransaksi->delete()
 3 SYSTEMPATH\CodeIgniter.php(499): CodeIgniter\CodeIgniter->runController(Object(App\Controllers\RecordTransaksi))
 4 SYSTEMPATH\CodeIgniter.php(368): CodeIgniter\CodeIgniter->handleRequest(null, Object(Config\Cache), false)
 5 FCPATH\index.php(67): CodeIgniter\CodeIgniter->run()
CRITICAL - 2023-10-06 10:14:40 --> Call to undefined method App\Models\TblpenjualandetailModel::getResult
in SYSTEMPATH\Model.php on line 842.
 1 APPPATH\Controllers\RecordTransaksi.php(227): CodeIgniter\Model->__call('getResult', [])
 2 SYSTEMPATH\CodeIgniter.php(934): App\Controllers\RecordTransaksi->delete()
 3 SYSTEMPATH\CodeIgniter.php(499): CodeIgniter\CodeIgniter->runController(Object(App\Controllers\RecordTransaksi))
 4 SYSTEMPATH\CodeIgniter.php(368): CodeIgniter\CodeIgniter->handleRequest(null, Object(Config\Cache), false)
 5 FCPATH\index.php(67): CodeIgniter\CodeIgniter->run()
CRITICAL - 2023-10-06 10:35:09 --> Undefined property: stdClass::$qty
in APPPATH\Controllers\RecordTransaksi.php on line 232.
 1 APPPATH\Controllers\RecordTransaksi.php(232): CodeIgniter\Debug\Exceptions->errorHandler(8, 'Undefined property: stdClass::$qty', 'C:\\xampp\\htdocs\\tokoklontong\\app\\Controllers\\RecordTransaksi.php', 232, [...])
 2 SYSTEMPATH\CodeIgniter.php(934): App\Controllers\RecordTransaksi->delete()
 3 SYSTEMPATH\CodeIgniter.php(499): CodeIgniter\CodeIgniter->runController(Object(App\Controllers\RecordTransaksi))
 4 SYSTEMPATH\CodeIgniter.php(368): CodeIgniter\CodeIgniter->handleRequest(null, Object(Config\Cache), false)
 5 FCPATH\index.php(67): CodeIgniter\CodeIgniter->run()
CRITICAL - 2023-10-06 10:43:46 --> Unsupported operand types
in APPPATH\Controllers\RecordTransaksi.php on line 239.
 1 SYSTEMPATH\CodeIgniter.php(934): App\Controllers\RecordTransaksi->delete()
 2 SYSTEMPATH\CodeIgniter.php(499): CodeIgniter\CodeIgniter->runController(Object(App\Controllers\RecordTransaksi))
 3 SYSTEMPATH\CodeIgniter.php(368): CodeIgniter\CodeIgniter->handleRequest(null, Object(Config\Cache), false)
 4 FCPATH\index.php(67): CodeIgniter\CodeIgniter->run()
CRITICAL - 2023-10-06 10:45:45 --> Unsupported operand types
in APPPATH\Controllers\RecordTransaksi.php on line 239.
 1 SYSTEMPATH\CodeIgniter.php(934): App\Controllers\RecordTransaksi->delete()
 2 SYSTEMPATH\CodeIgniter.php(499): CodeIgniter\CodeIgniter->runController(Object(App\Controllers\RecordTransaksi))
 3 SYSTEMPATH\CodeIgniter.php(368): CodeIgniter\CodeIgniter->handleRequest(null, Object(Config\Cache), false)
 4 FCPATH\index.php(67): CodeIgniter\CodeIgniter->run()
CRITICAL - 2023-10-06 10:56:11 --> Call to undefined method CodeIgniter\Database\MySQLi\Result::get()
in APPPATH\Controllers\RecordTransaksi.php on line 230.
 1 SYSTEMPATH\CodeIgniter.php(934): App\Controllers\RecordTransaksi->delete()
 2 SYSTEMPATH\CodeIgniter.php(499): CodeIgniter\CodeIgniter->runController(Object(App\Controllers\RecordTransaksi))
 3 SYSTEMPATH\CodeIgniter.php(368): CodeIgniter\CodeIgniter->handleRequest(null, Object(Config\Cache), false)
 4 FCPATH\index.php(67): CodeIgniter\CodeIgniter->run()
CRITICAL - 2023-10-06 17:12:58 --> Unsupported operand types
in APPPATH\Controllers\RecordTransaksi.php on line 245.
 1 SYSTEMPATH\CodeIgniter.php(934): App\Controllers\RecordTransaksi->delete()
 2 SYSTEMPATH\CodeIgniter.php(499): CodeIgniter\CodeIgniter->runController(Object(App\Controllers\RecordTransaksi))
 3 SYSTEMPATH\CodeIgniter.php(368): CodeIgniter\CodeIgniter->handleRequest(null, Object(Config\Cache), false)
 4 FCPATH\index.php(67): CodeIgniter\CodeIgniter->run()
CRITICAL - 2023-10-06 17:14:45 --> Unsupported operand types
in APPPATH\Controllers\RecordTransaksi.php on line 243.
 1 SYSTEMPATH\CodeIgniter.php(934): App\Controllers\RecordTransaksi->delete()
 2 SYSTEMPATH\CodeIgniter.php(499): CodeIgniter\CodeIgniter->runController(Object(App\Controllers\RecordTransaksi))
 3 SYSTEMPATH\CodeIgniter.php(368): CodeIgniter\CodeIgniter->handleRequest(null, Object(Config\Cache), false)
 4 FCPATH\index.php(67): CodeIgniter\CodeIgniter->run()
CRITICAL - 2023-10-06 17:17:21 --> Undefined property: mysqli::$bstock_id
in APPPATH\Controllers\RecordTransaksi.php on line 237.
 1 APPPATH\Controllers\RecordTransaksi.php(237): CodeIgniter\Debug\Exceptions->errorHandler(8, 'Undefined property: mysqli::$bstock_id', 'C:\\xampp\\htdocs\\tokoklontong\\app\\Controllers\\RecordTransaksi.php', 237, [...])
 2 SYSTEMPATH\CodeIgniter.php(934): App\Controllers\RecordTransaksi->delete()
 3 SYSTEMPATH\CodeIgniter.php(499): CodeIgniter\CodeIgniter->runController(Object(App\Controllers\RecordTransaksi))
 4 SYSTEMPATH\CodeIgniter.php(368): CodeIgniter\CodeIgniter->handleRequest(null, Object(Config\Cache), false)
 5 FCPATH\index.php(67): CodeIgniter\CodeIgniter->run()
CRITICAL - 2023-10-06 17:35:40 --> Undefined property: mysqli::$bstock_id
in APPPATH\Controllers\RecordTransaksi.php on line 238.
 1 APPPATH\Controllers\RecordTransaksi.php(238): CodeIgniter\Debug\Exceptions->errorHandler(8, 'Undefined property: mysqli::$bstock_id', 'C:\\xampp\\htdocs\\tokoklontong\\app\\Controllers\\RecordTransaksi.php', 238, [...])
 2 SYSTEMPATH\CodeIgniter.php(934): App\Controllers\RecordTransaksi->delete()
 3 SYSTEMPATH\CodeIgniter.php(499): CodeIgniter\CodeIgniter->runController(Object(App\Controllers\RecordTransaksi))
 4 SYSTEMPATH\CodeIgniter.php(368): CodeIgniter\CodeIgniter->handleRequest(null, Object(Config\Cache), false)
 5 FCPATH\index.php(67): CodeIgniter\CodeIgniter->run()
CRITICAL - 2023-10-06 20:24:52 --> Call to undefined method CodeIgniter\Database\MySQLi\Result::result()
in APPPATH\Models\TblpenjualandetailModel.php on line 31.
 1 APPPATH\Controllers\RecordTransaksi.php(230): App\Models\TblpenjualandetailModel->getBstockQty('1150')
 2 SYSTEMPATH\CodeIgniter.php(934): App\Controllers\RecordTransaksi->delete()
 3 SYSTEMPATH\CodeIgniter.php(499): CodeIgniter\CodeIgniter->runController(Object(App\Controllers\RecordTransaksi))
 4 SYSTEMPATH\CodeIgniter.php(368): CodeIgniter\CodeIgniter->handleRequest(null, Object(Config\Cache), false)
 5 FCPATH\index.php(67): CodeIgniter\CodeIgniter->run()
CRITICAL - 2023-10-06 20:37:15 --> Undefined property: mysqli::$bstock_id
in APPPATH\Controllers\RecordTransaksi.php on line 231.
 1 APPPATH\Controllers\RecordTransaksi.php(231): CodeIgniter\Debug\Exceptions->errorHandler(8, 'Undefined property: mysqli::$bstock_id', 'C:\\xampp\\htdocs\\tokoklontong\\app\\Controllers\\RecordTransaksi.php', 231, [...])
 2 SYSTEMPATH\CodeIgniter.php(934): App\Controllers\RecordTransaksi->delete()
 3 SYSTEMPATH\CodeIgniter.php(499): CodeIgniter\CodeIgniter->runController(Object(App\Controllers\RecordTransaksi))
 4 SYSTEMPATH\CodeIgniter.php(368): CodeIgniter\CodeIgniter->handleRequest(null, Object(Config\Cache), false)
 5 FCPATH\index.php(67): CodeIgniter\CodeIgniter->run()
CRITICAL - 2023-10-06 20:49:02 --> Undefined property: CodeIgniter\Database\MySQLi\Result::$qty
in APPPATH\Controllers\StockIn.php on line 175.
 1 APPPATH\Controllers\StockIn.php(175): CodeIgniter\Debug\Exceptions->errorHandler(8, 'Undefined property: CodeIgniter\\Database\\MySQLi\\Result::$qty', 'C:\\xampp\\htdocs\\tokoklontong\\app\\Controllers\\StockIn.php', 175, [...])
 2 SYSTEMPATH\CodeIgniter.php(934): App\Controllers\StockIn->save()
 3 SYSTEMPATH\CodeIgniter.php(499): CodeIgniter\CodeIgniter->runController(Object(App\Controllers\StockIn))
 4 SYSTEMPATH\CodeIgniter.php(368): CodeIgniter\CodeIgniter->handleRequest(null, Object(Config\Cache), false)
 5 FCPATH\index.php(67): CodeIgniter\CodeIgniter->run()
CRITICAL - 2023-10-06 20:49:03 --> Undefined property: CodeIgniter\Database\MySQLi\Result::$qty
in APPPATH\Controllers\StockIn.php on line 175.
 1 APPPATH\Controllers\StockIn.php(175): CodeIgniter\Debug\Exceptions->errorHandler(8, 'Undefined property: CodeIgniter\\Database\\MySQLi\\Result::$qty', 'C:\\xampp\\htdocs\\tokoklontong\\app\\Controllers\\StockIn.php', 175, [...])
 2 SYSTEMPATH\CodeIgniter.php(934): App\Controllers\StockIn->save()
 3 SYSTEMPATH\CodeIgniter.php(499): CodeIgniter\CodeIgniter->runController(Object(App\Controllers\StockIn))
 4 SYSTEMPATH\CodeIgniter.php(368): CodeIgniter\CodeIgniter->handleRequest(null, Object(Config\Cache), false)
 5 FCPATH\index.php(67): CodeIgniter\CodeIgniter->run()
CRITICAL - 2023-10-06 20:51:42 --> Call to undefined method CodeIgniter\Database\MySQLi\Result::get()
in APPPATH\Controllers\StockIn.php on line 171.
 1 SYSTEMPATH\CodeIgniter.php(934): App\Controllers\StockIn->save()
 2 SYSTEMPATH\CodeIgniter.php(499): CodeIgniter\CodeIgniter->runController(Object(App\Controllers\StockIn))
 3 SYSTEMPATH\CodeIgniter.php(368): CodeIgniter\CodeIgniter->handleRequest(null, Object(Config\Cache), false)
 4 FCPATH\index.php(67): CodeIgniter\CodeIgniter->run()
CRITICAL - 2023-10-06 20:51:44 --> Call to undefined method CodeIgniter\Database\MySQLi\Result::get()
in APPPATH\Controllers\StockIn.php on line 171.
 1 SYSTEMPATH\CodeIgniter.php(934): App\Controllers\StockIn->save()
 2 SYSTEMPATH\CodeIgniter.php(499): CodeIgniter\CodeIgniter->runController(Object(App\Controllers\StockIn))
 3 SYSTEMPATH\CodeIgniter.php(368): CodeIgniter\CodeIgniter->handleRequest(null, Object(Config\Cache), false)
 4 FCPATH\index.php(67): CodeIgniter\CodeIgniter->run()
CRITICAL - 2023-10-06 20:51:45 --> Call to undefined method CodeIgniter\Database\MySQLi\Result::get()
in APPPATH\Controllers\StockIn.php on line 171.
 1 SYSTEMPATH\CodeIgniter.php(934): App\Controllers\StockIn->save()
 2 SYSTEMPATH\CodeIgniter.php(499): CodeIgniter\CodeIgniter->runController(Object(App\Controllers\StockIn))
 3 SYSTEMPATH\CodeIgniter.php(368): CodeIgniter\CodeIgniter->handleRequest(null, Object(Config\Cache), false)
 4 FCPATH\index.php(67): CodeIgniter\CodeIgniter->run()
CRITICAL - 2023-10-06 20:51:53 --> Call to undefined method CodeIgniter\Database\MySQLi\Result::result()
in APPPATH\Controllers\StockIn.php on line 171.
 1 SYSTEMPATH\CodeIgniter.php(934): App\Controllers\StockIn->save()
 2 SYSTEMPATH\CodeIgniter.php(499): CodeIgniter\CodeIgniter->runController(Object(App\Controllers\StockIn))
 3 SYSTEMPATH\CodeIgniter.php(368): CodeIgniter\CodeIgniter->handleRequest(null, Object(Config\Cache), false)
 4 FCPATH\index.php(67): CodeIgniter\CodeIgniter->run()
CRITICAL - 2023-10-06 20:52:10 --> Call to undefined method CodeIgniter\Database\MySQLi\Result::result_array()
in APPPATH\Controllers\StockIn.php on line 171.
 1 SYSTEMPATH\CodeIgniter.php(934): App\Controllers\StockIn->save()
 2 SYSTEMPATH\CodeIgniter.php(499): CodeIgniter\CodeIgniter->runController(Object(App\Controllers\StockIn))
 3 SYSTEMPATH\CodeIgniter.php(368): CodeIgniter\CodeIgniter->handleRequest(null, Object(Config\Cache), false)
 4 FCPATH\index.php(67): CodeIgniter\CodeIgniter->run()
CRITICAL - 2023-10-06 20:52:10 --> Call to undefined method CodeIgniter\Database\MySQLi\Result::result_array()
in APPPATH\Controllers\StockIn.php on line 171.
 1 SYSTEMPATH\CodeIgniter.php(934): App\Controllers\StockIn->save()
 2 SYSTEMPATH\CodeIgniter.php(499): CodeIgniter\CodeIgniter->runController(Object(App\Controllers\StockIn))
 3 SYSTEMPATH\CodeIgniter.php(368): CodeIgniter\CodeIgniter->handleRequest(null, Object(Config\Cache), false)
 4 FCPATH\index.php(67): CodeIgniter\CodeIgniter->run()
CRITICAL - 2023-10-06 21:01:27 --> Call to undefined method CodeIgniter\Database\MySQLi\Result::result_array()
in APPPATH\Models\TblpenjualandetailModel.php on line 33.
 1 APPPATH\Controllers\StockIn.php(171): App\Models\TblpenjualandetailModel->getBstockQty(1155)
 2 SYSTEMPATH\CodeIgniter.php(934): App\Controllers\StockIn->save()
 3 SYSTEMPATH\CodeIgniter.php(499): CodeIgniter\CodeIgniter->runController(Object(App\Controllers\StockIn))
 4 SYSTEMPATH\CodeIgniter.php(368): CodeIgniter\CodeIgniter->handleRequest(null, Object(Config\Cache), false)
 5 FCPATH\index.php(67): CodeIgniter\CodeIgniter->run()
CRITICAL - 2023-10-06 21:01:28 --> Call to undefined method CodeIgniter\Database\MySQLi\Result::result_array()
in APPPATH\Models\TblpenjualandetailModel.php on line 33.
 1 APPPATH\Controllers\StockIn.php(171): App\Models\TblpenjualandetailModel->getBstockQty(1155)
 2 SYSTEMPATH\CodeIgniter.php(934): App\Controllers\StockIn->save()
 3 SYSTEMPATH\CodeIgniter.php(499): CodeIgniter\CodeIgniter->runController(Object(App\Controllers\StockIn))
 4 SYSTEMPATH\CodeIgniter.php(368): CodeIgniter\CodeIgniter->handleRequest(null, Object(Config\Cache), false)
 5 FCPATH\index.php(67): CodeIgniter\CodeIgniter->run()
CRITICAL - 2023-10-06 21:01:38 --> Call to undefined method CodeIgniter\Database\MySQLi\Result::result()
in APPPATH\Models\TblpenjualandetailModel.php on line 33.
 1 APPPATH\Controllers\StockIn.php(171): App\Models\TblpenjualandetailModel->getBstockQty(1155)
 2 SYSTEMPATH\CodeIgniter.php(934): App\Controllers\StockIn->save()
 3 SYSTEMPATH\CodeIgniter.php(499): CodeIgniter\CodeIgniter->runController(Object(App\Controllers\StockIn))
 4 SYSTEMPATH\CodeIgniter.php(368): CodeIgniter\CodeIgniter->handleRequest(null, Object(Config\Cache), false)
 5 FCPATH\index.php(67): CodeIgniter\CodeIgniter->run()
ERROR - 2023-10-06 21:03:45 --> mysqli_sql_exception: Unknown column 'stock_in_qty' in 'field list' in C:\xampp\htdocs\tokoklontong\vendor\codeigniter4\framework\system\Database\MySQLi\Connection.php:295
Stack trace:
#0 C:\xampp\htdocs\tokoklontong\vendor\codeigniter4\framework\system\Database\MySQLi\Connection.php(295): mysqli->query('SELECT `stock_i...', 0)
#1 C:\xampp\htdocs\tokoklontong\vendor\codeigniter4\framework\system\Database\BaseConnection.php(691): CodeIgniter\Database\MySQLi\Connection->execute('SELECT `stock_i...')
#2 C:\xampp\htdocs\tokoklontong\vendor\codeigniter4\framework\system\Database\BaseConnection.php(605): CodeIgniter\Database\BaseConnection->simpleQuery('SELECT `stock_i...')
#3 C:\xampp\htdocs\tokoklontong\vendor\codeigniter4\framework\system\Database\BaseBuilder.php(1616): CodeIgniter\Database\BaseConnection->query('SELECT `stock_i...', Array, false)
#4 C:\xampp\htdocs\tokoklontong\vendor\codeigniter4\framework\system\Model.php(268): CodeIgniter\Database\BaseBuilder->get()
#5 C:\xampp\htdocs\tokoklontong\vendor\codeigniter4\framework\system\BaseModel.php(656): CodeIgniter\Model->doFirst()
#6 C:\xampp\htdocs\tokoklontong\app\Models\TblpenjualandetailModel.php(36): CodeIgniter\BaseModel->first()
#7 C:\xampp\htdocs\tokoklontong\app\Controllers\StockIn.php(171): App\Models\TblpenjualandetailModel->getBstockQty(1155)
#8 C:\xampp\htdocs\tokoklontong\vendor\codeigniter4\framework\system\CodeIgniter.php(934): App\Controllers\StockIn->save()
#9 C:\xampp\htdocs\tokoklontong\vendor\codeigniter4\framework\system\CodeIgniter.php(499): CodeIgniter\CodeIgniter->runController(Object(App\Controllers\StockIn))
#10 C:\xampp\htdocs\tokoklontong\vendor\codeigniter4\framework\system\CodeIgniter.php(368): CodeIgniter\CodeIgniter->handleRequest(NULL, Object(Config\Cache), false)
#11 C:\xampp\htdocs\tokoklontong\public\index.php(67): CodeIgniter\CodeIgniter->run()
#12 {main}
CRITICAL - 2023-10-06 21:03:46 --> Unknown column 'stock_in_qty' in 'field list'
in SYSTEMPATH\Database\MySQLi\Connection.php on line 295.
 1 SYSTEMPATH\Database\MySQLi\Connection.php(295): mysqli->query('SELECT `stock_in_qty`
FROM `tbl_transaksi_detail`
WHERE `bstock_id` = 2
 LIMIT 1', 0)
 2 SYSTEMPATH\Database\BaseConnection.php(691): CodeIgniter\Database\MySQLi\Connection->execute('SELECT `stock_in_qty`
FROM `tbl_transaksi_detail`
WHERE `bstock_id` = 2
 LIMIT 1')
 3 SYSTEMPATH\Database\BaseConnection.php(605): CodeIgniter\Database\BaseConnection->simpleQuery('SELECT `stock_in_qty`
FROM `tbl_transaksi_detail`
WHERE `bstock_id` = 2
 LIMIT 1')
 4 SYSTEMPATH\Database\BaseBuilder.php(1616): CodeIgniter\Database\BaseConnection->query('SELECT `stock_in_qty`
FROM `tbl_transaksi_detail`
WHERE `bstock_id` = :bstock_id:
 LIMIT 1', [...], false)
 5 SYSTEMPATH\Model.php(268): CodeIgniter\Database\BaseBuilder->get()
 6 SYSTEMPATH\BaseModel.php(656): CodeIgniter\Model->doFirst()
 7 APPPATH\Models\TblpenjualandetailModel.php(36): CodeIgniter\BaseModel->first()
 8 APPPATH\Controllers\StockIn.php(171): App\Models\TblpenjualandetailModel->getBstockQty(1155)
 9 SYSTEMPATH\CodeIgniter.php(934): App\Controllers\StockIn->save()
10 SYSTEMPATH\CodeIgniter.php(499): CodeIgniter\CodeIgniter->runController(Object(App\Controllers\StockIn))
11 SYSTEMPATH\CodeIgniter.php(368): CodeIgniter\CodeIgniter->handleRequest(null, Object(Config\Cache), false)
12 FCPATH\index.php(67): CodeIgniter\CodeIgniter->run()
ERROR - 2023-10-06 21:03:47 --> mysqli_sql_exception: Unknown column 'stock_in_qty' in 'field list' in C:\xampp\htdocs\tokoklontong\vendor\codeigniter4\framework\system\Database\MySQLi\Connection.php:295
Stack trace:
#0 C:\xampp\htdocs\tokoklontong\vendor\codeigniter4\framework\system\Database\MySQLi\Connection.php(295): mysqli->query('SELECT `stock_i...', 0)
#1 C:\xampp\htdocs\tokoklontong\vendor\codeigniter4\framework\system\Database\BaseConnection.php(691): CodeIgniter\Database\MySQLi\Connection->execute('SELECT `stock_i...')
#2 C:\xampp\htdocs\tokoklontong\vendor\codeigniter4\framework\system\Database\BaseConnection.php(605): CodeIgniter\Database\BaseConnection->simpleQuery('SELECT `stock_i...')
#3 C:\xampp\htdocs\tokoklontong\vendor\codeigniter4\framework\system\Database\BaseBuilder.php(1616): CodeIgniter\Database\BaseConnection->query('SELECT `stock_i...', Array, false)
#4 C:\xampp\htdocs\tokoklontong\vendor\codeigniter4\framework\system\Model.php(268): CodeIgniter\Database\BaseBuilder->get()
#5 C:\xampp\htdocs\tokoklontong\vendor\codeigniter4\framework\system\BaseModel.php(656): CodeIgniter\Model->doFirst()
#6 C:\xampp\htdocs\tokoklontong\app\Models\TblpenjualandetailModel.php(36): CodeIgniter\BaseModel->first()
#7 C:\xampp\htdocs\tokoklontong\app\Controllers\StockIn.php(171): App\Models\TblpenjualandetailModel->getBstockQty(1155)
#8 C:\xampp\htdocs\tokoklontong\vendor\codeigniter4\framework\system\CodeIgniter.php(934): App\Controllers\StockIn->save()
#9 C:\xampp\htdocs\tokoklontong\vendor\codeigniter4\framework\system\CodeIgniter.php(499): CodeIgniter\CodeIgniter->runController(Object(App\Controllers\StockIn))
#10 C:\xampp\htdocs\tokoklontong\vendor\codeigniter4\framework\system\CodeIgniter.php(368): CodeIgniter\CodeIgniter->handleRequest(NULL, Object(Config\Cache), false)
#11 C:\xampp\htdocs\tokoklontong\public\index.php(67): CodeIgniter\CodeIgniter->run()
#12 {main}
CRITICAL - 2023-10-06 21:03:47 --> Unknown column 'stock_in_qty' in 'field list'
in SYSTEMPATH\Database\MySQLi\Connection.php on line 295.
 1 SYSTEMPATH\Database\MySQLi\Connection.php(295): mysqli->query('SELECT `stock_in_qty`
FROM `tbl_transaksi_detail`
WHERE `bstock_id` = 2
 LIMIT 1', 0)
 2 SYSTEMPATH\Database\BaseConnection.php(691): CodeIgniter\Database\MySQLi\Connection->execute('SELECT `stock_in_qty`
FROM `tbl_transaksi_detail`
WHERE `bstock_id` = 2
 LIMIT 1')
 3 SYSTEMPATH\Database\BaseConnection.php(605): CodeIgniter\Database\BaseConnection->simpleQuery('SELECT `stock_in_qty`
FROM `tbl_transaksi_detail`
WHERE `bstock_id` = 2
 LIMIT 1')
 4 SYSTEMPATH\Database\BaseBuilder.php(1616): CodeIgniter\Database\BaseConnection->query('SELECT `stock_in_qty`
FROM `tbl_transaksi_detail`
WHERE `bstock_id` = :bstock_id:
 LIMIT 1', [...], false)
 5 SYSTEMPATH\Model.php(268): CodeIgniter\Database\BaseBuilder->get()
 6 SYSTEMPATH\BaseModel.php(656): CodeIgniter\Model->doFirst()
 7 APPPATH\Models\TblpenjualandetailModel.php(36): CodeIgniter\BaseModel->first()
 8 APPPATH\Controllers\StockIn.php(171): App\Models\TblpenjualandetailModel->getBstockQty(1155)
 9 SYSTEMPATH\CodeIgniter.php(934): App\Controllers\StockIn->save()
10 SYSTEMPATH\CodeIgniter.php(499): CodeIgniter\CodeIgniter->runController(Object(App\Controllers\StockIn))
11 SYSTEMPATH\CodeIgniter.php(368): CodeIgniter\CodeIgniter->handleRequest(null, Object(Config\Cache), false)
12 FCPATH\index.php(67): CodeIgniter\CodeIgniter->run()
CRITICAL - 2023-10-06 21:25:36 --> Unsupported operand types
in APPPATH\Controllers\RecordTransaksi.php on line 237.
 1 SYSTEMPATH\CodeIgniter.php(934): App\Controllers\RecordTransaksi->delete()
 2 SYSTEMPATH\CodeIgniter.php(499): CodeIgniter\CodeIgniter->runController(Object(App\Controllers\RecordTransaksi))
 3 SYSTEMPATH\CodeIgniter.php(368): CodeIgniter\CodeIgniter->handleRequest(null, Object(Config\Cache), false)
 4 FCPATH\index.php(67): CodeIgniter\CodeIgniter->run()
CRITICAL - 2023-10-06 21:37:04 --> Cannot use object of type stdClass as array
in APPPATH\Controllers\RecordTransaksi.php on line 231.
 1 SYSTEMPATH\CodeIgniter.php(934): App\Controllers\RecordTransaksi->delete()
 2 SYSTEMPATH\CodeIgniter.php(499): CodeIgniter\CodeIgniter->runController(Object(App\Controllers\RecordTransaksi))
 3 SYSTEMPATH\CodeIgniter.php(368): CodeIgniter\CodeIgniter->handleRequest(null, Object(Config\Cache), false)
 4 FCPATH\index.php(67): CodeIgniter\CodeIgniter->run()
CRITICAL - 2023-10-06 21:51:47 --> Unsupported operand types
in APPPATH\Controllers\RecordTransaksi.php on line 242.
 1 SYSTEMPATH\CodeIgniter.php(934): App\Controllers\RecordTransaksi->delete()
 2 SYSTEMPATH\CodeIgniter.php(499): CodeIgniter\CodeIgniter->runController(Object(App\Controllers\RecordTransaksi))
 3 SYSTEMPATH\CodeIgniter.php(368): CodeIgniter\CodeIgniter->handleRequest(null, Object(Config\Cache), false)
 4 FCPATH\index.php(67): CodeIgniter\CodeIgniter->run()
CRITICAL - 2023-10-06 21:55:09 --> Undefined index: bstock_id
in APPPATH\Controllers\StockIn.php on line 207.
 1 APPPATH\Controllers\StockIn.php(207): CodeIgniter\Debug\Exceptions->errorHandler(8, 'Undefined index: bstock_id', 'C:\\xampp\\htdocs\\tokoklontong\\app\\Controllers\\StockIn.php', 207, [...])
 2 SYSTEMPATH\CodeIgniter.php(934): App\Controllers\StockIn->save()
 3 SYSTEMPATH\CodeIgniter.php(499): CodeIgniter\CodeIgniter->runController(Object(App\Controllers\StockIn))
 4 SYSTEMPATH\CodeIgniter.php(368): CodeIgniter\CodeIgniter->handleRequest(null, Object(Config\Cache), false)
 5 FCPATH\index.php(67): CodeIgniter\CodeIgniter->run()
CRITICAL - 2023-10-06 21:56:17 --> Cannot use object of type stdClass as array
in APPPATH\Controllers\StockIn.php on line 207.
 1 SYSTEMPATH\CodeIgniter.php(934): App\Controllers\StockIn->save()
 2 SYSTEMPATH\CodeIgniter.php(499): CodeIgniter\CodeIgniter->runController(Object(App\Controllers\StockIn))
 3 SYSTEMPATH\CodeIgniter.php(368): CodeIgniter\CodeIgniter->handleRequest(null, Object(Config\Cache), false)
 4 FCPATH\index.php(67): CodeIgniter\CodeIgniter->run()
CRITICAL - 2023-10-06 21:57:04 --> Cannot use object of type stdClass as array
in APPPATH\Controllers\StockIn.php on line 207.
 1 SYSTEMPATH\CodeIgniter.php(934): App\Controllers\StockIn->save()
 2 SYSTEMPATH\CodeIgniter.php(499): CodeIgniter\CodeIgniter->runController(Object(App\Controllers\StockIn))
 3 SYSTEMPATH\CodeIgniter.php(368): CodeIgniter\CodeIgniter->handleRequest(null, Object(Config\Cache), false)
 4 FCPATH\index.php(67): CodeIgniter\CodeIgniter->run()
CRITICAL - 2023-10-06 22:04:44 --> Cannot use object of type stdClass as array
in APPPATH\Controllers\RecordTransaksi.php on line 234.
 1 SYSTEMPATH\CodeIgniter.php(934): App\Controllers\RecordTransaksi->delete()
 2 SYSTEMPATH\CodeIgniter.php(499): CodeIgniter\CodeIgniter->runController(Object(App\Controllers\RecordTransaksi))
 3 SYSTEMPATH\CodeIgniter.php(368): CodeIgniter\CodeIgniter->handleRequest(null, Object(Config\Cache), false)
 4 FCPATH\index.php(67): CodeIgniter\CodeIgniter->run()
CRITICAL - 2023-10-06 22:07:59 --> Cannot use object of type stdClass as array
in APPPATH\Controllers\RecordTransaksi.php on line 234.
 1 SYSTEMPATH\CodeIgniter.php(934): App\Controllers\RecordTransaksi->delete()
 2 SYSTEMPATH\CodeIgniter.php(499): CodeIgniter\CodeIgniter->runController(Object(App\Controllers\RecordTransaksi))
 3 SYSTEMPATH\CodeIgniter.php(368): CodeIgniter\CodeIgniter->handleRequest(null, Object(Config\Cache), false)
 4 FCPATH\index.php(67): CodeIgniter\CodeIgniter->run()
CRITICAL - 2023-10-06 22:08:27 --> Cannot use object of type stdClass as array
in APPPATH\Controllers\RecordTransaksi.php on line 234.
 1 SYSTEMPATH\CodeIgniter.php(934): App\Controllers\RecordTransaksi->delete()
 2 SYSTEMPATH\CodeIgniter.php(499): CodeIgniter\CodeIgniter->runController(Object(App\Controllers\RecordTransaksi))
 3 SYSTEMPATH\CodeIgniter.php(368): CodeIgniter\CodeIgniter->handleRequest(null, Object(Config\Cache), false)
 4 FCPATH\index.php(67): CodeIgniter\CodeIgniter->run()
CRITICAL - 2023-10-06 22:12:37 --> Unsupported operand types
in APPPATH\Controllers\RecordTransaksi.php on line 244.
 1 SYSTEMPATH\CodeIgniter.php(934): App\Controllers\RecordTransaksi->delete()
 2 SYSTEMPATH\CodeIgniter.php(499): CodeIgniter\CodeIgniter->runController(Object(App\Controllers\RecordTransaksi))
 3 SYSTEMPATH\CodeIgniter.php(368): CodeIgniter\CodeIgniter->handleRequest(null, Object(Config\Cache), false)
 4 FCPATH\index.php(67): CodeIgniter\CodeIgniter->run()
CRITICAL - 2023-10-06 22:14:57 --> Unsupported operand types
in APPPATH\Controllers\RecordTransaksi.php on line 244.
 1 SYSTEMPATH\CodeIgniter.php(934): App\Controllers\RecordTransaksi->delete()
 2 SYSTEMPATH\CodeIgniter.php(499): CodeIgniter\CodeIgniter->runController(Object(App\Controllers\RecordTransaksi))
 3 SYSTEMPATH\CodeIgniter.php(368): CodeIgniter\CodeIgniter->handleRequest(null, Object(Config\Cache), false)
 4 FCPATH\index.php(67): CodeIgniter\CodeIgniter->run()
CRITICAL - 2023-10-06 23:03:35 --> Unsupported operand types
in APPPATH\Controllers\StockIn.php on line 227.
 1 SYSTEMPATH\CodeIgniter.php(934): App\Controllers\StockIn->save()
 2 SYSTEMPATH\CodeIgniter.php(499): CodeIgniter\CodeIgniter->runController(Object(App\Controllers\StockIn))
 3 SYSTEMPATH\CodeIgniter.php(368): CodeIgniter\CodeIgniter->handleRequest(null, Object(Config\Cache), false)
 4 FCPATH\index.php(67): CodeIgniter\CodeIgniter->run()
CRITICAL - 2023-10-06 23:03:36 --> Unsupported operand types
in APPPATH\Controllers\StockIn.php on line 227.
 1 SYSTEMPATH\CodeIgniter.php(934): App\Controllers\StockIn->save()
 2 SYSTEMPATH\CodeIgniter.php(499): CodeIgniter\CodeIgniter->runController(Object(App\Controllers\StockIn))
 3 SYSTEMPATH\CodeIgniter.php(368): CodeIgniter\CodeIgniter->handleRequest(null, Object(Config\Cache), false)
 4 FCPATH\index.php(67): CodeIgniter\CodeIgniter->run()
CRITICAL - 2023-10-06 23:06:27 --> Unsupported operand types
in APPPATH\Controllers\StockIn.php on line 227.
 1 SYSTEMPATH\CodeIgniter.php(934): App\Controllers\StockIn->save()
 2 SYSTEMPATH\CodeIgniter.php(499): CodeIgniter\CodeIgniter->runController(Object(App\Controllers\StockIn))
 3 SYSTEMPATH\CodeIgniter.php(368): CodeIgniter\CodeIgniter->handleRequest(null, Object(Config\Cache), false)
 4 FCPATH\index.php(67): CodeIgniter\CodeIgniter->run()
CRITICAL - 2023-10-06 23:11:17 --> Trying to get property 'bstock_ready_stock' of non-object
in APPPATH\Controllers\StockIn.php on line 239.
 1 APPPATH\Controllers\StockIn.php(239): CodeIgniter\Debug\Exceptions->errorHandler(8, 'Trying to get property \'bstock_ready_stock\' of non-object', 'C:\\xampp\\htdocs\\tokoklontong\\app\\Controllers\\StockIn.php', 239, [...])
 2 SYSTEMPATH\CodeIgniter.php(934): App\Controllers\StockIn->save()
 3 SYSTEMPATH\CodeIgniter.php(499): CodeIgniter\CodeIgniter->runController(Object(App\Controllers\StockIn))
 4 SYSTEMPATH\CodeIgniter.php(368): CodeIgniter\CodeIgniter->handleRequest(null, Object(Config\Cache), false)
 5 FCPATH\index.php(67): CodeIgniter\CodeIgniter->run()
CRITICAL - 2023-10-06 23:11:19 --> Trying to get property 'bstock_ready_stock' of non-object
in APPPATH\Controllers\StockIn.php on line 239.
 1 APPPATH\Controllers\StockIn.php(239): CodeIgniter\Debug\Exceptions->errorHandler(8, 'Trying to get property \'bstock_ready_stock\' of non-object', 'C:\\xampp\\htdocs\\tokoklontong\\app\\Controllers\\StockIn.php', 239, [...])
 2 SYSTEMPATH\CodeIgniter.php(934): App\Controllers\StockIn->save()
 3 SYSTEMPATH\CodeIgniter.php(499): CodeIgniter\CodeIgniter->runController(Object(App\Controllers\StockIn))
 4 SYSTEMPATH\CodeIgniter.php(368): CodeIgniter\CodeIgniter->handleRequest(null, Object(Config\Cache), false)
 5 FCPATH\index.php(67): CodeIgniter\CodeIgniter->run()
CRITICAL - 2023-10-06 23:11:54 --> Trying to get property 'bstock_ready_stock' of non-object
in APPPATH\Controllers\StockIn.php on line 232.
 1 APPPATH\Controllers\StockIn.php(232): CodeIgniter\Debug\Exceptions->errorHandler(8, 'Trying to get property \'bstock_ready_stock\' of non-object', 'C:\\xampp\\htdocs\\tokoklontong\\app\\Controllers\\StockIn.php', 232, [...])
 2 SYSTEMPATH\CodeIgniter.php(934): App\Controllers\StockIn->save()
 3 SYSTEMPATH\CodeIgniter.php(499): CodeIgniter\CodeIgniter->runController(Object(App\Controllers\StockIn))
 4 SYSTEMPATH\CodeIgniter.php(368): CodeIgniter\CodeIgniter->handleRequest(null, Object(Config\Cache), false)
 5 FCPATH\index.php(67): CodeIgniter\CodeIgniter->run()
