CRITICAL - 2023-04-26 08:55:05 --> Undefined index: stok_id
in APPPATH\Views\stok_barang\index.php on line 91.
 1 APPPATH\Views\stok_barang\index.php(91): CodeIgniter\Debug\Exceptions->errorHandler(8, 'Undefined index: stok_id', 'C:\\xampp\\htdocs\\tokoklontong\\app\\Views\\stok_barang\\index.php', 91, [...])
 2 SYSTEMPATH\View\View.php(213): include('C:\\xampp\\htdocs\\tokoklontong\\app\\Views\\stok_barang\\index.php')
 3 SYSTEMPATH\View\View.php(216): CodeIgniter\View\View->CodeIgniter\View\{closure}()
 4 SYSTEMPATH\Common.php(1184): CodeIgniter\View\View->render('stok_barang/index', [], true)
 5 APPPATH\Controllers\StokBarang.php(78): view('stok_barang/index', [...])
 6 SYSTEMPATH\CodeIgniter.php(934): App\Controllers\StokBarang->index()
 7 SYSTEMPATH\CodeIgniter.php(499): CodeIgniter\CodeIgniter->runController(Object(App\Controllers\StokBarang))
 8 SYSTEMPATH\CodeIgniter.php(368): CodeIgniter\CodeIgniter->handleRequest(null, Object(Config\Cache), false)
 9 FCPATH\index.php(67): CodeIgniter\CodeIgniter->run()
CRITICAL - 2023-04-26 09:28:22 --> Cannot use object of type stdClass as array
in APPPATH\Views\transaksi\index.php on line 63.
 1 SYSTEMPATH\View\View.php(213): include()
 2 SYSTEMPATH\View\View.php(216): CodeIgniter\View\View->CodeIgniter\View\{closure}()
 3 SYSTEMPATH\Common.php(1184): CodeIgniter\View\View->render('transaksi/index', [], true)
 4 APPPATH\Controllers\Transaksi.php(49): view('transaksi/index', [...])
 5 SYSTEMPATH\CodeIgniter.php(934): App\Controllers\Transaksi->index()
 6 SYSTEMPATH\CodeIgniter.php(499): CodeIgniter\CodeIgniter->runController(Object(App\Controllers\Transaksi))
 7 SYSTEMPATH\CodeIgniter.php(368): CodeIgniter\CodeIgniter->handleRequest(null, Object(Config\Cache), false)
 8 FCPATH\index.php(67): CodeIgniter\CodeIgniter->run()
ERROR - 2023-04-26 20:15:32 --> mysqli_sql_exception: Column 'nm_kostumer' cannot be null in C:\xampp\htdocs\tokoklontong\vendor\codeigniter4\framework\system\Database\MySQLi\Connection.php:295
Stack trace:
#0 C:\xampp\htdocs\tokoklontong\vendor\codeigniter4\framework\system\Database\MySQLi\Connection.php(295): mysqli->query('INSERT INTO `tb...', 0)
#1 C:\xampp\htdocs\tokoklontong\vendor\codeigniter4\framework\system\Database\BaseConnection.php(691): CodeIgniter\Database\MySQLi\Connection->execute('INSERT INTO `tb...')
#2 C:\xampp\htdocs\tokoklontong\vendor\codeigniter4\framework\system\Database\BaseConnection.php(605): CodeIgniter\Database\BaseConnection->simpleQuery('INSERT INTO `tb...')
#3 C:\xampp\htdocs\tokoklontong\vendor\codeigniter4\framework\system\Database\BaseBuilder.php(2309): CodeIgniter\Database\BaseConnection->query('INSERT INTO `tb...', Array, false)
#4 C:\xampp\htdocs\tokoklontong\vendor\codeigniter4\framework\system\Model.php(330): CodeIgniter\Database\BaseBuilder->insert()
#5 C:\xampp\htdocs\tokoklontong\vendor\codeigniter4\framework\system\BaseModel.php(782): CodeIgniter\Model->doInsert(Array)
#6 C:\xampp\htdocs\tokoklontong\vendor\codeigniter4\framework\system\Model.php(730): CodeIgniter\BaseModel->insert(Array, true)
#7 C:\xampp\htdocs\tokoklontong\app\Controllers\Transaksi.php(238): CodeIgniter\Model->insert(Array)
#8 C:\xampp\htdocs\tokoklontong\vendor\codeigniter4\framework\system\CodeIgniter.php(934): App\Controllers\Transaksi->prosesPembayaran()
#9 C:\xampp\htdocs\tokoklontong\vendor\codeigniter4\framework\system\CodeIgniter.php(499): CodeIgniter\CodeIgniter->runController(Object(App\Controllers\Transaksi))
#10 C:\xampp\htdocs\tokoklontong\vendor\codeigniter4\framework\system\CodeIgniter.php(368): CodeIgniter\CodeIgniter->handleRequest(NULL, Object(Config\Cache), false)
#11 C:\xampp\htdocs\tokoklontong\public\index.php(67): CodeIgniter\CodeIgniter->run()
#12 {main}
CRITICAL - 2023-04-26 20:15:33 --> Column 'nm_kostumer' cannot be null
in SYSTEMPATH\Database\MySQLi\Connection.php on line 295.
 1 SYSTEMPATH\Database\MySQLi\Connection.php(295): mysqli->query('INSERT INTO `tbl_transaksi` (`invoice`, `nm_kostumer`, `nm_kostumer_id`, `total_harga`, `diskon`, `harga_final`, `tunai`, `kembalian`, `catatan`, `user_id`, `tanggal`, `created_at`) VALUES (\'TK2604230004\', NULL, NULL, \'410000\', \'0\', \'410000\', \'580000\', \'170000\', \'\', \'0\', \'2023-04-26\', \'2023-04-26 20:15:32\')', 0)
 2 SYSTEMPATH\Database\BaseConnection.php(691): CodeIgniter\Database\MySQLi\Connection->execute('INSERT INTO `tbl_transaksi` (`invoice`, `nm_kostumer`, `nm_kostumer_id`, `total_harga`, `diskon`, `harga_final`, `tunai`, `kembalian`, `catatan`, `user_id`, `tanggal`, `created_at`) VALUES (\'TK2604230004\', NULL, NULL, \'410000\', \'0\', \'410000\', \'580000\', \'170000\', \'\', \'0\', \'2023-04-26\', \'2023-04-26 20:15:32\')')
 3 SYSTEMPATH\Database\BaseConnection.php(605): CodeIgniter\Database\BaseConnection->simpleQuery('INSERT INTO `tbl_transaksi` (`invoice`, `nm_kostumer`, `nm_kostumer_id`, `total_harga`, `diskon`, `harga_final`, `tunai`, `kembalian`, `catatan`, `user_id`, `tanggal`, `created_at`) VALUES (\'TK2604230004\', NULL, NULL, \'410000\', \'0\', \'410000\', \'580000\', \'170000\', \'\', \'0\', \'2023-04-26\', \'2023-04-26 20:15:32\')')
 4 SYSTEMPATH\Database\BaseBuilder.php(2309): CodeIgniter\Database\BaseConnection->query('INSERT INTO `tbl_transaksi` (`invoice`, `nm_kostumer`, `nm_kostumer_id`, `total_harga`, `diskon`, `harga_final`, `tunai`, `kembalian`, `catatan`, `user_id`, `tanggal`, `created_at`) VALUES (:invoice:, :nm_kostumer:, :nm_kostumer_id:, :total_harga:, :diskon:, :harga_final:, :tunai:, :kembalian:, :catatan:, :user_id:, :tanggal:, :created_at:)', [...], false)
 5 SYSTEMPATH\Model.php(330): CodeIgniter\Database\BaseBuilder->insert()
 6 SYSTEMPATH\BaseModel.php(782): CodeIgniter\Model->doInsert([...])
 7 SYSTEMPATH\Model.php(730): CodeIgniter\BaseModel->insert([...], true)
 8 APPPATH\Controllers\Transaksi.php(238): CodeIgniter\Model->insert([...])
 9 SYSTEMPATH\CodeIgniter.php(934): App\Controllers\Transaksi->prosesPembayaran()
10 SYSTEMPATH\CodeIgniter.php(499): CodeIgniter\CodeIgniter->runController(Object(App\Controllers\Transaksi))
11 SYSTEMPATH\CodeIgniter.php(368): CodeIgniter\CodeIgniter->handleRequest(null, Object(Config\Cache), false)
12 FCPATH\index.php(67): CodeIgniter\CodeIgniter->run()
ERROR - 2023-04-26 20:23:36 --> mysqli_sql_exception: Column 'nm_kostumer' cannot be null in C:\xampp\htdocs\tokoklontong\vendor\codeigniter4\framework\system\Database\MySQLi\Connection.php:295
Stack trace:
#0 C:\xampp\htdocs\tokoklontong\vendor\codeigniter4\framework\system\Database\MySQLi\Connection.php(295): mysqli->query('INSERT INTO `tb...', 0)
#1 C:\xampp\htdocs\tokoklontong\vendor\codeigniter4\framework\system\Database\BaseConnection.php(691): CodeIgniter\Database\MySQLi\Connection->execute('INSERT INTO `tb...')
#2 C:\xampp\htdocs\tokoklontong\vendor\codeigniter4\framework\system\Database\BaseConnection.php(605): CodeIgniter\Database\BaseConnection->simpleQuery('INSERT INTO `tb...')
#3 C:\xampp\htdocs\tokoklontong\vendor\codeigniter4\framework\system\Database\BaseBuilder.php(2309): CodeIgniter\Database\BaseConnection->query('INSERT INTO `tb...', Array, false)
#4 C:\xampp\htdocs\tokoklontong\vendor\codeigniter4\framework\system\Model.php(330): CodeIgniter\Database\BaseBuilder->insert()
#5 C:\xampp\htdocs\tokoklontong\vendor\codeigniter4\framework\system\BaseModel.php(782): CodeIgniter\Model->doInsert(Array)
#6 C:\xampp\htdocs\tokoklontong\vendor\codeigniter4\framework\system\Model.php(730): CodeIgniter\BaseModel->insert(Array, true)
#7 C:\xampp\htdocs\tokoklontong\app\Controllers\Transaksi.php(238): CodeIgniter\Model->insert(Array)
#8 C:\xampp\htdocs\tokoklontong\vendor\codeigniter4\framework\system\CodeIgniter.php(934): App\Controllers\Transaksi->prosesPembayaran()
#9 C:\xampp\htdocs\tokoklontong\vendor\codeigniter4\framework\system\CodeIgniter.php(499): CodeIgniter\CodeIgniter->runController(Object(App\Controllers\Transaksi))
#10 C:\xampp\htdocs\tokoklontong\vendor\codeigniter4\framework\system\CodeIgniter.php(368): CodeIgniter\CodeIgniter->handleRequest(NULL, Object(Config\Cache), false)
#11 C:\xampp\htdocs\tokoklontong\public\index.php(67): CodeIgniter\CodeIgniter->run()
#12 {main}
CRITICAL - 2023-04-26 20:23:36 --> Column 'nm_kostumer' cannot be null
in SYSTEMPATH\Database\MySQLi\Connection.php on line 295.
 1 SYSTEMPATH\Database\MySQLi\Connection.php(295): mysqli->query('INSERT INTO `tbl_transaksi` (`invoice`, `nm_kostumer`, `nm_kostumer_id`, `total_harga`, `diskon`, `harga_final`, `tunai`, `kembalian`, `catatan`, `user_id`, `tanggal`, `created_at`) VALUES (\'TK2604230004\', NULL, NULL, \'410000\', \'0\', \'410000\', \'450000\', \'40000\', \'\', \'0\', \'2023-04-26\', \'2023-04-26 20:23:36\')', 0)
 2 SYSTEMPATH\Database\BaseConnection.php(691): CodeIgniter\Database\MySQLi\Connection->execute('INSERT INTO `tbl_transaksi` (`invoice`, `nm_kostumer`, `nm_kostumer_id`, `total_harga`, `diskon`, `harga_final`, `tunai`, `kembalian`, `catatan`, `user_id`, `tanggal`, `created_at`) VALUES (\'TK2604230004\', NULL, NULL, \'410000\', \'0\', \'410000\', \'450000\', \'40000\', \'\', \'0\', \'2023-04-26\', \'2023-04-26 20:23:36\')')
 3 SYSTEMPATH\Database\BaseConnection.php(605): CodeIgniter\Database\BaseConnection->simpleQuery('INSERT INTO `tbl_transaksi` (`invoice`, `nm_kostumer`, `nm_kostumer_id`, `total_harga`, `diskon`, `harga_final`, `tunai`, `kembalian`, `catatan`, `user_id`, `tanggal`, `created_at`) VALUES (\'TK2604230004\', NULL, NULL, \'410000\', \'0\', \'410000\', \'450000\', \'40000\', \'\', \'0\', \'2023-04-26\', \'2023-04-26 20:23:36\')')
 4 SYSTEMPATH\Database\BaseBuilder.php(2309): CodeIgniter\Database\BaseConnection->query('INSERT INTO `tbl_transaksi` (`invoice`, `nm_kostumer`, `nm_kostumer_id`, `total_harga`, `diskon`, `harga_final`, `tunai`, `kembalian`, `catatan`, `user_id`, `tanggal`, `created_at`) VALUES (:invoice:, :nm_kostumer:, :nm_kostumer_id:, :total_harga:, :diskon:, :harga_final:, :tunai:, :kembalian:, :catatan:, :user_id:, :tanggal:, :created_at:)', [...], false)
 5 SYSTEMPATH\Model.php(330): CodeIgniter\Database\BaseBuilder->insert()
 6 SYSTEMPATH\BaseModel.php(782): CodeIgniter\Model->doInsert([...])
 7 SYSTEMPATH\Model.php(730): CodeIgniter\BaseModel->insert([...], true)
 8 APPPATH\Controllers\Transaksi.php(238): CodeIgniter\Model->insert([...])
 9 SYSTEMPATH\CodeIgniter.php(934): App\Controllers\Transaksi->prosesPembayaran()
10 SYSTEMPATH\CodeIgniter.php(499): CodeIgniter\CodeIgniter->runController(Object(App\Controllers\Transaksi))
11 SYSTEMPATH\CodeIgniter.php(368): CodeIgniter\CodeIgniter->handleRequest(null, Object(Config\Cache), false)
12 FCPATH\index.php(67): CodeIgniter\CodeIgniter->run()
ERROR - 2023-04-26 20:24:46 --> mysqli_sql_exception: Column 'nm_kostumer' cannot be null in C:\xampp\htdocs\tokoklontong\vendor\codeigniter4\framework\system\Database\MySQLi\Connection.php:295
Stack trace:
#0 C:\xampp\htdocs\tokoklontong\vendor\codeigniter4\framework\system\Database\MySQLi\Connection.php(295): mysqli->query('INSERT INTO `tb...', 0)
#1 C:\xampp\htdocs\tokoklontong\vendor\codeigniter4\framework\system\Database\BaseConnection.php(691): CodeIgniter\Database\MySQLi\Connection->execute('INSERT INTO `tb...')
#2 C:\xampp\htdocs\tokoklontong\vendor\codeigniter4\framework\system\Database\BaseConnection.php(605): CodeIgniter\Database\BaseConnection->simpleQuery('INSERT INTO `tb...')
#3 C:\xampp\htdocs\tokoklontong\vendor\codeigniter4\framework\system\Database\BaseBuilder.php(2309): CodeIgniter\Database\BaseConnection->query('INSERT INTO `tb...', Array, false)
#4 C:\xampp\htdocs\tokoklontong\vendor\codeigniter4\framework\system\Model.php(330): CodeIgniter\Database\BaseBuilder->insert()
#5 C:\xampp\htdocs\tokoklontong\vendor\codeigniter4\framework\system\BaseModel.php(782): CodeIgniter\Model->doInsert(Array)
#6 C:\xampp\htdocs\tokoklontong\vendor\codeigniter4\framework\system\Model.php(730): CodeIgniter\BaseModel->insert(Array, true)
#7 C:\xampp\htdocs\tokoklontong\app\Controllers\Transaksi.php(238): CodeIgniter\Model->insert(Array)
#8 C:\xampp\htdocs\tokoklontong\vendor\codeigniter4\framework\system\CodeIgniter.php(934): App\Controllers\Transaksi->prosesPembayaran()
#9 C:\xampp\htdocs\tokoklontong\vendor\codeigniter4\framework\system\CodeIgniter.php(499): CodeIgniter\CodeIgniter->runController(Object(App\Controllers\Transaksi))
#10 C:\xampp\htdocs\tokoklontong\vendor\codeigniter4\framework\system\CodeIgniter.php(368): CodeIgniter\CodeIgniter->handleRequest(NULL, Object(Config\Cache), false)
#11 C:\xampp\htdocs\tokoklontong\public\index.php(67): CodeIgniter\CodeIgniter->run()
#12 {main}
CRITICAL - 2023-04-26 20:24:46 --> Column 'nm_kostumer' cannot be null
in SYSTEMPATH\Database\MySQLi\Connection.php on line 295.
 1 SYSTEMPATH\Database\MySQLi\Connection.php(295): mysqli->query('INSERT INTO `tbl_transaksi` (`invoice`, `nm_kostumer`, `nm_kostumer_id`, `total_harga`, `diskon`, `harga_final`, `tunai`, `kembalian`, `catatan`, `user_id`, `tanggal`, `created_at`) VALUES (\'TK2604230004\', NULL, NULL, \'410000\', \'0\', \'410000\', \'420000\', \'10000\', \'\', \'0\', \'2023-04-26\', \'2023-04-26 20:24:46\')', 0)
 2 SYSTEMPATH\Database\BaseConnection.php(691): CodeIgniter\Database\MySQLi\Connection->execute('INSERT INTO `tbl_transaksi` (`invoice`, `nm_kostumer`, `nm_kostumer_id`, `total_harga`, `diskon`, `harga_final`, `tunai`, `kembalian`, `catatan`, `user_id`, `tanggal`, `created_at`) VALUES (\'TK2604230004\', NULL, NULL, \'410000\', \'0\', \'410000\', \'420000\', \'10000\', \'\', \'0\', \'2023-04-26\', \'2023-04-26 20:24:46\')')
 3 SYSTEMPATH\Database\BaseConnection.php(605): CodeIgniter\Database\BaseConnection->simpleQuery('INSERT INTO `tbl_transaksi` (`invoice`, `nm_kostumer`, `nm_kostumer_id`, `total_harga`, `diskon`, `harga_final`, `tunai`, `kembalian`, `catatan`, `user_id`, `tanggal`, `created_at`) VALUES (\'TK2604230004\', NULL, NULL, \'410000\', \'0\', \'410000\', \'420000\', \'10000\', \'\', \'0\', \'2023-04-26\', \'2023-04-26 20:24:46\')')
 4 SYSTEMPATH\Database\BaseBuilder.php(2309): CodeIgniter\Database\BaseConnection->query('INSERT INTO `tbl_transaksi` (`invoice`, `nm_kostumer`, `nm_kostumer_id`, `total_harga`, `diskon`, `harga_final`, `tunai`, `kembalian`, `catatan`, `user_id`, `tanggal`, `created_at`) VALUES (:invoice:, :nm_kostumer:, :nm_kostumer_id:, :total_harga:, :diskon:, :harga_final:, :tunai:, :kembalian:, :catatan:, :user_id:, :tanggal:, :created_at:)', [...], false)
 5 SYSTEMPATH\Model.php(330): CodeIgniter\Database\BaseBuilder->insert()
 6 SYSTEMPATH\BaseModel.php(782): CodeIgniter\Model->doInsert([...])
 7 SYSTEMPATH\Model.php(730): CodeIgniter\BaseModel->insert([...], true)
 8 APPPATH\Controllers\Transaksi.php(238): CodeIgniter\Model->insert([...])
 9 SYSTEMPATH\CodeIgniter.php(934): App\Controllers\Transaksi->prosesPembayaran()
10 SYSTEMPATH\CodeIgniter.php(499): CodeIgniter\CodeIgniter->runController(Object(App\Controllers\Transaksi))
11 SYSTEMPATH\CodeIgniter.php(368): CodeIgniter\CodeIgniter->handleRequest(null, Object(Config\Cache), false)
12 FCPATH\index.php(67): CodeIgniter\CodeIgniter->run()
ERROR - 2023-04-26 20:31:24 --> mysqli_sql_exception: Column 'nm_kostumer' cannot be null in C:\xampp\htdocs\tokoklontong\vendor\codeigniter4\framework\system\Database\MySQLi\Connection.php:295
Stack trace:
#0 C:\xampp\htdocs\tokoklontong\vendor\codeigniter4\framework\system\Database\MySQLi\Connection.php(295): mysqli->query('INSERT INTO `tb...', 0)
#1 C:\xampp\htdocs\tokoklontong\vendor\codeigniter4\framework\system\Database\BaseConnection.php(691): CodeIgniter\Database\MySQLi\Connection->execute('INSERT INTO `tb...')
#2 C:\xampp\htdocs\tokoklontong\vendor\codeigniter4\framework\system\Database\BaseConnection.php(605): CodeIgniter\Database\BaseConnection->simpleQuery('INSERT INTO `tb...')
#3 C:\xampp\htdocs\tokoklontong\vendor\codeigniter4\framework\system\Database\BaseBuilder.php(2309): CodeIgniter\Database\BaseConnection->query('INSERT INTO `tb...', Array, false)
#4 C:\xampp\htdocs\tokoklontong\vendor\codeigniter4\framework\system\Model.php(330): CodeIgniter\Database\BaseBuilder->insert()
#5 C:\xampp\htdocs\tokoklontong\vendor\codeigniter4\framework\system\BaseModel.php(782): CodeIgniter\Model->doInsert(Array)
#6 C:\xampp\htdocs\tokoklontong\vendor\codeigniter4\framework\system\Model.php(730): CodeIgniter\BaseModel->insert(Array, true)
#7 C:\xampp\htdocs\tokoklontong\app\Controllers\Transaksi.php(238): CodeIgniter\Model->insert(Array)
#8 C:\xampp\htdocs\tokoklontong\vendor\codeigniter4\framework\system\CodeIgniter.php(934): App\Controllers\Transaksi->prosesPembayaran()
#9 C:\xampp\htdocs\tokoklontong\vendor\codeigniter4\framework\system\CodeIgniter.php(499): CodeIgniter\CodeIgniter->runController(Object(App\Controllers\Transaksi))
#10 C:\xampp\htdocs\tokoklontong\vendor\codeigniter4\framework\system\CodeIgniter.php(368): CodeIgniter\CodeIgniter->handleRequest(NULL, Object(Config\Cache), false)
#11 C:\xampp\htdocs\tokoklontong\public\index.php(67): CodeIgniter\CodeIgniter->run()
#12 {main}
CRITICAL - 2023-04-26 20:31:24 --> Column 'nm_kostumer' cannot be null
in SYSTEMPATH\Database\MySQLi\Connection.php on line 295.
 1 SYSTEMPATH\Database\MySQLi\Connection.php(295): mysqli->query('INSERT INTO `tbl_transaksi` (`invoice`, `nm_kostumer`, `nm_kostumer_id`, `total_harga`, `diskon`, `harga_final`, `tunai`, `kembalian`, `catatan`, `user_id`, `tanggal`, `created_at`) VALUES (\'TK2604230004\', NULL, NULL, \'410000\', \'0\', \'410000\', \'430000\', \'20000\', \'\', \'0\', \'2023-04-26\', \'2023-04-26 20:31:24\')', 0)
 2 SYSTEMPATH\Database\BaseConnection.php(691): CodeIgniter\Database\MySQLi\Connection->execute('INSERT INTO `tbl_transaksi` (`invoice`, `nm_kostumer`, `nm_kostumer_id`, `total_harga`, `diskon`, `harga_final`, `tunai`, `kembalian`, `catatan`, `user_id`, `tanggal`, `created_at`) VALUES (\'TK2604230004\', NULL, NULL, \'410000\', \'0\', \'410000\', \'430000\', \'20000\', \'\', \'0\', \'2023-04-26\', \'2023-04-26 20:31:24\')')
 3 SYSTEMPATH\Database\BaseConnection.php(605): CodeIgniter\Database\BaseConnection->simpleQuery('INSERT INTO `tbl_transaksi` (`invoice`, `nm_kostumer`, `nm_kostumer_id`, `total_harga`, `diskon`, `harga_final`, `tunai`, `kembalian`, `catatan`, `user_id`, `tanggal`, `created_at`) VALUES (\'TK2604230004\', NULL, NULL, \'410000\', \'0\', \'410000\', \'430000\', \'20000\', \'\', \'0\', \'2023-04-26\', \'2023-04-26 20:31:24\')')
 4 SYSTEMPATH\Database\BaseBuilder.php(2309): CodeIgniter\Database\BaseConnection->query('INSERT INTO `tbl_transaksi` (`invoice`, `nm_kostumer`, `nm_kostumer_id`, `total_harga`, `diskon`, `harga_final`, `tunai`, `kembalian`, `catatan`, `user_id`, `tanggal`, `created_at`) VALUES (:invoice:, :nm_kostumer:, :nm_kostumer_id:, :total_harga:, :diskon:, :harga_final:, :tunai:, :kembalian:, :catatan:, :user_id:, :tanggal:, :created_at:)', [...], false)
 5 SYSTEMPATH\Model.php(330): CodeIgniter\Database\BaseBuilder->insert()
 6 SYSTEMPATH\BaseModel.php(782): CodeIgniter\Model->doInsert([...])
 7 SYSTEMPATH\Model.php(730): CodeIgniter\BaseModel->insert([...], true)
 8 APPPATH\Controllers\Transaksi.php(238): CodeIgniter\Model->insert([...])
 9 SYSTEMPATH\CodeIgniter.php(934): App\Controllers\Transaksi->prosesPembayaran()
10 SYSTEMPATH\CodeIgniter.php(499): CodeIgniter\CodeIgniter->runController(Object(App\Controllers\Transaksi))
11 SYSTEMPATH\CodeIgniter.php(368): CodeIgniter\CodeIgniter->handleRequest(null, Object(Config\Cache), false)
12 FCPATH\index.php(67): CodeIgniter\CodeIgniter->run()
ERROR - 2023-04-26 20:32:00 --> mysqli_sql_exception: Column 'nm_kostumer' cannot be null in C:\xampp\htdocs\tokoklontong\vendor\codeigniter4\framework\system\Database\MySQLi\Connection.php:295
Stack trace:
#0 C:\xampp\htdocs\tokoklontong\vendor\codeigniter4\framework\system\Database\MySQLi\Connection.php(295): mysqli->query('INSERT INTO `tb...', 0)
#1 C:\xampp\htdocs\tokoklontong\vendor\codeigniter4\framework\system\Database\BaseConnection.php(691): CodeIgniter\Database\MySQLi\Connection->execute('INSERT INTO `tb...')
#2 C:\xampp\htdocs\tokoklontong\vendor\codeigniter4\framework\system\Database\BaseConnection.php(605): CodeIgniter\Database\BaseConnection->simpleQuery('INSERT INTO `tb...')
#3 C:\xampp\htdocs\tokoklontong\vendor\codeigniter4\framework\system\Database\BaseBuilder.php(2309): CodeIgniter\Database\BaseConnection->query('INSERT INTO `tb...', Array, false)
#4 C:\xampp\htdocs\tokoklontong\vendor\codeigniter4\framework\system\Model.php(330): CodeIgniter\Database\BaseBuilder->insert()
#5 C:\xampp\htdocs\tokoklontong\vendor\codeigniter4\framework\system\BaseModel.php(782): CodeIgniter\Model->doInsert(Array)
#6 C:\xampp\htdocs\tokoklontong\vendor\codeigniter4\framework\system\Model.php(730): CodeIgniter\BaseModel->insert(Array, true)
#7 C:\xampp\htdocs\tokoklontong\app\Controllers\Transaksi.php(238): CodeIgniter\Model->insert(Array)
#8 C:\xampp\htdocs\tokoklontong\vendor\codeigniter4\framework\system\CodeIgniter.php(934): App\Controllers\Transaksi->prosesPembayaran()
#9 C:\xampp\htdocs\tokoklontong\vendor\codeigniter4\framework\system\CodeIgniter.php(499): CodeIgniter\CodeIgniter->runController(Object(App\Controllers\Transaksi))
#10 C:\xampp\htdocs\tokoklontong\vendor\codeigniter4\framework\system\CodeIgniter.php(368): CodeIgniter\CodeIgniter->handleRequest(NULL, Object(Config\Cache), false)
#11 C:\xampp\htdocs\tokoklontong\public\index.php(67): CodeIgniter\CodeIgniter->run()
#12 {main}
CRITICAL - 2023-04-26 20:32:00 --> Column 'nm_kostumer' cannot be null
in SYSTEMPATH\Database\MySQLi\Connection.php on line 295.
 1 SYSTEMPATH\Database\MySQLi\Connection.php(295): mysqli->query('INSERT INTO `tbl_transaksi` (`invoice`, `nm_kostumer`, `nm_kostumer_id`, `total_harga`, `diskon`, `harga_final`, `tunai`, `kembalian`, `catatan`, `user_id`, `tanggal`, `created_at`) VALUES (\'TK2604230004\', NULL, NULL, \'410000\', \'0\', \'410000\', \'430000\', \'20000\', \'\', \'0\', \'2023-04-26\', \'2023-04-26 20:32:00\')', 0)
 2 SYSTEMPATH\Database\BaseConnection.php(691): CodeIgniter\Database\MySQLi\Connection->execute('INSERT INTO `tbl_transaksi` (`invoice`, `nm_kostumer`, `nm_kostumer_id`, `total_harga`, `diskon`, `harga_final`, `tunai`, `kembalian`, `catatan`, `user_id`, `tanggal`, `created_at`) VALUES (\'TK2604230004\', NULL, NULL, \'410000\', \'0\', \'410000\', \'430000\', \'20000\', \'\', \'0\', \'2023-04-26\', \'2023-04-26 20:32:00\')')
 3 SYSTEMPATH\Database\BaseConnection.php(605): CodeIgniter\Database\BaseConnection->simpleQuery('INSERT INTO `tbl_transaksi` (`invoice`, `nm_kostumer`, `nm_kostumer_id`, `total_harga`, `diskon`, `harga_final`, `tunai`, `kembalian`, `catatan`, `user_id`, `tanggal`, `created_at`) VALUES (\'TK2604230004\', NULL, NULL, \'410000\', \'0\', \'410000\', \'430000\', \'20000\', \'\', \'0\', \'2023-04-26\', \'2023-04-26 20:32:00\')')
 4 SYSTEMPATH\Database\BaseBuilder.php(2309): CodeIgniter\Database\BaseConnection->query('INSERT INTO `tbl_transaksi` (`invoice`, `nm_kostumer`, `nm_kostumer_id`, `total_harga`, `diskon`, `harga_final`, `tunai`, `kembalian`, `catatan`, `user_id`, `tanggal`, `created_at`) VALUES (:invoice:, :nm_kostumer:, :nm_kostumer_id:, :total_harga:, :diskon:, :harga_final:, :tunai:, :kembalian:, :catatan:, :user_id:, :tanggal:, :created_at:)', [...], false)
 5 SYSTEMPATH\Model.php(330): CodeIgniter\Database\BaseBuilder->insert()
 6 SYSTEMPATH\BaseModel.php(782): CodeIgniter\Model->doInsert([...])
 7 SYSTEMPATH\Model.php(730): CodeIgniter\BaseModel->insert([...], true)
 8 APPPATH\Controllers\Transaksi.php(238): CodeIgniter\Model->insert([...])
 9 SYSTEMPATH\CodeIgniter.php(934): App\Controllers\Transaksi->prosesPembayaran()
10 SYSTEMPATH\CodeIgniter.php(499): CodeIgniter\CodeIgniter->runController(Object(App\Controllers\Transaksi))
11 SYSTEMPATH\CodeIgniter.php(368): CodeIgniter\CodeIgniter->handleRequest(null, Object(Config\Cache), false)
12 FCPATH\index.php(67): CodeIgniter\CodeIgniter->run()
ERROR - 2023-04-26 20:34:33 --> mysqli_sql_exception: Column 'nm_kostumer' cannot be null in C:\xampp\htdocs\tokoklontong\vendor\codeigniter4\framework\system\Database\MySQLi\Connection.php:295
Stack trace:
#0 C:\xampp\htdocs\tokoklontong\vendor\codeigniter4\framework\system\Database\MySQLi\Connection.php(295): mysqli->query('INSERT INTO `tb...', 0)
#1 C:\xampp\htdocs\tokoklontong\vendor\codeigniter4\framework\system\Database\BaseConnection.php(691): CodeIgniter\Database\MySQLi\Connection->execute('INSERT INTO `tb...')
#2 C:\xampp\htdocs\tokoklontong\vendor\codeigniter4\framework\system\Database\BaseConnection.php(605): CodeIgniter\Database\BaseConnection->simpleQuery('INSERT INTO `tb...')
#3 C:\xampp\htdocs\tokoklontong\vendor\codeigniter4\framework\system\Database\BaseBuilder.php(2309): CodeIgniter\Database\BaseConnection->query('INSERT INTO `tb...', Array, false)
#4 C:\xampp\htdocs\tokoklontong\vendor\codeigniter4\framework\system\Model.php(330): CodeIgniter\Database\BaseBuilder->insert()
#5 C:\xampp\htdocs\tokoklontong\vendor\codeigniter4\framework\system\BaseModel.php(782): CodeIgniter\Model->doInsert(Array)
#6 C:\xampp\htdocs\tokoklontong\vendor\codeigniter4\framework\system\Model.php(730): CodeIgniter\BaseModel->insert(Array, true)
#7 C:\xampp\htdocs\tokoklontong\app\Controllers\Transaksi.php(238): CodeIgniter\Model->insert(Array)
#8 C:\xampp\htdocs\tokoklontong\vendor\codeigniter4\framework\system\CodeIgniter.php(934): App\Controllers\Transaksi->prosesPembayaran()
#9 C:\xampp\htdocs\tokoklontong\vendor\codeigniter4\framework\system\CodeIgniter.php(499): CodeIgniter\CodeIgniter->runController(Object(App\Controllers\Transaksi))
#10 C:\xampp\htdocs\tokoklontong\vendor\codeigniter4\framework\system\CodeIgniter.php(368): CodeIgniter\CodeIgniter->handleRequest(NULL, Object(Config\Cache), false)
#11 C:\xampp\htdocs\tokoklontong\public\index.php(67): CodeIgniter\CodeIgniter->run()
#12 {main}
CRITICAL - 2023-04-26 20:34:33 --> Column 'nm_kostumer' cannot be null
in SYSTEMPATH\Database\MySQLi\Connection.php on line 295.
 1 SYSTEMPATH\Database\MySQLi\Connection.php(295): mysqli->query('INSERT INTO `tbl_transaksi` (`invoice`, `nm_kostumer`, `nm_kostumer_id`, `total_harga`, `diskon`, `harga_final`, `tunai`, `kembalian`, `catatan`, `user_id`, `tanggal`, `created_at`) VALUES (\'TK2604230004\', NULL, NULL, \'410000\', \'0\', \'410000\', \'500000\', \'90000\', \'\', \'0\', \'2023-04-26\', \'2023-04-26 20:34:33\')', 0)
 2 SYSTEMPATH\Database\BaseConnection.php(691): CodeIgniter\Database\MySQLi\Connection->execute('INSERT INTO `tbl_transaksi` (`invoice`, `nm_kostumer`, `nm_kostumer_id`, `total_harga`, `diskon`, `harga_final`, `tunai`, `kembalian`, `catatan`, `user_id`, `tanggal`, `created_at`) VALUES (\'TK2604230004\', NULL, NULL, \'410000\', \'0\', \'410000\', \'500000\', \'90000\', \'\', \'0\', \'2023-04-26\', \'2023-04-26 20:34:33\')')
 3 SYSTEMPATH\Database\BaseConnection.php(605): CodeIgniter\Database\BaseConnection->simpleQuery('INSERT INTO `tbl_transaksi` (`invoice`, `nm_kostumer`, `nm_kostumer_id`, `total_harga`, `diskon`, `harga_final`, `tunai`, `kembalian`, `catatan`, `user_id`, `tanggal`, `created_at`) VALUES (\'TK2604230004\', NULL, NULL, \'410000\', \'0\', \'410000\', \'500000\', \'90000\', \'\', \'0\', \'2023-04-26\', \'2023-04-26 20:34:33\')')
 4 SYSTEMPATH\Database\BaseBuilder.php(2309): CodeIgniter\Database\BaseConnection->query('INSERT INTO `tbl_transaksi` (`invoice`, `nm_kostumer`, `nm_kostumer_id`, `total_harga`, `diskon`, `harga_final`, `tunai`, `kembalian`, `catatan`, `user_id`, `tanggal`, `created_at`) VALUES (:invoice:, :nm_kostumer:, :nm_kostumer_id:, :total_harga:, :diskon:, :harga_final:, :tunai:, :kembalian:, :catatan:, :user_id:, :tanggal:, :created_at:)', [...], false)
 5 SYSTEMPATH\Model.php(330): CodeIgniter\Database\BaseBuilder->insert()
 6 SYSTEMPATH\BaseModel.php(782): CodeIgniter\Model->doInsert([...])
 7 SYSTEMPATH\Model.php(730): CodeIgniter\BaseModel->insert([...], true)
 8 APPPATH\Controllers\Transaksi.php(238): CodeIgniter\Model->insert([...])
 9 SYSTEMPATH\CodeIgniter.php(934): App\Controllers\Transaksi->prosesPembayaran()
10 SYSTEMPATH\CodeIgniter.php(499): CodeIgniter\CodeIgniter->runController(Object(App\Controllers\Transaksi))
11 SYSTEMPATH\CodeIgniter.php(368): CodeIgniter\CodeIgniter->handleRequest(null, Object(Config\Cache), false)
12 FCPATH\index.php(67): CodeIgniter\CodeIgniter->run()
ERROR - 2023-04-26 20:43:01 --> mysqli_sql_exception: Column 'nm_kostumer' cannot be null in C:\xampp\htdocs\tokoklontong\vendor\codeigniter4\framework\system\Database\MySQLi\Connection.php:295
Stack trace:
#0 C:\xampp\htdocs\tokoklontong\vendor\codeigniter4\framework\system\Database\MySQLi\Connection.php(295): mysqli->query('INSERT INTO `tb...', 0)
#1 C:\xampp\htdocs\tokoklontong\vendor\codeigniter4\framework\system\Database\BaseConnection.php(691): CodeIgniter\Database\MySQLi\Connection->execute('INSERT INTO `tb...')
#2 C:\xampp\htdocs\tokoklontong\vendor\codeigniter4\framework\system\Database\BaseConnection.php(605): CodeIgniter\Database\BaseConnection->simpleQuery('INSERT INTO `tb...')
#3 C:\xampp\htdocs\tokoklontong\vendor\codeigniter4\framework\system\Database\BaseBuilder.php(2309): CodeIgniter\Database\BaseConnection->query('INSERT INTO `tb...', Array, false)
#4 C:\xampp\htdocs\tokoklontong\vendor\codeigniter4\framework\system\Model.php(330): CodeIgniter\Database\BaseBuilder->insert()
#5 C:\xampp\htdocs\tokoklontong\vendor\codeigniter4\framework\system\BaseModel.php(782): CodeIgniter\Model->doInsert(Array)
#6 C:\xampp\htdocs\tokoklontong\vendor\codeigniter4\framework\system\Model.php(730): CodeIgniter\BaseModel->insert(Array, true)
#7 C:\xampp\htdocs\tokoklontong\app\Controllers\Transaksi.php(238): CodeIgniter\Model->insert(Array)
#8 C:\xampp\htdocs\tokoklontong\vendor\codeigniter4\framework\system\CodeIgniter.php(934): App\Controllers\Transaksi->prosesPembayaran()
#9 C:\xampp\htdocs\tokoklontong\vendor\codeigniter4\framework\system\CodeIgniter.php(499): CodeIgniter\CodeIgniter->runController(Object(App\Controllers\Transaksi))
#10 C:\xampp\htdocs\tokoklontong\vendor\codeigniter4\framework\system\CodeIgniter.php(368): CodeIgniter\CodeIgniter->handleRequest(NULL, Object(Config\Cache), false)
#11 C:\xampp\htdocs\tokoklontong\public\index.php(67): CodeIgniter\CodeIgniter->run()
#12 {main}
CRITICAL - 2023-04-26 20:43:01 --> Column 'nm_kostumer' cannot be null
in SYSTEMPATH\Database\MySQLi\Connection.php on line 295.
 1 SYSTEMPATH\Database\MySQLi\Connection.php(295): mysqli->query('INSERT INTO `tbl_transaksi` (`invoice`, `nm_kostumer`, `nm_kostumer_id`, `total_harga`, `diskon`, `harga_final`, `tunai`, `kembalian`, `catatan`, `user_id`, `tanggal`, `created_at`) VALUES (\'TK2604230004\', NULL, NULL, \'410000\', \'0\', \'410000\', \'430000\', \'20000\', \'\', \'0\', \'2023-04-26\', \'2023-04-26 20:43:01\')', 0)
 2 SYSTEMPATH\Database\BaseConnection.php(691): CodeIgniter\Database\MySQLi\Connection->execute('INSERT INTO `tbl_transaksi` (`invoice`, `nm_kostumer`, `nm_kostumer_id`, `total_harga`, `diskon`, `harga_final`, `tunai`, `kembalian`, `catatan`, `user_id`, `tanggal`, `created_at`) VALUES (\'TK2604230004\', NULL, NULL, \'410000\', \'0\', \'410000\', \'430000\', \'20000\', \'\', \'0\', \'2023-04-26\', \'2023-04-26 20:43:01\')')
 3 SYSTEMPATH\Database\BaseConnection.php(605): CodeIgniter\Database\BaseConnection->simpleQuery('INSERT INTO `tbl_transaksi` (`invoice`, `nm_kostumer`, `nm_kostumer_id`, `total_harga`, `diskon`, `harga_final`, `tunai`, `kembalian`, `catatan`, `user_id`, `tanggal`, `created_at`) VALUES (\'TK2604230004\', NULL, NULL, \'410000\', \'0\', \'410000\', \'430000\', \'20000\', \'\', \'0\', \'2023-04-26\', \'2023-04-26 20:43:01\')')
 4 SYSTEMPATH\Database\BaseBuilder.php(2309): CodeIgniter\Database\BaseConnection->query('INSERT INTO `tbl_transaksi` (`invoice`, `nm_kostumer`, `nm_kostumer_id`, `total_harga`, `diskon`, `harga_final`, `tunai`, `kembalian`, `catatan`, `user_id`, `tanggal`, `created_at`) VALUES (:invoice:, :nm_kostumer:, :nm_kostumer_id:, :total_harga:, :diskon:, :harga_final:, :tunai:, :kembalian:, :catatan:, :user_id:, :tanggal:, :created_at:)', [...], false)
 5 SYSTEMPATH\Model.php(330): CodeIgniter\Database\BaseBuilder->insert()
 6 SYSTEMPATH\BaseModel.php(782): CodeIgniter\Model->doInsert([...])
 7 SYSTEMPATH\Model.php(730): CodeIgniter\BaseModel->insert([...], true)
 8 APPPATH\Controllers\Transaksi.php(238): CodeIgniter\Model->insert([...])
 9 SYSTEMPATH\CodeIgniter.php(934): App\Controllers\Transaksi->prosesPembayaran()
10 SYSTEMPATH\CodeIgniter.php(499): CodeIgniter\CodeIgniter->runController(Object(App\Controllers\Transaksi))
11 SYSTEMPATH\CodeIgniter.php(368): CodeIgniter\CodeIgniter->handleRequest(null, Object(Config\Cache), false)
12 FCPATH\index.php(67): CodeIgniter\CodeIgniter->run()
ERROR - 2023-04-26 21:06:00 --> mysqli_sql_exception: Column 'nm_kostumer' cannot be null in C:\xampp\htdocs\tokoklontong\vendor\codeigniter4\framework\system\Database\MySQLi\Connection.php:295
Stack trace:
#0 C:\xampp\htdocs\tokoklontong\vendor\codeigniter4\framework\system\Database\MySQLi\Connection.php(295): mysqli->query('INSERT INTO `tb...', 0)
#1 C:\xampp\htdocs\tokoklontong\vendor\codeigniter4\framework\system\Database\BaseConnection.php(691): CodeIgniter\Database\MySQLi\Connection->execute('INSERT INTO `tb...')
#2 C:\xampp\htdocs\tokoklontong\vendor\codeigniter4\framework\system\Database\BaseConnection.php(605): CodeIgniter\Database\BaseConnection->simpleQuery('INSERT INTO `tb...')
#3 C:\xampp\htdocs\tokoklontong\vendor\codeigniter4\framework\system\Database\BaseBuilder.php(2309): CodeIgniter\Database\BaseConnection->query('INSERT INTO `tb...', Array, false)
#4 C:\xampp\htdocs\tokoklontong\vendor\codeigniter4\framework\system\Model.php(330): CodeIgniter\Database\BaseBuilder->insert()
#5 C:\xampp\htdocs\tokoklontong\vendor\codeigniter4\framework\system\BaseModel.php(782): CodeIgniter\Model->doInsert(Array)
#6 C:\xampp\htdocs\tokoklontong\vendor\codeigniter4\framework\system\Model.php(730): CodeIgniter\BaseModel->insert(Array, true)
#7 C:\xampp\htdocs\tokoklontong\app\Controllers\Transaksi.php(238): CodeIgniter\Model->insert(Array)
#8 C:\xampp\htdocs\tokoklontong\vendor\codeigniter4\framework\system\CodeIgniter.php(934): App\Controllers\Transaksi->prosesPembayaran()
#9 C:\xampp\htdocs\tokoklontong\vendor\codeigniter4\framework\system\CodeIgniter.php(499): CodeIgniter\CodeIgniter->runController(Object(App\Controllers\Transaksi))
#10 C:\xampp\htdocs\tokoklontong\vendor\codeigniter4\framework\system\CodeIgniter.php(368): CodeIgniter\CodeIgniter->handleRequest(NULL, Object(Config\Cache), false)
#11 C:\xampp\htdocs\tokoklontong\public\index.php(67): CodeIgniter\CodeIgniter->run()
#12 {main}
CRITICAL - 2023-04-26 21:06:00 --> Column 'nm_kostumer' cannot be null
in SYSTEMPATH\Database\MySQLi\Connection.php on line 295.
 1 SYSTEMPATH\Database\MySQLi\Connection.php(295): mysqli->query('INSERT INTO `tbl_transaksi` (`invoice`, `nm_kostumer`, `nm_kostumer_id`, `total_harga`, `diskon`, `harga_final`, `tunai`, `kembalian`, `catatan`, `user_id`, `tanggal`, `created_at`) VALUES (\'TK2604230004\', NULL, NULL, \'410000\', \'0\', \'410000\', \'430000\', \'20000\', \'\', \'0\', \'2023-04-26\', \'2023-04-26 21:06:00\')', 0)
 2 SYSTEMPATH\Database\BaseConnection.php(691): CodeIgniter\Database\MySQLi\Connection->execute('INSERT INTO `tbl_transaksi` (`invoice`, `nm_kostumer`, `nm_kostumer_id`, `total_harga`, `diskon`, `harga_final`, `tunai`, `kembalian`, `catatan`, `user_id`, `tanggal`, `created_at`) VALUES (\'TK2604230004\', NULL, NULL, \'410000\', \'0\', \'410000\', \'430000\', \'20000\', \'\', \'0\', \'2023-04-26\', \'2023-04-26 21:06:00\')')
 3 SYSTEMPATH\Database\BaseConnection.php(605): CodeIgniter\Database\BaseConnection->simpleQuery('INSERT INTO `tbl_transaksi` (`invoice`, `nm_kostumer`, `nm_kostumer_id`, `total_harga`, `diskon`, `harga_final`, `tunai`, `kembalian`, `catatan`, `user_id`, `tanggal`, `created_at`) VALUES (\'TK2604230004\', NULL, NULL, \'410000\', \'0\', \'410000\', \'430000\', \'20000\', \'\', \'0\', \'2023-04-26\', \'2023-04-26 21:06:00\')')
 4 SYSTEMPATH\Database\BaseBuilder.php(2309): CodeIgniter\Database\BaseConnection->query('INSERT INTO `tbl_transaksi` (`invoice`, `nm_kostumer`, `nm_kostumer_id`, `total_harga`, `diskon`, `harga_final`, `tunai`, `kembalian`, `catatan`, `user_id`, `tanggal`, `created_at`) VALUES (:invoice:, :nm_kostumer:, :nm_kostumer_id:, :total_harga:, :diskon:, :harga_final:, :tunai:, :kembalian:, :catatan:, :user_id:, :tanggal:, :created_at:)', [...], false)
 5 SYSTEMPATH\Model.php(330): CodeIgniter\Database\BaseBuilder->insert()
 6 SYSTEMPATH\BaseModel.php(782): CodeIgniter\Model->doInsert([...])
 7 SYSTEMPATH\Model.php(730): CodeIgniter\BaseModel->insert([...], true)
 8 APPPATH\Controllers\Transaksi.php(238): CodeIgniter\Model->insert([...])
 9 SYSTEMPATH\CodeIgniter.php(934): App\Controllers\Transaksi->prosesPembayaran()
10 SYSTEMPATH\CodeIgniter.php(499): CodeIgniter\CodeIgniter->runController(Object(App\Controllers\Transaksi))
11 SYSTEMPATH\CodeIgniter.php(368): CodeIgniter\CodeIgniter->handleRequest(null, Object(Config\Cache), false)
12 FCPATH\index.php(67): CodeIgniter\CodeIgniter->run()
ERROR - 2023-04-26 21:24:15 --> mysqli_sql_exception: Column 'nm_kostumer' cannot be null in C:\xampp\htdocs\tokoklontong\vendor\codeigniter4\framework\system\Database\MySQLi\Connection.php:295
Stack trace:
#0 C:\xampp\htdocs\tokoklontong\vendor\codeigniter4\framework\system\Database\MySQLi\Connection.php(295): mysqli->query('INSERT INTO `tb...', 0)
#1 C:\xampp\htdocs\tokoklontong\vendor\codeigniter4\framework\system\Database\BaseConnection.php(691): CodeIgniter\Database\MySQLi\Connection->execute('INSERT INTO `tb...')
#2 C:\xampp\htdocs\tokoklontong\vendor\codeigniter4\framework\system\Database\BaseConnection.php(605): CodeIgniter\Database\BaseConnection->simpleQuery('INSERT INTO `tb...')
#3 C:\xampp\htdocs\tokoklontong\vendor\codeigniter4\framework\system\Database\BaseBuilder.php(2309): CodeIgniter\Database\BaseConnection->query('INSERT INTO `tb...', Array, false)
#4 C:\xampp\htdocs\tokoklontong\vendor\codeigniter4\framework\system\Model.php(330): CodeIgniter\Database\BaseBuilder->insert()
#5 C:\xampp\htdocs\tokoklontong\vendor\codeigniter4\framework\system\BaseModel.php(782): CodeIgniter\Model->doInsert(Array)
#6 C:\xampp\htdocs\tokoklontong\vendor\codeigniter4\framework\system\Model.php(730): CodeIgniter\BaseModel->insert(Array, true)
#7 C:\xampp\htdocs\tokoklontong\app\Controllers\Transaksi.php(238): CodeIgniter\Model->insert(Array)
#8 C:\xampp\htdocs\tokoklontong\vendor\codeigniter4\framework\system\CodeIgniter.php(934): App\Controllers\Transaksi->prosesPembayaran()
#9 C:\xampp\htdocs\tokoklontong\vendor\codeigniter4\framework\system\CodeIgniter.php(499): CodeIgniter\CodeIgniter->runController(Object(App\Controllers\Transaksi))
#10 C:\xampp\htdocs\tokoklontong\vendor\codeigniter4\framework\system\CodeIgniter.php(368): CodeIgniter\CodeIgniter->handleRequest(NULL, Object(Config\Cache), false)
#11 C:\xampp\htdocs\tokoklontong\public\index.php(67): CodeIgniter\CodeIgniter->run()
#12 {main}
CRITICAL - 2023-04-26 21:24:15 --> Column 'nm_kostumer' cannot be null
in SYSTEMPATH\Database\MySQLi\Connection.php on line 295.
 1 SYSTEMPATH\Database\MySQLi\Connection.php(295): mysqli->query('INSERT INTO `tbl_transaksi` (`invoice`, `nm_kostumer`, `nm_kostumer_id`, `total_harga`, `diskon`, `harga_final`, `tunai`, `kembalian`, `catatan`, `user_id`, `tanggal`, `created_at`) VALUES (\'TK2604230005\', NULL, \'0\', \'30000\', \'0\', \'30000\', \'42000\', \'12000\', \'\', \'0\', \'2023-04-26\', \'2023-04-26 21:24:15\')', 0)
 2 SYSTEMPATH\Database\BaseConnection.php(691): CodeIgniter\Database\MySQLi\Connection->execute('INSERT INTO `tbl_transaksi` (`invoice`, `nm_kostumer`, `nm_kostumer_id`, `total_harga`, `diskon`, `harga_final`, `tunai`, `kembalian`, `catatan`, `user_id`, `tanggal`, `created_at`) VALUES (\'TK2604230005\', NULL, \'0\', \'30000\', \'0\', \'30000\', \'42000\', \'12000\', \'\', \'0\', \'2023-04-26\', \'2023-04-26 21:24:15\')')
 3 SYSTEMPATH\Database\BaseConnection.php(605): CodeIgniter\Database\BaseConnection->simpleQuery('INSERT INTO `tbl_transaksi` (`invoice`, `nm_kostumer`, `nm_kostumer_id`, `total_harga`, `diskon`, `harga_final`, `tunai`, `kembalian`, `catatan`, `user_id`, `tanggal`, `created_at`) VALUES (\'TK2604230005\', NULL, \'0\', \'30000\', \'0\', \'30000\', \'42000\', \'12000\', \'\', \'0\', \'2023-04-26\', \'2023-04-26 21:24:15\')')
 4 SYSTEMPATH\Database\BaseBuilder.php(2309): CodeIgniter\Database\BaseConnection->query('INSERT INTO `tbl_transaksi` (`invoice`, `nm_kostumer`, `nm_kostumer_id`, `total_harga`, `diskon`, `harga_final`, `tunai`, `kembalian`, `catatan`, `user_id`, `tanggal`, `created_at`) VALUES (:invoice:, :nm_kostumer:, :nm_kostumer_id:, :total_harga:, :diskon:, :harga_final:, :tunai:, :kembalian:, :catatan:, :user_id:, :tanggal:, :created_at:)', [...], false)
 5 SYSTEMPATH\Model.php(330): CodeIgniter\Database\BaseBuilder->insert()
 6 SYSTEMPATH\BaseModel.php(782): CodeIgniter\Model->doInsert([...])
 7 SYSTEMPATH\Model.php(730): CodeIgniter\BaseModel->insert([...], true)
 8 APPPATH\Controllers\Transaksi.php(238): CodeIgniter\Model->insert([...])
 9 SYSTEMPATH\CodeIgniter.php(934): App\Controllers\Transaksi->prosesPembayaran()
10 SYSTEMPATH\CodeIgniter.php(499): CodeIgniter\CodeIgniter->runController(Object(App\Controllers\Transaksi))
11 SYSTEMPATH\CodeIgniter.php(368): CodeIgniter\CodeIgniter->handleRequest(null, Object(Config\Cache), false)
12 FCPATH\index.php(67): CodeIgniter\CodeIgniter->run()
