ERROR - 2023-10-05 14:24:09 --> mysqli_sql_exception: Table 'rev_web_skripsi.barang_stoock' doesn't exist in C:\xampp\htdocs\tokoklontong\vendor\codeigniter4\framework\system\Database\MySQLi\Connection.php:295
Stack trace:
#0 C:\xampp\htdocs\tokoklontong\vendor\codeigniter4\framework\system\Database\MySQLi\Connection.php(295): mysqli->query('INSERT INTO `st...', 0)
#1 C:\xampp\htdocs\tokoklontong\vendor\codeigniter4\framework\system\Database\BaseConnection.php(691): CodeIgniter\Database\MySQLi\Connection->execute('INSERT INTO `st...')
#2 C:\xampp\htdocs\tokoklontong\vendor\codeigniter4\framework\system\Database\BaseConnection.php(605): CodeIgniter\Database\BaseConnection->simpleQuery('INSERT INTO `st...')
#3 C:\xampp\htdocs\tokoklontong\vendor\codeigniter4\framework\system\Database\BaseBuilder.php(2309): CodeIgniter\Database\BaseConnection->query('INSERT INTO `st...', Array, false)
#4 C:\xampp\htdocs\tokoklontong\vendor\codeigniter4\framework\system\Model.php(330): CodeIgniter\Database\BaseBuilder->insert()
#5 C:\xampp\htdocs\tokoklontong\vendor\codeigniter4\framework\system\BaseModel.php(782): CodeIgniter\Model->doInsert(Array)
#6 C:\xampp\htdocs\tokoklontong\vendor\codeigniter4\framework\system\Model.php(730): CodeIgniter\BaseModel->insert(Array, true)
#7 C:\xampp\htdocs\tokoklontong\app\Controllers\StockIn.php(136): CodeIgniter\Model->insert(Array)
#8 C:\xampp\htdocs\tokoklontong\vendor\codeigniter4\framework\system\CodeIgniter.php(934): App\Controllers\StockIn->save()
#9 C:\xampp\htdocs\tokoklontong\vendor\codeigniter4\framework\system\CodeIgniter.php(499): CodeIgniter\CodeIgniter->runController(Object(App\Controllers\StockIn))
#10 C:\xampp\htdocs\tokoklontong\vendor\codeigniter4\framework\system\CodeIgniter.php(368): CodeIgniter\CodeIgniter->handleRequest(NULL, Object(Config\Cache), false)
#11 C:\xampp\htdocs\tokoklontong\public\index.php(67): CodeIgniter\CodeIgniter->run()
#12 {main}
CRITICAL - 2023-10-05 14:24:09 --> Table 'rev_web_skripsi.barang_stoock' doesn't exist
in SYSTEMPATH\Database\MySQLi\Connection.php on line 295.
 1 SYSTEMPATH\Database\MySQLi\Connection.php(295): mysqli->query('INSERT INTO `stock_in` (`stock_in_date`, `stock_in_barang_id`, `stock_in_barang_barcode`, `stock_in_supp`, `stock_in_qty`, `stock_in_catatan`, `stock_in_nama_barang`, `stock_in_harga_masuk`, `created_at`, `updated_at`) VALUES (\'2023-10-05\', \'12\', \'VVEZ\', \'-\', \'2\', \'\', \'Mie\', \'0\', \'2023-10-05 14:24:09\', \'2023-10-05 14:24:09\')', 0)
 2 SYSTEMPATH\Database\BaseConnection.php(691): CodeIgniter\Database\MySQLi\Connection->execute('INSERT INTO `stock_in` (`stock_in_date`, `stock_in_barang_id`, `stock_in_barang_barcode`, `stock_in_supp`, `stock_in_qty`, `stock_in_catatan`, `stock_in_nama_barang`, `stock_in_harga_masuk`, `created_at`, `updated_at`) VALUES (\'2023-10-05\', \'12\', \'VVEZ\', \'-\', \'2\', \'\', \'Mie\', \'0\', \'2023-10-05 14:24:09\', \'2023-10-05 14:24:09\')')
 3 SYSTEMPATH\Database\BaseConnection.php(605): CodeIgniter\Database\BaseConnection->simpleQuery('INSERT INTO `stock_in` (`stock_in_date`, `stock_in_barang_id`, `stock_in_barang_barcode`, `stock_in_supp`, `stock_in_qty`, `stock_in_catatan`, `stock_in_nama_barang`, `stock_in_harga_masuk`, `created_at`, `updated_at`) VALUES (\'2023-10-05\', \'12\', \'VVEZ\', \'-\', \'2\', \'\', \'Mie\', \'0\', \'2023-10-05 14:24:09\', \'2023-10-05 14:24:09\')')
 4 SYSTEMPATH\Database\BaseBuilder.php(2309): CodeIgniter\Database\BaseConnection->query('INSERT INTO `stock_in` (`stock_in_date`, `stock_in_barang_id`, `stock_in_barang_barcode`, `stock_in_supp`, `stock_in_qty`, `stock_in_catatan`, `stock_in_nama_barang`, `stock_in_harga_masuk`, `created_at`, `updated_at`) VALUES (:stock_in_date:, :stock_in_barang_id:, :stock_in_barang_barcode:, :stock_in_supp:, :stock_in_qty:, :stock_in_catatan:, :stock_in_nama_barang:, :stock_in_harga_masuk:, :created_at:, :updated_at:)', [...], false)
 5 SYSTEMPATH\Model.php(330): CodeIgniter\Database\BaseBuilder->insert()
 6 SYSTEMPATH\BaseModel.php(782): CodeIgniter\Model->doInsert([...])
 7 SYSTEMPATH\Model.php(730): CodeIgniter\BaseModel->insert([...], true)
 8 APPPATH\Controllers\StockIn.php(136): CodeIgniter\Model->insert([...])
 9 SYSTEMPATH\CodeIgniter.php(934): App\Controllers\StockIn->save()
10 SYSTEMPATH\CodeIgniter.php(499): CodeIgniter\CodeIgniter->runController(Object(App\Controllers\StockIn))
11 SYSTEMPATH\CodeIgniter.php(368): CodeIgniter\CodeIgniter->handleRequest(null, Object(Config\Cache), false)
12 FCPATH\index.php(67): CodeIgniter\CodeIgniter->run()
ERROR - 2023-10-05 14:24:30 --> mysqli_sql_exception: Table 'rev_web_skripsi.barang_stoock' doesn't exist in C:\xampp\htdocs\tokoklontong\vendor\codeigniter4\framework\system\Database\MySQLi\Connection.php:295
Stack trace:
#0 C:\xampp\htdocs\tokoklontong\vendor\codeigniter4\framework\system\Database\MySQLi\Connection.php(295): mysqli->query('INSERT INTO `st...', 0)
#1 C:\xampp\htdocs\tokoklontong\vendor\codeigniter4\framework\system\Database\BaseConnection.php(691): CodeIgniter\Database\MySQLi\Connection->execute('INSERT INTO `st...')
#2 C:\xampp\htdocs\tokoklontong\vendor\codeigniter4\framework\system\Database\BaseConnection.php(605): CodeIgniter\Database\BaseConnection->simpleQuery('INSERT INTO `st...')
#3 C:\xampp\htdocs\tokoklontong\vendor\codeigniter4\framework\system\Database\BaseBuilder.php(2309): CodeIgniter\Database\BaseConnection->query('INSERT INTO `st...', Array, false)
#4 C:\xampp\htdocs\tokoklontong\vendor\codeigniter4\framework\system\Model.php(330): CodeIgniter\Database\BaseBuilder->insert()
#5 C:\xampp\htdocs\tokoklontong\vendor\codeigniter4\framework\system\BaseModel.php(782): CodeIgniter\Model->doInsert(Array)
#6 C:\xampp\htdocs\tokoklontong\vendor\codeigniter4\framework\system\Model.php(730): CodeIgniter\BaseModel->insert(Array, true)
#7 C:\xampp\htdocs\tokoklontong\app\Controllers\StockIn.php(136): CodeIgniter\Model->insert(Array)
#8 C:\xampp\htdocs\tokoklontong\vendor\codeigniter4\framework\system\CodeIgniter.php(934): App\Controllers\StockIn->save()
#9 C:\xampp\htdocs\tokoklontong\vendor\codeigniter4\framework\system\CodeIgniter.php(499): CodeIgniter\CodeIgniter->runController(Object(App\Controllers\StockIn))
#10 C:\xampp\htdocs\tokoklontong\vendor\codeigniter4\framework\system\CodeIgniter.php(368): CodeIgniter\CodeIgniter->handleRequest(NULL, Object(Config\Cache), false)
#11 C:\xampp\htdocs\tokoklontong\public\index.php(67): CodeIgniter\CodeIgniter->run()
#12 {main}
CRITICAL - 2023-10-05 14:24:30 --> Table 'rev_web_skripsi.barang_stoock' doesn't exist
in SYSTEMPATH\Database\MySQLi\Connection.php on line 295.
 1 SYSTEMPATH\Database\MySQLi\Connection.php(295): mysqli->query('INSERT INTO `stock_in` (`stock_in_date`, `stock_in_barang_id`, `stock_in_barang_barcode`, `stock_in_supp`, `stock_in_qty`, `stock_in_catatan`, `stock_in_nama_barang`, `stock_in_harga_masuk`, `created_at`, `updated_at`) VALUES (\'2023-10-05\', \'12\', \'VVEZ\', \'Margono S.\', \'2\', \'\', \'Mie\', \'0\', \'2023-10-05 14:24:30\', \'2023-10-05 14:24:30\')', 0)
 2 SYSTEMPATH\Database\BaseConnection.php(691): CodeIgniter\Database\MySQLi\Connection->execute('INSERT INTO `stock_in` (`stock_in_date`, `stock_in_barang_id`, `stock_in_barang_barcode`, `stock_in_supp`, `stock_in_qty`, `stock_in_catatan`, `stock_in_nama_barang`, `stock_in_harga_masuk`, `created_at`, `updated_at`) VALUES (\'2023-10-05\', \'12\', \'VVEZ\', \'Margono S.\', \'2\', \'\', \'Mie\', \'0\', \'2023-10-05 14:24:30\', \'2023-10-05 14:24:30\')')
 3 SYSTEMPATH\Database\BaseConnection.php(605): CodeIgniter\Database\BaseConnection->simpleQuery('INSERT INTO `stock_in` (`stock_in_date`, `stock_in_barang_id`, `stock_in_barang_barcode`, `stock_in_supp`, `stock_in_qty`, `stock_in_catatan`, `stock_in_nama_barang`, `stock_in_harga_masuk`, `created_at`, `updated_at`) VALUES (\'2023-10-05\', \'12\', \'VVEZ\', \'Margono S.\', \'2\', \'\', \'Mie\', \'0\', \'2023-10-05 14:24:30\', \'2023-10-05 14:24:30\')')
 4 SYSTEMPATH\Database\BaseBuilder.php(2309): CodeIgniter\Database\BaseConnection->query('INSERT INTO `stock_in` (`stock_in_date`, `stock_in_barang_id`, `stock_in_barang_barcode`, `stock_in_supp`, `stock_in_qty`, `stock_in_catatan`, `stock_in_nama_barang`, `stock_in_harga_masuk`, `created_at`, `updated_at`) VALUES (:stock_in_date:, :stock_in_barang_id:, :stock_in_barang_barcode:, :stock_in_supp:, :stock_in_qty:, :stock_in_catatan:, :stock_in_nama_barang:, :stock_in_harga_masuk:, :created_at:, :updated_at:)', [...], false)
 5 SYSTEMPATH\Model.php(330): CodeIgniter\Database\BaseBuilder->insert()
 6 SYSTEMPATH\BaseModel.php(782): CodeIgniter\Model->doInsert([...])
 7 SYSTEMPATH\Model.php(730): CodeIgniter\BaseModel->insert([...], true)
 8 APPPATH\Controllers\StockIn.php(136): CodeIgniter\Model->insert([...])
 9 SYSTEMPATH\CodeIgniter.php(934): App\Controllers\StockIn->save()
10 SYSTEMPATH\CodeIgniter.php(499): CodeIgniter\CodeIgniter->runController(Object(App\Controllers\StockIn))
11 SYSTEMPATH\CodeIgniter.php(368): CodeIgniter\CodeIgniter->handleRequest(null, Object(Config\Cache), false)
12 FCPATH\index.php(67): CodeIgniter\CodeIgniter->run()
ERROR - 2023-10-05 14:24:31 --> mysqli_sql_exception: Table 'rev_web_skripsi.barang_stoock' doesn't exist in C:\xampp\htdocs\tokoklontong\vendor\codeigniter4\framework\system\Database\MySQLi\Connection.php:295
Stack trace:
#0 C:\xampp\htdocs\tokoklontong\vendor\codeigniter4\framework\system\Database\MySQLi\Connection.php(295): mysqli->query('INSERT INTO `st...', 0)
#1 C:\xampp\htdocs\tokoklontong\vendor\codeigniter4\framework\system\Database\BaseConnection.php(691): CodeIgniter\Database\MySQLi\Connection->execute('INSERT INTO `st...')
#2 C:\xampp\htdocs\tokoklontong\vendor\codeigniter4\framework\system\Database\BaseConnection.php(605): CodeIgniter\Database\BaseConnection->simpleQuery('INSERT INTO `st...')
#3 C:\xampp\htdocs\tokoklontong\vendor\codeigniter4\framework\system\Database\BaseBuilder.php(2309): CodeIgniter\Database\BaseConnection->query('INSERT INTO `st...', Array, false)
#4 C:\xampp\htdocs\tokoklontong\vendor\codeigniter4\framework\system\Model.php(330): CodeIgniter\Database\BaseBuilder->insert()
#5 C:\xampp\htdocs\tokoklontong\vendor\codeigniter4\framework\system\BaseModel.php(782): CodeIgniter\Model->doInsert(Array)
#6 C:\xampp\htdocs\tokoklontong\vendor\codeigniter4\framework\system\Model.php(730): CodeIgniter\BaseModel->insert(Array, true)
#7 C:\xampp\htdocs\tokoklontong\app\Controllers\StockIn.php(136): CodeIgniter\Model->insert(Array)
#8 C:\xampp\htdocs\tokoklontong\vendor\codeigniter4\framework\system\CodeIgniter.php(934): App\Controllers\StockIn->save()
#9 C:\xampp\htdocs\tokoklontong\vendor\codeigniter4\framework\system\CodeIgniter.php(499): CodeIgniter\CodeIgniter->runController(Object(App\Controllers\StockIn))
#10 C:\xampp\htdocs\tokoklontong\vendor\codeigniter4\framework\system\CodeIgniter.php(368): CodeIgniter\CodeIgniter->handleRequest(NULL, Object(Config\Cache), false)
#11 C:\xampp\htdocs\tokoklontong\public\index.php(67): CodeIgniter\CodeIgniter->run()
#12 {main}
CRITICAL - 2023-10-05 14:24:31 --> Table 'rev_web_skripsi.barang_stoock' doesn't exist
in SYSTEMPATH\Database\MySQLi\Connection.php on line 295.
 1 SYSTEMPATH\Database\MySQLi\Connection.php(295): mysqli->query('INSERT INTO `stock_in` (`stock_in_date`, `stock_in_barang_id`, `stock_in_barang_barcode`, `stock_in_supp`, `stock_in_qty`, `stock_in_catatan`, `stock_in_nama_barang`, `stock_in_harga_masuk`, `created_at`, `updated_at`) VALUES (\'2023-10-05\', \'12\', \'VVEZ\', \'Margono S.\', \'2\', \'\', \'Mie\', \'0\', \'2023-10-05 14:24:30\', \'2023-10-05 14:24:30\')', 0)
 2 SYSTEMPATH\Database\BaseConnection.php(691): CodeIgniter\Database\MySQLi\Connection->execute('INSERT INTO `stock_in` (`stock_in_date`, `stock_in_barang_id`, `stock_in_barang_barcode`, `stock_in_supp`, `stock_in_qty`, `stock_in_catatan`, `stock_in_nama_barang`, `stock_in_harga_masuk`, `created_at`, `updated_at`) VALUES (\'2023-10-05\', \'12\', \'VVEZ\', \'Margono S.\', \'2\', \'\', \'Mie\', \'0\', \'2023-10-05 14:24:30\', \'2023-10-05 14:24:30\')')
 3 SYSTEMPATH\Database\BaseConnection.php(605): CodeIgniter\Database\BaseConnection->simpleQuery('INSERT INTO `stock_in` (`stock_in_date`, `stock_in_barang_id`, `stock_in_barang_barcode`, `stock_in_supp`, `stock_in_qty`, `stock_in_catatan`, `stock_in_nama_barang`, `stock_in_harga_masuk`, `created_at`, `updated_at`) VALUES (\'2023-10-05\', \'12\', \'VVEZ\', \'Margono S.\', \'2\', \'\', \'Mie\', \'0\', \'2023-10-05 14:24:30\', \'2023-10-05 14:24:30\')')
 4 SYSTEMPATH\Database\BaseBuilder.php(2309): CodeIgniter\Database\BaseConnection->query('INSERT INTO `stock_in` (`stock_in_date`, `stock_in_barang_id`, `stock_in_barang_barcode`, `stock_in_supp`, `stock_in_qty`, `stock_in_catatan`, `stock_in_nama_barang`, `stock_in_harga_masuk`, `created_at`, `updated_at`) VALUES (:stock_in_date:, :stock_in_barang_id:, :stock_in_barang_barcode:, :stock_in_supp:, :stock_in_qty:, :stock_in_catatan:, :stock_in_nama_barang:, :stock_in_harga_masuk:, :created_at:, :updated_at:)', [...], false)
 5 SYSTEMPATH\Model.php(330): CodeIgniter\Database\BaseBuilder->insert()
 6 SYSTEMPATH\BaseModel.php(782): CodeIgniter\Model->doInsert([...])
 7 SYSTEMPATH\Model.php(730): CodeIgniter\BaseModel->insert([...], true)
 8 APPPATH\Controllers\StockIn.php(136): CodeIgniter\Model->insert([...])
 9 SYSTEMPATH\CodeIgniter.php(934): App\Controllers\StockIn->save()
10 SYSTEMPATH\CodeIgniter.php(499): CodeIgniter\CodeIgniter->runController(Object(App\Controllers\StockIn))
11 SYSTEMPATH\CodeIgniter.php(368): CodeIgniter\CodeIgniter->handleRequest(null, Object(Config\Cache), false)
12 FCPATH\index.php(67): CodeIgniter\CodeIgniter->run()
ERROR - 2023-10-05 14:26:21 --> mysqli_sql_exception: Table 'rev_web_skripsi.barang_stoock' doesn't exist in C:\xampp\htdocs\tokoklontong\vendor\codeigniter4\framework\system\Database\MySQLi\Connection.php:295
Stack trace:
#0 C:\xampp\htdocs\tokoklontong\vendor\codeigniter4\framework\system\Database\MySQLi\Connection.php(295): mysqli->query('INSERT INTO `st...', 0)
#1 C:\xampp\htdocs\tokoklontong\vendor\codeigniter4\framework\system\Database\BaseConnection.php(691): CodeIgniter\Database\MySQLi\Connection->execute('INSERT INTO `st...')
#2 C:\xampp\htdocs\tokoklontong\vendor\codeigniter4\framework\system\Database\BaseConnection.php(605): CodeIgniter\Database\BaseConnection->simpleQuery('INSERT INTO `st...')
#3 C:\xampp\htdocs\tokoklontong\vendor\codeigniter4\framework\system\Database\BaseBuilder.php(2309): CodeIgniter\Database\BaseConnection->query('INSERT INTO `st...', Array, false)
#4 C:\xampp\htdocs\tokoklontong\vendor\codeigniter4\framework\system\Model.php(330): CodeIgniter\Database\BaseBuilder->insert()
#5 C:\xampp\htdocs\tokoklontong\vendor\codeigniter4\framework\system\BaseModel.php(782): CodeIgniter\Model->doInsert(Array)
#6 C:\xampp\htdocs\tokoklontong\vendor\codeigniter4\framework\system\Model.php(730): CodeIgniter\BaseModel->insert(Array, true)
#7 C:\xampp\htdocs\tokoklontong\app\Controllers\StockIn.php(136): CodeIgniter\Model->insert(Array)
#8 C:\xampp\htdocs\tokoklontong\vendor\codeigniter4\framework\system\CodeIgniter.php(934): App\Controllers\StockIn->save()
#9 C:\xampp\htdocs\tokoklontong\vendor\codeigniter4\framework\system\CodeIgniter.php(499): CodeIgniter\CodeIgniter->runController(Object(App\Controllers\StockIn))
#10 C:\xampp\htdocs\tokoklontong\vendor\codeigniter4\framework\system\CodeIgniter.php(368): CodeIgniter\CodeIgniter->handleRequest(NULL, Object(Config\Cache), false)
#11 C:\xampp\htdocs\tokoklontong\public\index.php(67): CodeIgniter\CodeIgniter->run()
#12 {main}
CRITICAL - 2023-10-05 14:26:21 --> Table 'rev_web_skripsi.barang_stoock' doesn't exist
in SYSTEMPATH\Database\MySQLi\Connection.php on line 295.
 1 SYSTEMPATH\Database\MySQLi\Connection.php(295): mysqli->query('INSERT INTO `stock_in` (`stock_in_date`, `stock_in_barang_id`, `stock_in_barang_barcode`, `stock_in_supp`, `stock_in_qty`, `stock_in_catatan`, `stock_in_nama_barang`, `stock_in_harga_masuk`, `created_at`, `updated_at`) VALUES (\'2023-10-05\', \'12\', \'VVEZ\', \'-\', \'12\', \'\', \'Mie\', \'0\', \'2023-10-05 14:26:21\', \'2023-10-05 14:26:21\')', 0)
 2 SYSTEMPATH\Database\BaseConnection.php(691): CodeIgniter\Database\MySQLi\Connection->execute('INSERT INTO `stock_in` (`stock_in_date`, `stock_in_barang_id`, `stock_in_barang_barcode`, `stock_in_supp`, `stock_in_qty`, `stock_in_catatan`, `stock_in_nama_barang`, `stock_in_harga_masuk`, `created_at`, `updated_at`) VALUES (\'2023-10-05\', \'12\', \'VVEZ\', \'-\', \'12\', \'\', \'Mie\', \'0\', \'2023-10-05 14:26:21\', \'2023-10-05 14:26:21\')')
 3 SYSTEMPATH\Database\BaseConnection.php(605): CodeIgniter\Database\BaseConnection->simpleQuery('INSERT INTO `stock_in` (`stock_in_date`, `stock_in_barang_id`, `stock_in_barang_barcode`, `stock_in_supp`, `stock_in_qty`, `stock_in_catatan`, `stock_in_nama_barang`, `stock_in_harga_masuk`, `created_at`, `updated_at`) VALUES (\'2023-10-05\', \'12\', \'VVEZ\', \'-\', \'12\', \'\', \'Mie\', \'0\', \'2023-10-05 14:26:21\', \'2023-10-05 14:26:21\')')
 4 SYSTEMPATH\Database\BaseBuilder.php(2309): CodeIgniter\Database\BaseConnection->query('INSERT INTO `stock_in` (`stock_in_date`, `stock_in_barang_id`, `stock_in_barang_barcode`, `stock_in_supp`, `stock_in_qty`, `stock_in_catatan`, `stock_in_nama_barang`, `stock_in_harga_masuk`, `created_at`, `updated_at`) VALUES (:stock_in_date:, :stock_in_barang_id:, :stock_in_barang_barcode:, :stock_in_supp:, :stock_in_qty:, :stock_in_catatan:, :stock_in_nama_barang:, :stock_in_harga_masuk:, :created_at:, :updated_at:)', [...], false)
 5 SYSTEMPATH\Model.php(330): CodeIgniter\Database\BaseBuilder->insert()
 6 SYSTEMPATH\BaseModel.php(782): CodeIgniter\Model->doInsert([...])
 7 SYSTEMPATH\Model.php(730): CodeIgniter\BaseModel->insert([...], true)
 8 APPPATH\Controllers\StockIn.php(136): CodeIgniter\Model->insert([...])
 9 SYSTEMPATH\CodeIgniter.php(934): App\Controllers\StockIn->save()
10 SYSTEMPATH\CodeIgniter.php(499): CodeIgniter\CodeIgniter->runController(Object(App\Controllers\StockIn))
11 SYSTEMPATH\CodeIgniter.php(368): CodeIgniter\CodeIgniter->handleRequest(null, Object(Config\Cache), false)
12 FCPATH\index.php(67): CodeIgniter\CodeIgniter->run()
ERROR - 2023-10-05 14:26:25 --> mysqli_sql_exception: Table 'rev_web_skripsi.barang_stoock' doesn't exist in C:\xampp\htdocs\tokoklontong\vendor\codeigniter4\framework\system\Database\MySQLi\Connection.php:295
Stack trace:
#0 C:\xampp\htdocs\tokoklontong\vendor\codeigniter4\framework\system\Database\MySQLi\Connection.php(295): mysqli->query('INSERT INTO `st...', 0)
#1 C:\xampp\htdocs\tokoklontong\vendor\codeigniter4\framework\system\Database\BaseConnection.php(691): CodeIgniter\Database\MySQLi\Connection->execute('INSERT INTO `st...')
#2 C:\xampp\htdocs\tokoklontong\vendor\codeigniter4\framework\system\Database\BaseConnection.php(605): CodeIgniter\Database\BaseConnection->simpleQuery('INSERT INTO `st...')
#3 C:\xampp\htdocs\tokoklontong\vendor\codeigniter4\framework\system\Database\BaseBuilder.php(2309): CodeIgniter\Database\BaseConnection->query('INSERT INTO `st...', Array, false)
#4 C:\xampp\htdocs\tokoklontong\vendor\codeigniter4\framework\system\Model.php(330): CodeIgniter\Database\BaseBuilder->insert()
#5 C:\xampp\htdocs\tokoklontong\vendor\codeigniter4\framework\system\BaseModel.php(782): CodeIgniter\Model->doInsert(Array)
#6 C:\xampp\htdocs\tokoklontong\vendor\codeigniter4\framework\system\Model.php(730): CodeIgniter\BaseModel->insert(Array, true)
#7 C:\xampp\htdocs\tokoklontong\app\Controllers\StockIn.php(136): CodeIgniter\Model->insert(Array)
#8 C:\xampp\htdocs\tokoklontong\vendor\codeigniter4\framework\system\CodeIgniter.php(934): App\Controllers\StockIn->save()
#9 C:\xampp\htdocs\tokoklontong\vendor\codeigniter4\framework\system\CodeIgniter.php(499): CodeIgniter\CodeIgniter->runController(Object(App\Controllers\StockIn))
#10 C:\xampp\htdocs\tokoklontong\vendor\codeigniter4\framework\system\CodeIgniter.php(368): CodeIgniter\CodeIgniter->handleRequest(NULL, Object(Config\Cache), false)
#11 C:\xampp\htdocs\tokoklontong\public\index.php(67): CodeIgniter\CodeIgniter->run()
#12 {main}
CRITICAL - 2023-10-05 14:26:25 --> Table 'rev_web_skripsi.barang_stoock' doesn't exist
in SYSTEMPATH\Database\MySQLi\Connection.php on line 295.
 1 SYSTEMPATH\Database\MySQLi\Connection.php(295): mysqli->query('INSERT INTO `stock_in` (`stock_in_date`, `stock_in_barang_id`, `stock_in_barang_barcode`, `stock_in_supp`, `stock_in_qty`, `stock_in_catatan`, `stock_in_nama_barang`, `stock_in_harga_masuk`, `created_at`, `updated_at`) VALUES (\'2023-10-05\', \'12\', \'VVEZ\', \'Margono S.\', \'12\', \'\', \'Mie\', \'0\', \'2023-10-05 14:26:25\', \'2023-10-05 14:26:25\')', 0)
 2 SYSTEMPATH\Database\BaseConnection.php(691): CodeIgniter\Database\MySQLi\Connection->execute('INSERT INTO `stock_in` (`stock_in_date`, `stock_in_barang_id`, `stock_in_barang_barcode`, `stock_in_supp`, `stock_in_qty`, `stock_in_catatan`, `stock_in_nama_barang`, `stock_in_harga_masuk`, `created_at`, `updated_at`) VALUES (\'2023-10-05\', \'12\', \'VVEZ\', \'Margono S.\', \'12\', \'\', \'Mie\', \'0\', \'2023-10-05 14:26:25\', \'2023-10-05 14:26:25\')')
 3 SYSTEMPATH\Database\BaseConnection.php(605): CodeIgniter\Database\BaseConnection->simpleQuery('INSERT INTO `stock_in` (`stock_in_date`, `stock_in_barang_id`, `stock_in_barang_barcode`, `stock_in_supp`, `stock_in_qty`, `stock_in_catatan`, `stock_in_nama_barang`, `stock_in_harga_masuk`, `created_at`, `updated_at`) VALUES (\'2023-10-05\', \'12\', \'VVEZ\', \'Margono S.\', \'12\', \'\', \'Mie\', \'0\', \'2023-10-05 14:26:25\', \'2023-10-05 14:26:25\')')
 4 SYSTEMPATH\Database\BaseBuilder.php(2309): CodeIgniter\Database\BaseConnection->query('INSERT INTO `stock_in` (`stock_in_date`, `stock_in_barang_id`, `stock_in_barang_barcode`, `stock_in_supp`, `stock_in_qty`, `stock_in_catatan`, `stock_in_nama_barang`, `stock_in_harga_masuk`, `created_at`, `updated_at`) VALUES (:stock_in_date:, :stock_in_barang_id:, :stock_in_barang_barcode:, :stock_in_supp:, :stock_in_qty:, :stock_in_catatan:, :stock_in_nama_barang:, :stock_in_harga_masuk:, :created_at:, :updated_at:)', [...], false)
 5 SYSTEMPATH\Model.php(330): CodeIgniter\Database\BaseBuilder->insert()
 6 SYSTEMPATH\BaseModel.php(782): CodeIgniter\Model->doInsert([...])
 7 SYSTEMPATH\Model.php(730): CodeIgniter\BaseModel->insert([...], true)
 8 APPPATH\Controllers\StockIn.php(136): CodeIgniter\Model->insert([...])
 9 SYSTEMPATH\CodeIgniter.php(934): App\Controllers\StockIn->save()
10 SYSTEMPATH\CodeIgniter.php(499): CodeIgniter\CodeIgniter->runController(Object(App\Controllers\StockIn))
11 SYSTEMPATH\CodeIgniter.php(368): CodeIgniter\CodeIgniter->handleRequest(null, Object(Config\Cache), false)
12 FCPATH\index.php(67): CodeIgniter\CodeIgniter->run()
CRITICAL - 2023-10-05 14:43:47 --> Return value of CodeIgniter\BaseModel::transformDataToArray() must be of the type array, int returned
in SYSTEMPATH\BaseModel.php on line 1706.
 1 SYSTEMPATH\BaseModel.php(910): CodeIgniter\BaseModel->transformDataToArray(77, 'update')
 2 SYSTEMPATH\Model.php(756): CodeIgniter\BaseModel->update([...], 77)
 3 APPPATH\Controllers\StockIn.php(139): CodeIgniter\Model->update('bstock_ready_stock', 77)
 4 SYSTEMPATH\CodeIgniter.php(934): App\Controllers\StockIn->save()
 5 SYSTEMPATH\CodeIgniter.php(499): CodeIgniter\CodeIgniter->runController(Object(App\Controllers\StockIn))
 6 SYSTEMPATH\CodeIgniter.php(368): CodeIgniter\CodeIgniter->handleRequest(null, Object(Config\Cache), false)
 7 FCPATH\index.php(67): CodeIgniter\CodeIgniter->run()
CRITICAL - 2023-10-05 14:43:51 --> Return value of CodeIgniter\BaseModel::transformDataToArray() must be of the type array, int returned
in SYSTEMPATH\BaseModel.php on line 1706.
 1 SYSTEMPATH\BaseModel.php(910): CodeIgniter\BaseModel->transformDataToArray(77, 'update')
 2 SYSTEMPATH\Model.php(756): CodeIgniter\BaseModel->update([...], 77)
 3 APPPATH\Controllers\StockIn.php(139): CodeIgniter\Model->update('bstock_ready_stock', 77)
 4 SYSTEMPATH\CodeIgniter.php(934): App\Controllers\StockIn->save()
 5 SYSTEMPATH\CodeIgniter.php(499): CodeIgniter\CodeIgniter->runController(Object(App\Controllers\StockIn))
 6 SYSTEMPATH\CodeIgniter.php(368): CodeIgniter\CodeIgniter->handleRequest(null, Object(Config\Cache), false)
 7 FCPATH\index.php(67): CodeIgniter\CodeIgniter->run()
CRITICAL - 2023-10-05 14:44:34 --> Return value of CodeIgniter\BaseModel::transformDataToArray() must be of the type array, int returned
in SYSTEMPATH\BaseModel.php on line 1706.
 1 SYSTEMPATH\BaseModel.php(910): CodeIgniter\BaseModel->transformDataToArray(77, 'update')
 2 SYSTEMPATH\Model.php(756): CodeIgniter\BaseModel->update([...], 77)
 3 APPPATH\Controllers\StockIn.php(139): CodeIgniter\Model->update('bstock_ready_stock', 77)
 4 SYSTEMPATH\CodeIgniter.php(934): App\Controllers\StockIn->save()
 5 SYSTEMPATH\CodeIgniter.php(499): CodeIgniter\CodeIgniter->runController(Object(App\Controllers\StockIn))
 6 SYSTEMPATH\CodeIgniter.php(368): CodeIgniter\CodeIgniter->handleRequest(null, Object(Config\Cache), false)
 7 FCPATH\index.php(67): CodeIgniter\CodeIgniter->run()
CRITICAL - 2023-10-05 14:46:26 --> Return value of CodeIgniter\BaseModel::transformDataToArray() must be of the type array, int returned
in SYSTEMPATH\BaseModel.php on line 1706.
 1 SYSTEMPATH\BaseModel.php(910): CodeIgniter\BaseModel->transformDataToArray(77, 'update')
 2 SYSTEMPATH\Model.php(756): CodeIgniter\BaseModel->update([...], 77)
 3 APPPATH\Controllers\StockIn.php(139): CodeIgniter\Model->update('12', 77)
 4 SYSTEMPATH\CodeIgniter.php(934): App\Controllers\StockIn->save()
 5 SYSTEMPATH\CodeIgniter.php(499): CodeIgniter\CodeIgniter->runController(Object(App\Controllers\StockIn))
 6 SYSTEMPATH\CodeIgniter.php(368): CodeIgniter\CodeIgniter->handleRequest(null, Object(Config\Cache), false)
 7 FCPATH\index.php(67): CodeIgniter\CodeIgniter->run()
CRITICAL - 2023-10-05 14:47:19 --> Return value of CodeIgniter\BaseModel::transformDataToArray() must be of the type array, int returned
in SYSTEMPATH\BaseModel.php on line 1706.
 1 SYSTEMPATH\BaseModel.php(910): CodeIgniter\BaseModel->transformDataToArray(77, 'update')
 2 SYSTEMPATH\Model.php(756): CodeIgniter\BaseModel->update([...], 77)
 3 APPPATH\Controllers\StockIn.php(139): CodeIgniter\Model->update('12', 77)
 4 SYSTEMPATH\CodeIgniter.php(934): App\Controllers\StockIn->save()
 5 SYSTEMPATH\CodeIgniter.php(499): CodeIgniter\CodeIgniter->runController(Object(App\Controllers\StockIn))
 6 SYSTEMPATH\CodeIgniter.php(368): CodeIgniter\CodeIgniter->handleRequest(null, Object(Config\Cache), false)
 7 FCPATH\index.php(67): CodeIgniter\CodeIgniter->run()
CRITICAL - 2023-10-05 14:47:44 --> Return value of CodeIgniter\BaseModel::transformDataToArray() must be of the type array, int returned
in SYSTEMPATH\BaseModel.php on line 1706.
 1 SYSTEMPATH\BaseModel.php(910): CodeIgniter\BaseModel->transformDataToArray(77, 'update')
 2 SYSTEMPATH\Model.php(756): CodeIgniter\BaseModel->update([...], 77)
 3 APPPATH\Controllers\StockIn.php(139): CodeIgniter\Model->update('12', 77)
 4 SYSTEMPATH\CodeIgniter.php(934): App\Controllers\StockIn->save()
 5 SYSTEMPATH\CodeIgniter.php(499): CodeIgniter\CodeIgniter->runController(Object(App\Controllers\StockIn))
 6 SYSTEMPATH\CodeIgniter.php(368): CodeIgniter\CodeIgniter->handleRequest(null, Object(Config\Cache), false)
 7 FCPATH\index.php(67): CodeIgniter\CodeIgniter->run()
CRITICAL - 2023-10-05 15:41:23 --> Object of class CodeIgniter\Database\MySQLi\Result could not be converted to number
in APPPATH\Controllers\StockIn.php on line 140.
 1 APPPATH\Controllers\StockIn.php(140): CodeIgniter\Debug\Exceptions->errorHandler(8, 'Object of class CodeIgniter\\Database\\MySQLi\\Result could not be converted to number', 'C:\\xampp\\htdocs\\tokoklontong\\app\\Controllers\\StockIn.php', 140, [...])
 2 SYSTEMPATH\CodeIgniter.php(934): App\Controllers\StockIn->save()
 3 SYSTEMPATH\CodeIgniter.php(499): CodeIgniter\CodeIgniter->runController(Object(App\Controllers\StockIn))
 4 SYSTEMPATH\CodeIgniter.php(368): CodeIgniter\CodeIgniter->handleRequest(null, Object(Config\Cache), false)
 5 FCPATH\index.php(67): CodeIgniter\CodeIgniter->run()
CRITICAL - 2023-10-05 15:41:27 --> Object of class CodeIgniter\Database\MySQLi\Result could not be converted to number
in APPPATH\Controllers\StockIn.php on line 140.
 1 APPPATH\Controllers\StockIn.php(140): CodeIgniter\Debug\Exceptions->errorHandler(8, 'Object of class CodeIgniter\\Database\\MySQLi\\Result could not be converted to number', 'C:\\xampp\\htdocs\\tokoklontong\\app\\Controllers\\StockIn.php', 140, [...])
 2 SYSTEMPATH\CodeIgniter.php(934): App\Controllers\StockIn->save()
 3 SYSTEMPATH\CodeIgniter.php(499): CodeIgniter\CodeIgniter->runController(Object(App\Controllers\StockIn))
 4 SYSTEMPATH\CodeIgniter.php(368): CodeIgniter\CodeIgniter->handleRequest(null, Object(Config\Cache), false)
 5 FCPATH\index.php(67): CodeIgniter\CodeIgniter->run()
CRITICAL - 2023-10-05 15:43:59 --> Unsupported operand types
in APPPATH\Controllers\StockIn.php on line 140.
 1 SYSTEMPATH\CodeIgniter.php(934): App\Controllers\StockIn->save()
 2 SYSTEMPATH\CodeIgniter.php(499): CodeIgniter\CodeIgniter->runController(Object(App\Controllers\StockIn))
 3 SYSTEMPATH\CodeIgniter.php(368): CodeIgniter\CodeIgniter->handleRequest(null, Object(Config\Cache), false)
 4 FCPATH\index.php(67): CodeIgniter\CodeIgniter->run()
CRITICAL - 2023-10-05 15:45:01 --> Object of class CodeIgniter\Database\MySQLi\Result could not be converted to number
in APPPATH\Controllers\StockIn.php on line 140.
 1 APPPATH\Controllers\StockIn.php(140): CodeIgniter\Debug\Exceptions->errorHandler(8, 'Object of class CodeIgniter\\Database\\MySQLi\\Result could not be converted to number', 'C:\\xampp\\htdocs\\tokoklontong\\app\\Controllers\\StockIn.php', 140, [...])
 2 SYSTEMPATH\CodeIgniter.php(934): App\Controllers\StockIn->save()
 3 SYSTEMPATH\CodeIgniter.php(499): CodeIgniter\CodeIgniter->runController(Object(App\Controllers\StockIn))
 4 SYSTEMPATH\CodeIgniter.php(368): CodeIgniter\CodeIgniter->handleRequest(null, Object(Config\Cache), false)
 5 FCPATH\index.php(67): CodeIgniter\CodeIgniter->run()
CRITICAL - 2023-10-05 15:45:04 --> Object of class CodeIgniter\Database\MySQLi\Result could not be converted to number
in APPPATH\Controllers\StockIn.php on line 140.
 1 APPPATH\Controllers\StockIn.php(140): CodeIgniter\Debug\Exceptions->errorHandler(8, 'Object of class CodeIgniter\\Database\\MySQLi\\Result could not be converted to number', 'C:\\xampp\\htdocs\\tokoklontong\\app\\Controllers\\StockIn.php', 140, [...])
 2 SYSTEMPATH\CodeIgniter.php(934): App\Controllers\StockIn->save()
 3 SYSTEMPATH\CodeIgniter.php(499): CodeIgniter\CodeIgniter->runController(Object(App\Controllers\StockIn))
 4 SYSTEMPATH\CodeIgniter.php(368): CodeIgniter\CodeIgniter->handleRequest(null, Object(Config\Cache), false)
 5 FCPATH\index.php(67): CodeIgniter\CodeIgniter->run()
CRITICAL - 2023-10-05 15:45:44 --> Object of class CodeIgniter\Database\MySQLi\Result could not be converted to number
in APPPATH\Controllers\StockIn.php on line 140.
 1 APPPATH\Controllers\StockIn.php(140): CodeIgniter\Debug\Exceptions->errorHandler(8, 'Object of class CodeIgniter\\Database\\MySQLi\\Result could not be converted to number', 'C:\\xampp\\htdocs\\tokoklontong\\app\\Controllers\\StockIn.php', 140, [...])
 2 SYSTEMPATH\CodeIgniter.php(934): App\Controllers\StockIn->save()
 3 SYSTEMPATH\CodeIgniter.php(499): CodeIgniter\CodeIgniter->runController(Object(App\Controllers\StockIn))
 4 SYSTEMPATH\CodeIgniter.php(368): CodeIgniter\CodeIgniter->handleRequest(null, Object(Config\Cache), false)
 5 FCPATH\index.php(67): CodeIgniter\CodeIgniter->run()
CRITICAL - 2023-10-05 16:00:18 --> Call to undefined method CodeIgniter\Database\MySQLi\Result::row_array()
in APPPATH\Controllers\StockIn.php on line 140.
 1 SYSTEMPATH\CodeIgniter.php(934): App\Controllers\StockIn->save()
 2 SYSTEMPATH\CodeIgniter.php(499): CodeIgniter\CodeIgniter->runController(Object(App\Controllers\StockIn))
 3 SYSTEMPATH\CodeIgniter.php(368): CodeIgniter\CodeIgniter->handleRequest(null, Object(Config\Cache), false)
 4 FCPATH\index.php(67): CodeIgniter\CodeIgniter->run()
CRITICAL - 2023-10-05 16:01:19 --> Cannot use object of type CodeIgniter\Database\MySQLi\Result as array
in APPPATH\Controllers\StockIn.php on line 141.
 1 SYSTEMPATH\CodeIgniter.php(934): App\Controllers\StockIn->save()
 2 SYSTEMPATH\CodeIgniter.php(499): CodeIgniter\CodeIgniter->runController(Object(App\Controllers\StockIn))
 3 SYSTEMPATH\CodeIgniter.php(368): CodeIgniter\CodeIgniter->handleRequest(null, Object(Config\Cache), false)
 4 FCPATH\index.php(67): CodeIgniter\CodeIgniter->run()
ERROR - 2023-10-05 17:11:11 --> mysqli_sql_exception: Unknown column 'stok_id' in 'where clause' in C:\xampp\htdocs\tokoklontong\vendor\codeigniter4\framework\system\Database\MySQLi\Connection.php:295
Stack trace:
#0 C:\xampp\htdocs\tokoklontong\vendor\codeigniter4\framework\system\Database\MySQLi\Connection.php(295): mysqli->query('SELECT `bstock_...', 0)
#1 C:\xampp\htdocs\tokoklontong\vendor\codeigniter4\framework\system\Database\BaseConnection.php(691): CodeIgniter\Database\MySQLi\Connection->execute('SELECT `bstock_...')
#2 C:\xampp\htdocs\tokoklontong\vendor\codeigniter4\framework\system\Database\BaseConnection.php(605): CodeIgniter\Database\BaseConnection->simpleQuery('SELECT `bstock_...')
#3 C:\xampp\htdocs\tokoklontong\vendor\codeigniter4\framework\system\Database\BaseBuilder.php(1616): CodeIgniter\Database\BaseConnection->query('SELECT `bstock_...', Array, false)
#4 C:\xampp\htdocs\tokoklontong\vendor\codeigniter4\framework\system\Model.php(268): CodeIgniter\Database\BaseBuilder->get()
#5 C:\xampp\htdocs\tokoklontong\vendor\codeigniter4\framework\system\BaseModel.php(656): CodeIgniter\Model->doFirst()
#6 C:\xampp\htdocs\tokoklontong\app\Models\StokBarangModel.php(58): CodeIgniter\BaseModel->first()
#7 C:\xampp\htdocs\tokoklontong\app\Controllers\StockIn.php(139): App\Models\StokBarangModel->getOldStockQty('12')
#8 C:\xampp\htdocs\tokoklontong\vendor\codeigniter4\framework\system\CodeIgniter.php(934): App\Controllers\StockIn->save()
#9 C:\xampp\htdocs\tokoklontong\vendor\codeigniter4\framework\system\CodeIgniter.php(499): CodeIgniter\CodeIgniter->runController(Object(App\Controllers\StockIn))
#10 C:\xampp\htdocs\tokoklontong\vendor\codeigniter4\framework\system\CodeIgniter.php(368): CodeIgniter\CodeIgniter->handleRequest(NULL, Object(Config\Cache), false)
#11 C:\xampp\htdocs\tokoklontong\public\index.php(67): CodeIgniter\CodeIgniter->run()
#12 {main}
CRITICAL - 2023-10-05 17:11:11 --> Unknown column 'stok_id' in 'where clause'
in SYSTEMPATH\Database\MySQLi\Connection.php on line 295.
 1 SYSTEMPATH\Database\MySQLi\Connection.php(295): mysqli->query('SELECT `bstock_ready_stock`
FROM `barang_stock`
WHERE `stok_id` = \'12\'
 LIMIT 1', 0)
 2 SYSTEMPATH\Database\BaseConnection.php(691): CodeIgniter\Database\MySQLi\Connection->execute('SELECT `bstock_ready_stock`
FROM `barang_stock`
WHERE `stok_id` = \'12\'
 LIMIT 1')
 3 SYSTEMPATH\Database\BaseConnection.php(605): CodeIgniter\Database\BaseConnection->simpleQuery('SELECT `bstock_ready_stock`
FROM `barang_stock`
WHERE `stok_id` = \'12\'
 LIMIT 1')
 4 SYSTEMPATH\Database\BaseBuilder.php(1616): CodeIgniter\Database\BaseConnection->query('SELECT `bstock_ready_stock`
FROM `barang_stock`
WHERE `stok_id` = :stok_id:
 LIMIT 1', [...], false)
 5 SYSTEMPATH\Model.php(268): CodeIgniter\Database\BaseBuilder->get()
 6 SYSTEMPATH\BaseModel.php(656): CodeIgniter\Model->doFirst()
 7 APPPATH\Models\StokBarangModel.php(58): CodeIgniter\BaseModel->first()
 8 APPPATH\Controllers\StockIn.php(139): App\Models\StokBarangModel->getOldStockQty('12')
 9 SYSTEMPATH\CodeIgniter.php(934): App\Controllers\StockIn->save()
10 SYSTEMPATH\CodeIgniter.php(499): CodeIgniter\CodeIgniter->runController(Object(App\Controllers\StockIn))
11 SYSTEMPATH\CodeIgniter.php(368): CodeIgniter\CodeIgniter->handleRequest(null, Object(Config\Cache), false)
12 FCPATH\index.php(67): CodeIgniter\CodeIgniter->run()
ERROR - 2023-10-05 17:11:45 --> mysqli_sql_exception: Unknown column 'stok_id' in 'where clause' in C:\xampp\htdocs\tokoklontong\vendor\codeigniter4\framework\system\Database\MySQLi\Connection.php:295
Stack trace:
#0 C:\xampp\htdocs\tokoklontong\vendor\codeigniter4\framework\system\Database\MySQLi\Connection.php(295): mysqli->query('SELECT `bstock_...', 0)
#1 C:\xampp\htdocs\tokoklontong\vendor\codeigniter4\framework\system\Database\BaseConnection.php(691): CodeIgniter\Database\MySQLi\Connection->execute('SELECT `bstock_...')
#2 C:\xampp\htdocs\tokoklontong\vendor\codeigniter4\framework\system\Database\BaseConnection.php(605): CodeIgniter\Database\BaseConnection->simpleQuery('SELECT `bstock_...')
#3 C:\xampp\htdocs\tokoklontong\vendor\codeigniter4\framework\system\Database\BaseBuilder.php(1616): CodeIgniter\Database\BaseConnection->query('SELECT `bstock_...', Array, false)
#4 C:\xampp\htdocs\tokoklontong\vendor\codeigniter4\framework\system\Model.php(268): CodeIgniter\Database\BaseBuilder->get()
#5 C:\xampp\htdocs\tokoklontong\vendor\codeigniter4\framework\system\BaseModel.php(656): CodeIgniter\Model->doFirst()
#6 C:\xampp\htdocs\tokoklontong\app\Models\StokBarangModel.php(58): CodeIgniter\BaseModel->first()
#7 C:\xampp\htdocs\tokoklontong\app\Controllers\StockIn.php(139): App\Models\StokBarangModel->getOldStockQty('12')
#8 C:\xampp\htdocs\tokoklontong\vendor\codeigniter4\framework\system\CodeIgniter.php(934): App\Controllers\StockIn->save()
#9 C:\xampp\htdocs\tokoklontong\vendor\codeigniter4\framework\system\CodeIgniter.php(499): CodeIgniter\CodeIgniter->runController(Object(App\Controllers\StockIn))
#10 C:\xampp\htdocs\tokoklontong\vendor\codeigniter4\framework\system\CodeIgniter.php(368): CodeIgniter\CodeIgniter->handleRequest(NULL, Object(Config\Cache), false)
#11 C:\xampp\htdocs\tokoklontong\public\index.php(67): CodeIgniter\CodeIgniter->run()
#12 {main}
CRITICAL - 2023-10-05 17:11:45 --> Unknown column 'stok_id' in 'where clause'
in SYSTEMPATH\Database\MySQLi\Connection.php on line 295.
 1 SYSTEMPATH\Database\MySQLi\Connection.php(295): mysqli->query('SELECT `bstock_ready_stock`
FROM `barang_stock`
WHERE `stok_id` = \'12\'
 LIMIT 1', 0)
 2 SYSTEMPATH\Database\BaseConnection.php(691): CodeIgniter\Database\MySQLi\Connection->execute('SELECT `bstock_ready_stock`
FROM `barang_stock`
WHERE `stok_id` = \'12\'
 LIMIT 1')
 3 SYSTEMPATH\Database\BaseConnection.php(605): CodeIgniter\Database\BaseConnection->simpleQuery('SELECT `bstock_ready_stock`
FROM `barang_stock`
WHERE `stok_id` = \'12\'
 LIMIT 1')
 4 SYSTEMPATH\Database\BaseBuilder.php(1616): CodeIgniter\Database\BaseConnection->query('SELECT `bstock_ready_stock`
FROM `barang_stock`
WHERE `stok_id` = :stok_id:
 LIMIT 1', [...], false)
 5 SYSTEMPATH\Model.php(268): CodeIgniter\Database\BaseBuilder->get()
 6 SYSTEMPATH\BaseModel.php(656): CodeIgniter\Model->doFirst()
 7 APPPATH\Models\StokBarangModel.php(58): CodeIgniter\BaseModel->first()
 8 APPPATH\Controllers\StockIn.php(139): App\Models\StokBarangModel->getOldStockQty('12')
 9 SYSTEMPATH\CodeIgniter.php(934): App\Controllers\StockIn->save()
10 SYSTEMPATH\CodeIgniter.php(499): CodeIgniter\CodeIgniter->runController(Object(App\Controllers\StockIn))
11 SYSTEMPATH\CodeIgniter.php(368): CodeIgniter\CodeIgniter->handleRequest(null, Object(Config\Cache), false)
12 FCPATH\index.php(67): CodeIgniter\CodeIgniter->run()
ERROR - 2023-10-05 17:13:11 --> mysqli_sql_exception: Unknown column 'stok_id' in 'where clause' in C:\xampp\htdocs\tokoklontong\vendor\codeigniter4\framework\system\Database\MySQLi\Connection.php:295
Stack trace:
#0 C:\xampp\htdocs\tokoklontong\vendor\codeigniter4\framework\system\Database\MySQLi\Connection.php(295): mysqli->query('SELECT `bstock_...', 0)
#1 C:\xampp\htdocs\tokoklontong\vendor\codeigniter4\framework\system\Database\BaseConnection.php(691): CodeIgniter\Database\MySQLi\Connection->execute('SELECT `bstock_...')
#2 C:\xampp\htdocs\tokoklontong\vendor\codeigniter4\framework\system\Database\BaseConnection.php(605): CodeIgniter\Database\BaseConnection->simpleQuery('SELECT `bstock_...')
#3 C:\xampp\htdocs\tokoklontong\vendor\codeigniter4\framework\system\Database\BaseBuilder.php(1616): CodeIgniter\Database\BaseConnection->query('SELECT `bstock_...', Array, false)
#4 C:\xampp\htdocs\tokoklontong\vendor\codeigniter4\framework\system\Model.php(268): CodeIgniter\Database\BaseBuilder->get()
#5 C:\xampp\htdocs\tokoklontong\vendor\codeigniter4\framework\system\BaseModel.php(656): CodeIgniter\Model->doFirst()
#6 C:\xampp\htdocs\tokoklontong\app\Models\StokBarangModel.php(58): CodeIgniter\BaseModel->first()
#7 C:\xampp\htdocs\tokoklontong\app\Controllers\StockIn.php(140): App\Models\StokBarangModel->getOldStockQty(12)
#8 C:\xampp\htdocs\tokoklontong\vendor\codeigniter4\framework\system\CodeIgniter.php(934): App\Controllers\StockIn->save()
#9 C:\xampp\htdocs\tokoklontong\vendor\codeigniter4\framework\system\CodeIgniter.php(499): CodeIgniter\CodeIgniter->runController(Object(App\Controllers\StockIn))
#10 C:\xampp\htdocs\tokoklontong\vendor\codeigniter4\framework\system\CodeIgniter.php(368): CodeIgniter\CodeIgniter->handleRequest(NULL, Object(Config\Cache), false)
#11 C:\xampp\htdocs\tokoklontong\public\index.php(67): CodeIgniter\CodeIgniter->run()
#12 {main}
CRITICAL - 2023-10-05 17:13:11 --> Unknown column 'stok_id' in 'where clause'
in SYSTEMPATH\Database\MySQLi\Connection.php on line 295.
 1 SYSTEMPATH\Database\MySQLi\Connection.php(295): mysqli->query('SELECT `bstock_ready_stock`
FROM `barang_stock`
WHERE `stok_id` = 12
 LIMIT 1', 0)
 2 SYSTEMPATH\Database\BaseConnection.php(691): CodeIgniter\Database\MySQLi\Connection->execute('SELECT `bstock_ready_stock`
FROM `barang_stock`
WHERE `stok_id` = 12
 LIMIT 1')
 3 SYSTEMPATH\Database\BaseConnection.php(605): CodeIgniter\Database\BaseConnection->simpleQuery('SELECT `bstock_ready_stock`
FROM `barang_stock`
WHERE `stok_id` = 12
 LIMIT 1')
 4 SYSTEMPATH\Database\BaseBuilder.php(1616): CodeIgniter\Database\BaseConnection->query('SELECT `bstock_ready_stock`
FROM `barang_stock`
WHERE `stok_id` = :stok_id:
 LIMIT 1', [...], false)
 5 SYSTEMPATH\Model.php(268): CodeIgniter\Database\BaseBuilder->get()
 6 SYSTEMPATH\BaseModel.php(656): CodeIgniter\Model->doFirst()
 7 APPPATH\Models\StokBarangModel.php(58): CodeIgniter\BaseModel->first()
 8 APPPATH\Controllers\StockIn.php(140): App\Models\StokBarangModel->getOldStockQty(12)
 9 SYSTEMPATH\CodeIgniter.php(934): App\Controllers\StockIn->save()
10 SYSTEMPATH\CodeIgniter.php(499): CodeIgniter\CodeIgniter->runController(Object(App\Controllers\StockIn))
11 SYSTEMPATH\CodeIgniter.php(368): CodeIgniter\CodeIgniter->handleRequest(null, Object(Config\Cache), false)
12 FCPATH\index.php(67): CodeIgniter\CodeIgniter->run()
CRITICAL - 2023-10-05 17:26:40 --> Call to undefined method CodeIgniter\Database\MySQLi\Result::row()
in APPPATH\Controllers\StockIn.php on line 143.
 1 SYSTEMPATH\CodeIgniter.php(934): App\Controllers\StockIn->save()
 2 SYSTEMPATH\CodeIgniter.php(499): CodeIgniter\CodeIgniter->runController(Object(App\Controllers\StockIn))
 3 SYSTEMPATH\CodeIgniter.php(368): CodeIgniter\CodeIgniter->handleRequest(null, Object(Config\Cache), false)
 4 FCPATH\index.php(67): CodeIgniter\CodeIgniter->run()
CRITICAL - 2023-10-05 17:27:01 --> Call to undefined method CodeIgniter\Database\MySQLi\Result::row()
in APPPATH\Controllers\StockIn.php on line 143.
 1 SYSTEMPATH\CodeIgniter.php(934): App\Controllers\StockIn->save()
 2 SYSTEMPATH\CodeIgniter.php(499): CodeIgniter\CodeIgniter->runController(Object(App\Controllers\StockIn))
 3 SYSTEMPATH\CodeIgniter.php(368): CodeIgniter\CodeIgniter->handleRequest(null, Object(Config\Cache), false)
 4 FCPATH\index.php(67): CodeIgniter\CodeIgniter->run()
CRITICAL - 2023-10-05 17:42:32 --> Call to undefined method CodeIgniter\Database\MySQLi\Result::row()
in APPPATH\Controllers\StockIn.php on line 143.
 1 SYSTEMPATH\CodeIgniter.php(934): App\Controllers\StockIn->save()
 2 SYSTEMPATH\CodeIgniter.php(499): CodeIgniter\CodeIgniter->runController(Object(App\Controllers\StockIn))
 3 SYSTEMPATH\CodeIgniter.php(368): CodeIgniter\CodeIgniter->handleRequest(null, Object(Config\Cache), false)
 4 FCPATH\index.php(67): CodeIgniter\CodeIgniter->run()
CRITICAL - 2023-10-05 18:06:26 --> Undefined property: CodeIgniter\Database\MySQLi\Result::$bstock_ready_stock
in APPPATH\Controllers\StockIn.php on line 145.
 1 APPPATH\Controllers\StockIn.php(145): CodeIgniter\Debug\Exceptions->errorHandler(8, 'Undefined property: CodeIgniter\\Database\\MySQLi\\Result::$bstock_ready_stock', 'C:\\xampp\\htdocs\\tokoklontong\\app\\Controllers\\StockIn.php', 145, [...])
 2 SYSTEMPATH\CodeIgniter.php(934): App\Controllers\StockIn->save()
 3 SYSTEMPATH\CodeIgniter.php(499): CodeIgniter\CodeIgniter->runController(Object(App\Controllers\StockIn))
 4 SYSTEMPATH\CodeIgniter.php(368): CodeIgniter\CodeIgniter->handleRequest(null, Object(Config\Cache), false)
 5 FCPATH\index.php(67): CodeIgniter\CodeIgniter->run()
CRITICAL - 2023-10-05 18:08:33 --> Trying to get property 'bstock_ready_stock' of non-object
in APPPATH\Controllers\StockIn.php on line 150.
 1 APPPATH\Controllers\StockIn.php(150): CodeIgniter\Debug\Exceptions->errorHandler(8, 'Trying to get property \'bstock_ready_stock\' of non-object', 'C:\\xampp\\htdocs\\tokoklontong\\app\\Controllers\\StockIn.php', 150, [...])
 2 SYSTEMPATH\CodeIgniter.php(934): App\Controllers\StockIn->save()
 3 SYSTEMPATH\CodeIgniter.php(499): CodeIgniter\CodeIgniter->runController(Object(App\Controllers\StockIn))
 4 SYSTEMPATH\CodeIgniter.php(368): CodeIgniter\CodeIgniter->handleRequest(null, Object(Config\Cache), false)
 5 FCPATH\index.php(67): CodeIgniter\CodeIgniter->run()
CRITICAL - 2023-10-05 18:14:56 --> Trying to get property 'bstock_ready_stock' of non-object
in APPPATH\Controllers\StockIn.php on line 147.
 1 APPPATH\Controllers\StockIn.php(147): CodeIgniter\Debug\Exceptions->errorHandler(8, 'Trying to get property \'bstock_ready_stock\' of non-object', 'C:\\xampp\\htdocs\\tokoklontong\\app\\Controllers\\StockIn.php', 147, [...])
 2 SYSTEMPATH\CodeIgniter.php(934): App\Controllers\StockIn->save()
 3 SYSTEMPATH\CodeIgniter.php(499): CodeIgniter\CodeIgniter->runController(Object(App\Controllers\StockIn))
 4 SYSTEMPATH\CodeIgniter.php(368): CodeIgniter\CodeIgniter->handleRequest(null, Object(Config\Cache), false)
 5 FCPATH\index.php(67): CodeIgniter\CodeIgniter->run()
CRITICAL - 2023-10-05 18:16:03 --> Trying to get property 'bstock_ready_stock' of non-object
in APPPATH\Controllers\StockIn.php on line 147.
 1 APPPATH\Controllers\StockIn.php(147): CodeIgniter\Debug\Exceptions->errorHandler(8, 'Trying to get property \'bstock_ready_stock\' of non-object', 'C:\\xampp\\htdocs\\tokoklontong\\app\\Controllers\\StockIn.php', 147, [...])
 2 SYSTEMPATH\CodeIgniter.php(934): App\Controllers\StockIn->save()
 3 SYSTEMPATH\CodeIgniter.php(499): CodeIgniter\CodeIgniter->runController(Object(App\Controllers\StockIn))
 4 SYSTEMPATH\CodeIgniter.php(368): CodeIgniter\CodeIgniter->handleRequest(null, Object(Config\Cache), false)
 5 FCPATH\index.php(67): CodeIgniter\CodeIgniter->run()
CRITICAL - 2023-10-05 18:16:12 --> Trying to get property 'bstock_ready_stock' of non-object
in APPPATH\Controllers\StockIn.php on line 147.
 1 APPPATH\Controllers\StockIn.php(147): CodeIgniter\Debug\Exceptions->errorHandler(8, 'Trying to get property \'bstock_ready_stock\' of non-object', 'C:\\xampp\\htdocs\\tokoklontong\\app\\Controllers\\StockIn.php', 147, [...])
 2 SYSTEMPATH\CodeIgniter.php(934): App\Controllers\StockIn->save()
 3 SYSTEMPATH\CodeIgniter.php(499): CodeIgniter\CodeIgniter->runController(Object(App\Controllers\StockIn))
 4 SYSTEMPATH\CodeIgniter.php(368): CodeIgniter\CodeIgniter->handleRequest(null, Object(Config\Cache), false)
 5 FCPATH\index.php(67): CodeIgniter\CodeIgniter->run()
ERROR - 2023-10-05 18:27:24 --> mysqli_sql_exception: Not unique table/alias: 'barang_stock' in C:\xampp\htdocs\tokoklontong\vendor\codeigniter4\framework\system\Database\MySQLi\Connection.php:295
Stack trace:
#0 C:\xampp\htdocs\tokoklontong\vendor\codeigniter4\framework\system\Database\MySQLi\Connection.php(295): mysqli->query('SELECT `bstock_...', 0)
#1 C:\xampp\htdocs\tokoklontong\vendor\codeigniter4\framework\system\Database\BaseConnection.php(691): CodeIgniter\Database\MySQLi\Connection->execute('SELECT `bstock_...')
#2 C:\xampp\htdocs\tokoklontong\vendor\codeigniter4\framework\system\Database\BaseConnection.php(605): CodeIgniter\Database\BaseConnection->simpleQuery('SELECT `bstock_...')
#3 C:\xampp\htdocs\tokoklontong\vendor\codeigniter4\framework\system\Database\BaseBuilder.php(1616): CodeIgniter\Database\BaseConnection->query('SELECT `bstock_...', Array, false)
#4 C:\xampp\htdocs\tokoklontong\vendor\codeigniter4\framework\system\Model.php(840): CodeIgniter\Database\BaseBuilder->get()
#5 C:\xampp\htdocs\tokoklontong\app\Controllers\StockIn.php(141): CodeIgniter\Model->__call('get', Array)
#6 C:\xampp\htdocs\tokoklontong\vendor\codeigniter4\framework\system\CodeIgniter.php(934): App\Controllers\StockIn->save()
#7 C:\xampp\htdocs\tokoklontong\vendor\codeigniter4\framework\system\CodeIgniter.php(499): CodeIgniter\CodeIgniter->runController(Object(App\Controllers\StockIn))
#8 C:\xampp\htdocs\tokoklontong\vendor\codeigniter4\framework\system\CodeIgniter.php(368): CodeIgniter\CodeIgniter->handleRequest(NULL, Object(Config\Cache), false)
#9 C:\xampp\htdocs\tokoklontong\public\index.php(67): CodeIgniter\CodeIgniter->run()
#10 {main}
CRITICAL - 2023-10-05 18:27:24 --> Not unique table/alias: 'barang_stock'
in SYSTEMPATH\Database\MySQLi\Connection.php on line 295.
 1 SYSTEMPATH\Database\MySQLi\Connection.php(295): mysqli->query('SELECT `bstock_ready_stock`
FROM `barang_stock`, `barang_stock`
WHERE `bstock_id` = 12', 0)
 2 SYSTEMPATH\Database\BaseConnection.php(691): CodeIgniter\Database\MySQLi\Connection->execute('SELECT `bstock_ready_stock`
FROM `barang_stock`, `barang_stock`
WHERE `bstock_id` = 12')
 3 SYSTEMPATH\Database\BaseConnection.php(605): CodeIgniter\Database\BaseConnection->simpleQuery('SELECT `bstock_ready_stock`
FROM `barang_stock`, `barang_stock`
WHERE `bstock_id` = 12')
 4 SYSTEMPATH\Database\BaseBuilder.php(1616): CodeIgniter\Database\BaseConnection->query('SELECT `bstock_ready_stock`
FROM `barang_stock`, `barang_stock`
WHERE `bstock_id` = :bstock_id:', [...], false)
 5 SYSTEMPATH\Model.php(840): CodeIgniter\Database\BaseBuilder->get()
 6 APPPATH\Controllers\StockIn.php(141): CodeIgniter\Model->__call('get', [])
 7 SYSTEMPATH\CodeIgniter.php(934): App\Controllers\StockIn->save()
 8 SYSTEMPATH\CodeIgniter.php(499): CodeIgniter\CodeIgniter->runController(Object(App\Controllers\StockIn))
 9 SYSTEMPATH\CodeIgniter.php(368): CodeIgniter\CodeIgniter->handleRequest(null, Object(Config\Cache), false)
10 FCPATH\index.php(67): CodeIgniter\CodeIgniter->run()
ERROR - 2023-10-05 18:28:10 --> mysqli_sql_exception: Not unique table/alias: 'barang_stock' in C:\xampp\htdocs\tokoklontong\vendor\codeigniter4\framework\system\Database\MySQLi\Connection.php:295
Stack trace:
#0 C:\xampp\htdocs\tokoklontong\vendor\codeigniter4\framework\system\Database\MySQLi\Connection.php(295): mysqli->query('SELECT `bstock_...', 0)
#1 C:\xampp\htdocs\tokoklontong\vendor\codeigniter4\framework\system\Database\BaseConnection.php(691): CodeIgniter\Database\MySQLi\Connection->execute('SELECT `bstock_...')
#2 C:\xampp\htdocs\tokoklontong\vendor\codeigniter4\framework\system\Database\BaseConnection.php(605): CodeIgniter\Database\BaseConnection->simpleQuery('SELECT `bstock_...')
#3 C:\xampp\htdocs\tokoklontong\vendor\codeigniter4\framework\system\Database\BaseBuilder.php(1616): CodeIgniter\Database\BaseConnection->query('SELECT `bstock_...', Array, false)
#4 C:\xampp\htdocs\tokoklontong\vendor\codeigniter4\framework\system\Model.php(840): CodeIgniter\Database\BaseBuilder->get()
#5 C:\xampp\htdocs\tokoklontong\app\Controllers\StockIn.php(141): CodeIgniter\Model->__call('get', Array)
#6 C:\xampp\htdocs\tokoklontong\vendor\codeigniter4\framework\system\CodeIgniter.php(934): App\Controllers\StockIn->save()
#7 C:\xampp\htdocs\tokoklontong\vendor\codeigniter4\framework\system\CodeIgniter.php(499): CodeIgniter\CodeIgniter->runController(Object(App\Controllers\StockIn))
#8 C:\xampp\htdocs\tokoklontong\vendor\codeigniter4\framework\system\CodeIgniter.php(368): CodeIgniter\CodeIgniter->handleRequest(NULL, Object(Config\Cache), false)
#9 C:\xampp\htdocs\tokoklontong\public\index.php(67): CodeIgniter\CodeIgniter->run()
#10 {main}
CRITICAL - 2023-10-05 18:28:10 --> Not unique table/alias: 'barang_stock'
in SYSTEMPATH\Database\MySQLi\Connection.php on line 295.
 1 SYSTEMPATH\Database\MySQLi\Connection.php(295): mysqli->query('SELECT `bstock_ready_stock`
FROM `barang_stock`, `barang_stock`
WHERE `bstock_id` = 12', 0)
 2 SYSTEMPATH\Database\BaseConnection.php(691): CodeIgniter\Database\MySQLi\Connection->execute('SELECT `bstock_ready_stock`
FROM `barang_stock`, `barang_stock`
WHERE `bstock_id` = 12')
 3 SYSTEMPATH\Database\BaseConnection.php(605): CodeIgniter\Database\BaseConnection->simpleQuery('SELECT `bstock_ready_stock`
FROM `barang_stock`, `barang_stock`
WHERE `bstock_id` = 12')
 4 SYSTEMPATH\Database\BaseBuilder.php(1616): CodeIgniter\Database\BaseConnection->query('SELECT `bstock_ready_stock`
FROM `barang_stock`, `barang_stock`
WHERE `bstock_id` = :bstock_id:', [...], false)
 5 SYSTEMPATH\Model.php(840): CodeIgniter\Database\BaseBuilder->get()
 6 APPPATH\Controllers\StockIn.php(141): CodeIgniter\Model->__call('get', [])
 7 SYSTEMPATH\CodeIgniter.php(934): App\Controllers\StockIn->save()
 8 SYSTEMPATH\CodeIgniter.php(499): CodeIgniter\CodeIgniter->runController(Object(App\Controllers\StockIn))
 9 SYSTEMPATH\CodeIgniter.php(368): CodeIgniter\CodeIgniter->handleRequest(null, Object(Config\Cache), false)
10 FCPATH\index.php(67): CodeIgniter\CodeIgniter->run()
CRITICAL - 2023-10-05 18:29:21 --> Call to undefined method CodeIgniter\Database\MySQLi\Result::row()
in APPPATH\Controllers\StockIn.php on line 141.
 1 SYSTEMPATH\CodeIgniter.php(934): App\Controllers\StockIn->save()
 2 SYSTEMPATH\CodeIgniter.php(499): CodeIgniter\CodeIgniter->runController(Object(App\Controllers\StockIn))
 3 SYSTEMPATH\CodeIgniter.php(368): CodeIgniter\CodeIgniter->handleRequest(null, Object(Config\Cache), false)
 4 FCPATH\index.php(67): CodeIgniter\CodeIgniter->run()
CRITICAL - 2023-10-05 18:30:14 --> Call to undefined method CodeIgniter\Database\MySQLi\Result::row()
in APPPATH\Controllers\StockIn.php on line 141.
 1 SYSTEMPATH\CodeIgniter.php(934): App\Controllers\StockIn->save()
 2 SYSTEMPATH\CodeIgniter.php(499): CodeIgniter\CodeIgniter->runController(Object(App\Controllers\StockIn))
 3 SYSTEMPATH\CodeIgniter.php(368): CodeIgniter\CodeIgniter->handleRequest(null, Object(Config\Cache), false)
 4 FCPATH\index.php(67): CodeIgniter\CodeIgniter->run()
CRITICAL - 2023-10-05 18:34:58 --> Call to undefined method CodeIgniter\Database\MySQLi\Result::row()
in APPPATH\Controllers\StockIn.php on line 141.
 1 SYSTEMPATH\CodeIgniter.php(934): App\Controllers\StockIn->save()
 2 SYSTEMPATH\CodeIgniter.php(499): CodeIgniter\CodeIgniter->runController(Object(App\Controllers\StockIn))
 3 SYSTEMPATH\CodeIgniter.php(368): CodeIgniter\CodeIgniter->handleRequest(null, Object(Config\Cache), false)
 4 FCPATH\index.php(67): CodeIgniter\CodeIgniter->run()
CRITICAL - 2023-10-05 18:36:00 --> Call to undefined method CodeIgniter\Database\MySQLi\Result::row()
in APPPATH\Controllers\StockIn.php on line 141.
 1 SYSTEMPATH\CodeIgniter.php(934): App\Controllers\StockIn->save()
 2 SYSTEMPATH\CodeIgniter.php(499): CodeIgniter\CodeIgniter->runController(Object(App\Controllers\StockIn))
 3 SYSTEMPATH\CodeIgniter.php(368): CodeIgniter\CodeIgniter->handleRequest(null, Object(Config\Cache), false)
 4 FCPATH\index.php(67): CodeIgniter\CodeIgniter->run()
ERROR - 2023-10-05 19:22:21 --> mysqli_sql_exception: Unknown column 'stok_id' in 'where clause' in C:\xampp\htdocs\tokoklontong\vendor\codeigniter4\framework\system\Database\MySQLi\Connection.php:295
Stack trace:
#0 C:\xampp\htdocs\tokoklontong\vendor\codeigniter4\framework\system\Database\MySQLi\Connection.php(295): mysqli->query('SELECT `bstock_...', 0)
#1 C:\xampp\htdocs\tokoklontong\vendor\codeigniter4\framework\system\Database\BaseConnection.php(691): CodeIgniter\Database\MySQLi\Connection->execute('SELECT `bstock_...')
#2 C:\xampp\htdocs\tokoklontong\vendor\codeigniter4\framework\system\Database\BaseConnection.php(605): CodeIgniter\Database\BaseConnection->simpleQuery('SELECT `bstock_...')
#3 C:\xampp\htdocs\tokoklontong\vendor\codeigniter4\framework\system\Database\BaseBuilder.php(1616): CodeIgniter\Database\BaseConnection->query('SELECT `bstock_...', Array, false)
#4 C:\xampp\htdocs\tokoklontong\vendor\codeigniter4\framework\system\Model.php(268): CodeIgniter\Database\BaseBuilder->get()
#5 C:\xampp\htdocs\tokoklontong\vendor\codeigniter4\framework\system\BaseModel.php(656): CodeIgniter\Model->doFirst()
#6 C:\xampp\htdocs\tokoklontong\app\Models\StokBarangModel.php(58): CodeIgniter\BaseModel->first()
#7 C:\xampp\htdocs\tokoklontong\app\Controllers\StockIn.php(138): App\Models\StokBarangModel->getOldStockQty('12')
#8 C:\xampp\htdocs\tokoklontong\vendor\codeigniter4\framework\system\CodeIgniter.php(934): App\Controllers\StockIn->save()
#9 C:\xampp\htdocs\tokoklontong\vendor\codeigniter4\framework\system\CodeIgniter.php(499): CodeIgniter\CodeIgniter->runController(Object(App\Controllers\StockIn))
#10 C:\xampp\htdocs\tokoklontong\vendor\codeigniter4\framework\system\CodeIgniter.php(368): CodeIgniter\CodeIgniter->handleRequest(NULL, Object(Config\Cache), false)
#11 C:\xampp\htdocs\tokoklontong\public\index.php(67): CodeIgniter\CodeIgniter->run()
#12 {main}
CRITICAL - 2023-10-05 19:22:21 --> Unknown column 'stok_id' in 'where clause'
in SYSTEMPATH\Database\MySQLi\Connection.php on line 295.
 1 SYSTEMPATH\Database\MySQLi\Connection.php(295): mysqli->query('SELECT `bstock_ready_stock`
FROM `barang_stock`
WHERE `stok_id` = \'12\'
 LIMIT 1', 0)
 2 SYSTEMPATH\Database\BaseConnection.php(691): CodeIgniter\Database\MySQLi\Connection->execute('SELECT `bstock_ready_stock`
FROM `barang_stock`
WHERE `stok_id` = \'12\'
 LIMIT 1')
 3 SYSTEMPATH\Database\BaseConnection.php(605): CodeIgniter\Database\BaseConnection->simpleQuery('SELECT `bstock_ready_stock`
FROM `barang_stock`
WHERE `stok_id` = \'12\'
 LIMIT 1')
 4 SYSTEMPATH\Database\BaseBuilder.php(1616): CodeIgniter\Database\BaseConnection->query('SELECT `bstock_ready_stock`
FROM `barang_stock`
WHERE `stok_id` = :stok_id:
 LIMIT 1', [...], false)
 5 SYSTEMPATH\Model.php(268): CodeIgniter\Database\BaseBuilder->get()
 6 SYSTEMPATH\BaseModel.php(656): CodeIgniter\Model->doFirst()
 7 APPPATH\Models\StokBarangModel.php(58): CodeIgniter\BaseModel->first()
 8 APPPATH\Controllers\StockIn.php(138): App\Models\StokBarangModel->getOldStockQty('12')
 9 SYSTEMPATH\CodeIgniter.php(934): App\Controllers\StockIn->save()
10 SYSTEMPATH\CodeIgniter.php(499): CodeIgniter\CodeIgniter->runController(Object(App\Controllers\StockIn))
11 SYSTEMPATH\CodeIgniter.php(368): CodeIgniter\CodeIgniter->handleRequest(null, Object(Config\Cache), false)
12 FCPATH\index.php(67): CodeIgniter\CodeIgniter->run()
CRITICAL - 2023-10-05 19:24:37 --> Trying to get property 'bstock_ready_stock' of non-object
in APPPATH\Controllers\StockIn.php on line 145.
 1 APPPATH\Controllers\StockIn.php(145): CodeIgniter\Debug\Exceptions->errorHandler(8, 'Trying to get property \'bstock_ready_stock\' of non-object', 'C:\\xampp\\htdocs\\tokoklontong\\app\\Controllers\\StockIn.php', 145, [...])
 2 SYSTEMPATH\CodeIgniter.php(934): App\Controllers\StockIn->save()
 3 SYSTEMPATH\CodeIgniter.php(499): CodeIgniter\CodeIgniter->runController(Object(App\Controllers\StockIn))
 4 SYSTEMPATH\CodeIgniter.php(368): CodeIgniter\CodeIgniter->handleRequest(null, Object(Config\Cache), false)
 5 FCPATH\index.php(67): CodeIgniter\CodeIgniter->run()
CRITICAL - 2023-10-05 19:24:39 --> Trying to get property 'bstock_ready_stock' of non-object
in APPPATH\Controllers\StockIn.php on line 145.
 1 APPPATH\Controllers\StockIn.php(145): CodeIgniter\Debug\Exceptions->errorHandler(8, 'Trying to get property \'bstock_ready_stock\' of non-object', 'C:\\xampp\\htdocs\\tokoklontong\\app\\Controllers\\StockIn.php', 145, [...])
 2 SYSTEMPATH\CodeIgniter.php(934): App\Controllers\StockIn->save()
 3 SYSTEMPATH\CodeIgniter.php(499): CodeIgniter\CodeIgniter->runController(Object(App\Controllers\StockIn))
 4 SYSTEMPATH\CodeIgniter.php(368): CodeIgniter\CodeIgniter->handleRequest(null, Object(Config\Cache), false)
 5 FCPATH\index.php(67): CodeIgniter\CodeIgniter->run()
CRITICAL - 2023-10-05 19:25:28 --> Call to a member function row() on array
in APPPATH\Controllers\StockIn.php on line 146.
 1 SYSTEMPATH\CodeIgniter.php(934): App\Controllers\StockIn->save()
 2 SYSTEMPATH\CodeIgniter.php(499): CodeIgniter\CodeIgniter->runController(Object(App\Controllers\StockIn))
 3 SYSTEMPATH\CodeIgniter.php(368): CodeIgniter\CodeIgniter->handleRequest(null, Object(Config\Cache), false)
 4 FCPATH\index.php(67): CodeIgniter\CodeIgniter->run()
CRITICAL - 2023-10-05 19:26:25 --> Trying to get property 'bstock_ready_stock' of non-object
in APPPATH\Controllers\StockIn.php on line 147.
 1 APPPATH\Controllers\StockIn.php(147): CodeIgniter\Debug\Exceptions->errorHandler(8, 'Trying to get property \'bstock_ready_stock\' of non-object', 'C:\\xampp\\htdocs\\tokoklontong\\app\\Controllers\\StockIn.php', 147, [...])
 2 SYSTEMPATH\CodeIgniter.php(934): App\Controllers\StockIn->save()
 3 SYSTEMPATH\CodeIgniter.php(499): CodeIgniter\CodeIgniter->runController(Object(App\Controllers\StockIn))
 4 SYSTEMPATH\CodeIgniter.php(368): CodeIgniter\CodeIgniter->handleRequest(null, Object(Config\Cache), false)
 5 FCPATH\index.php(67): CodeIgniter\CodeIgniter->run()
CRITICAL - 2023-10-05 19:26:27 --> Trying to get property 'bstock_ready_stock' of non-object
in APPPATH\Controllers\StockIn.php on line 147.
 1 APPPATH\Controllers\StockIn.php(147): CodeIgniter\Debug\Exceptions->errorHandler(8, 'Trying to get property \'bstock_ready_stock\' of non-object', 'C:\\xampp\\htdocs\\tokoklontong\\app\\Controllers\\StockIn.php', 147, [...])
 2 SYSTEMPATH\CodeIgniter.php(934): App\Controllers\StockIn->save()
 3 SYSTEMPATH\CodeIgniter.php(499): CodeIgniter\CodeIgniter->runController(Object(App\Controllers\StockIn))
 4 SYSTEMPATH\CodeIgniter.php(368): CodeIgniter\CodeIgniter->handleRequest(null, Object(Config\Cache), false)
 5 FCPATH\index.php(67): CodeIgniter\CodeIgniter->run()
CRITICAL - 2023-10-05 19:26:45 --> Trying to get property 'bstock_ready_stock' of non-object
in APPPATH\Controllers\StockIn.php on line 147.
 1 APPPATH\Controllers\StockIn.php(147): CodeIgniter\Debug\Exceptions->errorHandler(8, 'Trying to get property \'bstock_ready_stock\' of non-object', 'C:\\xampp\\htdocs\\tokoklontong\\app\\Controllers\\StockIn.php', 147, [...])
 2 SYSTEMPATH\CodeIgniter.php(934): App\Controllers\StockIn->save()
 3 SYSTEMPATH\CodeIgniter.php(499): CodeIgniter\CodeIgniter->runController(Object(App\Controllers\StockIn))
 4 SYSTEMPATH\CodeIgniter.php(368): CodeIgniter\CodeIgniter->handleRequest(null, Object(Config\Cache), false)
 5 FCPATH\index.php(67): CodeIgniter\CodeIgniter->run()
CRITICAL - 2023-10-05 21:25:58 --> unlink(C:\xampp\htdocs\tokoklontong\writable\debugbar/debugbar_1696514629.366067.json): No such file or directory
in SYSTEMPATH\Debug\Toolbar\Collectors\History.php on line 76.
 1 [internal function]: CodeIgniter\Debug\Exceptions->errorHandler(2, 'unlink(C:\\xampp\\htdocs\\tokoklontong\\writable\\debugbar/debugbar_1696514629.366067.json): No such file or directory', 'C:\\xampp\\htdocs\\tokoklontong\\vendor\\codeigniter4\\framework\\system\\Debug\\Toolbar\\Collectors\\History.php', 76, [...])
 2 SYSTEMPATH\Debug\Toolbar\Collectors\History.php(76): unlink('C:\\xampp\\htdocs\\tokoklontong\\writable\\debugbar/debugbar_1696514629.366067.json')
 3 SYSTEMPATH\Debug\Toolbar.php(497): CodeIgniter\Debug\Toolbar\Collectors\History->setFiles('1696515953.461115', 20)
 4 SYSTEMPATH\Debug\Toolbar.php(474): CodeIgniter\Debug\Toolbar->format([...], 'html')
 5 APPPATH\Config\Events.php(46): CodeIgniter\Debug\Toolbar->respond()
 6 SYSTEMPATH\Events\Events.php(149): CodeIgniter\Events\Events::Config\{closure}()
 7 SYSTEMPATH\CodeIgniter.php(350): CodeIgniter\Events\Events::trigger('pre_system')
 8 FCPATH\index.php(67): CodeIgniter\CodeIgniter->run()
CRITICAL - 2023-10-05 22:23:07 --> Cannot use object of type stdClass as array
in APPPATH\Controllers\RecordTransaksi.php on line 217.
 1 SYSTEMPATH\CodeIgniter.php(934): App\Controllers\RecordTransaksi->delete()
 2 SYSTEMPATH\CodeIgniter.php(499): CodeIgniter\CodeIgniter->runController(Object(App\Controllers\RecordTransaksi))
 3 SYSTEMPATH\CodeIgniter.php(368): CodeIgniter\CodeIgniter->handleRequest(null, Object(Config\Cache), false)
 4 FCPATH\index.php(67): CodeIgniter\CodeIgniter->run()
CRITICAL - 2023-10-05 22:23:24 --> Cannot use object of type stdClass as array
in APPPATH\Controllers\RecordTransaksi.php on line 217.
 1 SYSTEMPATH\CodeIgniter.php(934): App\Controllers\RecordTransaksi->delete()
 2 SYSTEMPATH\CodeIgniter.php(499): CodeIgniter\CodeIgniter->runController(Object(App\Controllers\RecordTransaksi))
 3 SYSTEMPATH\CodeIgniter.php(368): CodeIgniter\CodeIgniter->handleRequest(null, Object(Config\Cache), false)
 4 FCPATH\index.php(67): CodeIgniter\CodeIgniter->run()
CRITICAL - 2023-10-05 22:24:41 --> Cannot use object of type stdClass as array
in APPPATH\Controllers\RecordTransaksi.php on line 217.
 1 SYSTEMPATH\CodeIgniter.php(934): App\Controllers\RecordTransaksi->delete()
 2 SYSTEMPATH\CodeIgniter.php(499): CodeIgniter\CodeIgniter->runController(Object(App\Controllers\RecordTransaksi))
 3 SYSTEMPATH\CodeIgniter.php(368): CodeIgniter\CodeIgniter->handleRequest(null, Object(Config\Cache), false)
 4 FCPATH\index.php(67): CodeIgniter\CodeIgniter->run()
CRITICAL - 2023-10-05 22:25:04 --> Cannot use object of type stdClass as array
in APPPATH\Controllers\RecordTransaksi.php on line 217.
 1 SYSTEMPATH\CodeIgniter.php(934): App\Controllers\RecordTransaksi->delete()
 2 SYSTEMPATH\CodeIgniter.php(499): CodeIgniter\CodeIgniter->runController(Object(App\Controllers\RecordTransaksi))
 3 SYSTEMPATH\CodeIgniter.php(368): CodeIgniter\CodeIgniter->handleRequest(null, Object(Config\Cache), false)
 4 FCPATH\index.php(67): CodeIgniter\CodeIgniter->run()
CRITICAL - 2023-10-05 22:26:28 --> Cannot use object of type stdClass as array
in APPPATH\Controllers\RecordTransaksi.php on line 217.
 1 SYSTEMPATH\CodeIgniter.php(934): App\Controllers\RecordTransaksi->delete()
 2 SYSTEMPATH\CodeIgniter.php(499): CodeIgniter\CodeIgniter->runController(Object(App\Controllers\RecordTransaksi))
 3 SYSTEMPATH\CodeIgniter.php(368): CodeIgniter\CodeIgniter->handleRequest(null, Object(Config\Cache), false)
 4 FCPATH\index.php(67): CodeIgniter\CodeIgniter->run()
CRITICAL - 2023-10-05 22:28:34 --> Cannot use object of type stdClass as array
in APPPATH\Controllers\RecordTransaksi.php on line 217.
 1 SYSTEMPATH\CodeIgniter.php(934): App\Controllers\RecordTransaksi->delete()
 2 SYSTEMPATH\CodeIgniter.php(499): CodeIgniter\CodeIgniter->runController(Object(App\Controllers\RecordTransaksi))
 3 SYSTEMPATH\CodeIgniter.php(368): CodeIgniter\CodeIgniter->handleRequest(null, Object(Config\Cache), false)
 4 FCPATH\index.php(67): CodeIgniter\CodeIgniter->run()
CRITICAL - 2023-10-05 22:29:00 --> Cannot use object of type stdClass as array
in APPPATH\Controllers\RecordTransaksi.php on line 217.
 1 SYSTEMPATH\CodeIgniter.php(934): App\Controllers\RecordTransaksi->delete()
 2 SYSTEMPATH\CodeIgniter.php(499): CodeIgniter\CodeIgniter->runController(Object(App\Controllers\RecordTransaksi))
 3 SYSTEMPATH\CodeIgniter.php(368): CodeIgniter\CodeIgniter->handleRequest(null, Object(Config\Cache), false)
 4 FCPATH\index.php(67): CodeIgniter\CodeIgniter->run()
CRITICAL - 2023-10-05 22:31:07 --> Cannot use object of type stdClass as array
in APPPATH\Controllers\RecordTransaksi.php on line 217.
 1 SYSTEMPATH\CodeIgniter.php(934): App\Controllers\RecordTransaksi->delete()
 2 SYSTEMPATH\CodeIgniter.php(499): CodeIgniter\CodeIgniter->runController(Object(App\Controllers\RecordTransaksi))
 3 SYSTEMPATH\CodeIgniter.php(368): CodeIgniter\CodeIgniter->handleRequest(null, Object(Config\Cache), false)
 4 FCPATH\index.php(67): CodeIgniter\CodeIgniter->run()
CRITICAL - 2023-10-05 22:33:24 --> Cannot use object of type stdClass as array
in APPPATH\Controllers\RecordTransaksi.php on line 217.
 1 SYSTEMPATH\CodeIgniter.php(934): App\Controllers\RecordTransaksi->delete()
 2 SYSTEMPATH\CodeIgniter.php(499): CodeIgniter\CodeIgniter->runController(Object(App\Controllers\RecordTransaksi))
 3 SYSTEMPATH\CodeIgniter.php(368): CodeIgniter\CodeIgniter->handleRequest(null, Object(Config\Cache), false)
 4 FCPATH\index.php(67): CodeIgniter\CodeIgniter->run()
CRITICAL - 2023-10-05 22:33:36 --> Cannot use object of type stdClass as array
in APPPATH\Controllers\RecordTransaksi.php on line 217.
 1 SYSTEMPATH\CodeIgniter.php(934): App\Controllers\RecordTransaksi->delete()
 2 SYSTEMPATH\CodeIgniter.php(499): CodeIgniter\CodeIgniter->runController(Object(App\Controllers\RecordTransaksi))
 3 SYSTEMPATH\CodeIgniter.php(368): CodeIgniter\CodeIgniter->handleRequest(null, Object(Config\Cache), false)
 4 FCPATH\index.php(67): CodeIgniter\CodeIgniter->run()
CRITICAL - 2023-10-05 22:33:48 --> Cannot use object of type stdClass as array
in APPPATH\Controllers\RecordTransaksi.php on line 218.
 1 SYSTEMPATH\CodeIgniter.php(934): App\Controllers\RecordTransaksi->delete()
 2 SYSTEMPATH\CodeIgniter.php(499): CodeIgniter\CodeIgniter->runController(Object(App\Controllers\RecordTransaksi))
 3 SYSTEMPATH\CodeIgniter.php(368): CodeIgniter\CodeIgniter->handleRequest(null, Object(Config\Cache), false)
 4 FCPATH\index.php(67): CodeIgniter\CodeIgniter->run()
