ERROR - 2023-05-16 16:18:53 --> mysqli_sql_exception: Table 'rev_web_skripsi.supp' doesn't exist in C:\xampp\htdocs\tokoklontong\vendor\codeigniter4\framework\system\Database\MySQLi\Connection.php:295
Stack trace:
#0 C:\xampp\htdocs\tokoklontong\vendor\codeigniter4\framework\system\Database\MySQLi\Connection.php(295): mysqli->query('SELECT 1\nFROM `...', 0)
#1 C:\xampp\htdocs\tokoklontong\vendor\codeigniter4\framework\system\Database\BaseConnection.php(691): CodeIgniter\Database\MySQLi\Connection->execute('SELECT 1\nFROM `...')
#2 C:\xampp\htdocs\tokoklontong\vendor\codeigniter4\framework\system\Database\BaseConnection.php(605): CodeIgniter\Database\BaseConnection->simpleQuery('SELECT 1\nFROM `...')
#3 C:\xampp\htdocs\tokoklontong\vendor\codeigniter4\framework\system\Database\BaseBuilder.php(1616): CodeIgniter\Database\BaseConnection->query('SELECT 1\nFROM `...', Array, false)
#4 C:\xampp\htdocs\tokoklontong\vendor\codeigniter4\framework\system\Validation\Rules.php(156): CodeIgniter\Database\BaseBuilder->get()
#5 C:\xampp\htdocs\tokoklontong\vendor\codeigniter4\framework\system\Validation\Validation.php(312): CodeIgniter\Validation\Rules->is_unique('bts', 'supp_nama', Array, NULL, 'supp_nama')
#6 C:\xampp\htdocs\tokoklontong\vendor\codeigniter4\framework\system\Validation\Validation.php(170): CodeIgniter\Validation\Validation->processRules('supp_nama', 'supp_nama', 'bts', Array, Array)
#7 C:\xampp\htdocs\tokoklontong\app\Controllers\SupplierContact.php(219): CodeIgniter\Validation\Validation->run(Array)
#8 C:\xampp\htdocs\tokoklontong\vendor\codeigniter4\framework\system\CodeIgniter.php(934): App\Controllers\SupplierContact->save()
#9 C:\xampp\htdocs\tokoklontong\vendor\codeigniter4\framework\system\CodeIgniter.php(499): CodeIgniter\CodeIgniter->runController(Object(App\Controllers\SupplierContact))
#10 C:\xampp\htdocs\tokoklontong\vendor\codeigniter4\framework\system\CodeIgniter.php(368): CodeIgniter\CodeIgniter->handleRequest(NULL, Object(Config\Cache), false)
#11 C:\xampp\htdocs\tokoklontong\public\index.php(67): CodeIgniter\CodeIgniter->run()
#12 {main}
CRITICAL - 2023-05-16 16:18:53 --> Table 'rev_web_skripsi.supp' doesn't exist
in SYSTEMPATH\Database\MySQLi\Connection.php on line 295.
 1 SYSTEMPATH\Database\MySQLi\Connection.php(295): mysqli->query('SELECT 1
FROM `supp`
WHERE `supp_nama` = \'bts\'
 LIMIT 1', 0)
 2 SYSTEMPATH\Database\BaseConnection.php(691): CodeIgniter\Database\MySQLi\Connection->execute('SELECT 1
FROM `supp`
WHERE `supp_nama` = \'bts\'
 LIMIT 1')
 3 SYSTEMPATH\Database\BaseConnection.php(605): CodeIgniter\Database\BaseConnection->simpleQuery('SELECT 1
FROM `supp`
WHERE `supp_nama` = \'bts\'
 LIMIT 1')
 4 SYSTEMPATH\Database\BaseBuilder.php(1616): CodeIgniter\Database\BaseConnection->query('SELECT 1
FROM `supp`
WHERE `supp_nama` = :supp_nama:
 LIMIT 1', [...], false)
 5 SYSTEMPATH\Validation\Rules.php(156): CodeIgniter\Database\BaseBuilder->get()
 6 SYSTEMPATH\Validation\Validation.php(312): CodeIgniter\Validation\Rules->is_unique('bts', 'supp_nama', [...], null, 'supp_nama')
 7 SYSTEMPATH\Validation\Validation.php(170): CodeIgniter\Validation\Validation->processRules('supp_nama', 'supp_nama', 'bts', [...], [...])
 8 APPPATH\Controllers\SupplierContact.php(219): CodeIgniter\Validation\Validation->run([...])
 9 SYSTEMPATH\CodeIgniter.php(934): App\Controllers\SupplierContact->save()
10 SYSTEMPATH\CodeIgniter.php(499): CodeIgniter\CodeIgniter->runController(Object(App\Controllers\SupplierContact))
11 SYSTEMPATH\CodeIgniter.php(368): CodeIgniter\CodeIgniter->handleRequest(null, Object(Config\Cache), false)
12 FCPATH\index.php(67): CodeIgniter\CodeIgniter->run()
ERROR - 2023-05-16 16:18:56 --> mysqli_sql_exception: Table 'rev_web_skripsi.supp' doesn't exist in C:\xampp\htdocs\tokoklontong\vendor\codeigniter4\framework\system\Database\MySQLi\Connection.php:295
Stack trace:
#0 C:\xampp\htdocs\tokoklontong\vendor\codeigniter4\framework\system\Database\MySQLi\Connection.php(295): mysqli->query('SELECT 1\nFROM `...', 0)
#1 C:\xampp\htdocs\tokoklontong\vendor\codeigniter4\framework\system\Database\BaseConnection.php(691): CodeIgniter\Database\MySQLi\Connection->execute('SELECT 1\nFROM `...')
#2 C:\xampp\htdocs\tokoklontong\vendor\codeigniter4\framework\system\Database\BaseConnection.php(605): CodeIgniter\Database\BaseConnection->simpleQuery('SELECT 1\nFROM `...')
#3 C:\xampp\htdocs\tokoklontong\vendor\codeigniter4\framework\system\Database\BaseBuilder.php(1616): CodeIgniter\Database\BaseConnection->query('SELECT 1\nFROM `...', Array, false)
#4 C:\xampp\htdocs\tokoklontong\vendor\codeigniter4\framework\system\Validation\Rules.php(156): CodeIgniter\Database\BaseBuilder->get()
#5 C:\xampp\htdocs\tokoklontong\vendor\codeigniter4\framework\system\Validation\Validation.php(312): CodeIgniter\Validation\Rules->is_unique('bts', 'supp_nama', Array, NULL, 'supp_nama')
#6 C:\xampp\htdocs\tokoklontong\vendor\codeigniter4\framework\system\Validation\Validation.php(170): CodeIgniter\Validation\Validation->processRules('supp_nama', 'supp_nama', 'bts', Array, Array)
#7 C:\xampp\htdocs\tokoklontong\app\Controllers\SupplierContact.php(219): CodeIgniter\Validation\Validation->run(Array)
#8 C:\xampp\htdocs\tokoklontong\vendor\codeigniter4\framework\system\CodeIgniter.php(934): App\Controllers\SupplierContact->save()
#9 C:\xampp\htdocs\tokoklontong\vendor\codeigniter4\framework\system\CodeIgniter.php(499): CodeIgniter\CodeIgniter->runController(Object(App\Controllers\SupplierContact))
#10 C:\xampp\htdocs\tokoklontong\vendor\codeigniter4\framework\system\CodeIgniter.php(368): CodeIgniter\CodeIgniter->handleRequest(NULL, Object(Config\Cache), false)
#11 C:\xampp\htdocs\tokoklontong\public\index.php(67): CodeIgniter\CodeIgniter->run()
#12 {main}
CRITICAL - 2023-05-16 16:18:56 --> Table 'rev_web_skripsi.supp' doesn't exist
in SYSTEMPATH\Database\MySQLi\Connection.php on line 295.
 1 SYSTEMPATH\Database\MySQLi\Connection.php(295): mysqli->query('SELECT 1
FROM `supp`
WHERE `supp_nama` = \'bts\'
 LIMIT 1', 0)
 2 SYSTEMPATH\Database\BaseConnection.php(691): CodeIgniter\Database\MySQLi\Connection->execute('SELECT 1
FROM `supp`
WHERE `supp_nama` = \'bts\'
 LIMIT 1')
 3 SYSTEMPATH\Database\BaseConnection.php(605): CodeIgniter\Database\BaseConnection->simpleQuery('SELECT 1
FROM `supp`
WHERE `supp_nama` = \'bts\'
 LIMIT 1')
 4 SYSTEMPATH\Database\BaseBuilder.php(1616): CodeIgniter\Database\BaseConnection->query('SELECT 1
FROM `supp`
WHERE `supp_nama` = :supp_nama:
 LIMIT 1', [...], false)
 5 SYSTEMPATH\Validation\Rules.php(156): CodeIgniter\Database\BaseBuilder->get()
 6 SYSTEMPATH\Validation\Validation.php(312): CodeIgniter\Validation\Rules->is_unique('bts', 'supp_nama', [...], null, 'supp_nama')
 7 SYSTEMPATH\Validation\Validation.php(170): CodeIgniter\Validation\Validation->processRules('supp_nama', 'supp_nama', 'bts', [...], [...])
 8 APPPATH\Controllers\SupplierContact.php(219): CodeIgniter\Validation\Validation->run([...])
 9 SYSTEMPATH\CodeIgniter.php(934): App\Controllers\SupplierContact->save()
10 SYSTEMPATH\CodeIgniter.php(499): CodeIgniter\CodeIgniter->runController(Object(App\Controllers\SupplierContact))
11 SYSTEMPATH\CodeIgniter.php(368): CodeIgniter\CodeIgniter->handleRequest(null, Object(Config\Cache), false)
12 FCPATH\index.php(67): CodeIgniter\CodeIgniter->run()
ERROR - 2023-05-16 16:19:25 --> mysqli_sql_exception: Table 'rev_web_skripsi.supp' doesn't exist in C:\xampp\htdocs\tokoklontong\vendor\codeigniter4\framework\system\Database\MySQLi\Connection.php:295
Stack trace:
#0 C:\xampp\htdocs\tokoklontong\vendor\codeigniter4\framework\system\Database\MySQLi\Connection.php(295): mysqli->query('SELECT 1\nFROM `...', 0)
#1 C:\xampp\htdocs\tokoklontong\vendor\codeigniter4\framework\system\Database\BaseConnection.php(691): CodeIgniter\Database\MySQLi\Connection->execute('SELECT 1\nFROM `...')
#2 C:\xampp\htdocs\tokoklontong\vendor\codeigniter4\framework\system\Database\BaseConnection.php(605): CodeIgniter\Database\BaseConnection->simpleQuery('SELECT 1\nFROM `...')
#3 C:\xampp\htdocs\tokoklontong\vendor\codeigniter4\framework\system\Database\BaseBuilder.php(1616): CodeIgniter\Database\BaseConnection->query('SELECT 1\nFROM `...', Array, false)
#4 C:\xampp\htdocs\tokoklontong\vendor\codeigniter4\framework\system\Validation\Rules.php(156): CodeIgniter\Database\BaseBuilder->get()
#5 C:\xampp\htdocs\tokoklontong\vendor\codeigniter4\framework\system\Validation\Validation.php(312): CodeIgniter\Validation\Rules->is_unique('bts', 'supp_nama', Array, NULL, 'supp_nama')
#6 C:\xampp\htdocs\tokoklontong\vendor\codeigniter4\framework\system\Validation\Validation.php(170): CodeIgniter\Validation\Validation->processRules('supp_nama', 'supp_nama', 'bts', Array, Array)
#7 C:\xampp\htdocs\tokoklontong\app\Controllers\SupplierContact.php(219): CodeIgniter\Validation\Validation->run(Array)
#8 C:\xampp\htdocs\tokoklontong\vendor\codeigniter4\framework\system\CodeIgniter.php(934): App\Controllers\SupplierContact->save()
#9 C:\xampp\htdocs\tokoklontong\vendor\codeigniter4\framework\system\CodeIgniter.php(499): CodeIgniter\CodeIgniter->runController(Object(App\Controllers\SupplierContact))
#10 C:\xampp\htdocs\tokoklontong\vendor\codeigniter4\framework\system\CodeIgniter.php(368): CodeIgniter\CodeIgniter->handleRequest(NULL, Object(Config\Cache), false)
#11 C:\xampp\htdocs\tokoklontong\public\index.php(67): CodeIgniter\CodeIgniter->run()
#12 {main}
CRITICAL - 2023-05-16 16:19:25 --> Table 'rev_web_skripsi.supp' doesn't exist
in SYSTEMPATH\Database\MySQLi\Connection.php on line 295.
 1 SYSTEMPATH\Database\MySQLi\Connection.php(295): mysqli->query('SELECT 1
FROM `supp`
WHERE `supp_nama` = \'bts\'
 LIMIT 1', 0)
 2 SYSTEMPATH\Database\BaseConnection.php(691): CodeIgniter\Database\MySQLi\Connection->execute('SELECT 1
FROM `supp`
WHERE `supp_nama` = \'bts\'
 LIMIT 1')
 3 SYSTEMPATH\Database\BaseConnection.php(605): CodeIgniter\Database\BaseConnection->simpleQuery('SELECT 1
FROM `supp`
WHERE `supp_nama` = \'bts\'
 LIMIT 1')
 4 SYSTEMPATH\Database\BaseBuilder.php(1616): CodeIgniter\Database\BaseConnection->query('SELECT 1
FROM `supp`
WHERE `supp_nama` = :supp_nama:
 LIMIT 1', [...], false)
 5 SYSTEMPATH\Validation\Rules.php(156): CodeIgniter\Database\BaseBuilder->get()
 6 SYSTEMPATH\Validation\Validation.php(312): CodeIgniter\Validation\Rules->is_unique('bts', 'supp_nama', [...], null, 'supp_nama')
 7 SYSTEMPATH\Validation\Validation.php(170): CodeIgniter\Validation\Validation->processRules('supp_nama', 'supp_nama', 'bts', [...], [...])
 8 APPPATH\Controllers\SupplierContact.php(219): CodeIgniter\Validation\Validation->run([...])
 9 SYSTEMPATH\CodeIgniter.php(934): App\Controllers\SupplierContact->save()
10 SYSTEMPATH\CodeIgniter.php(499): CodeIgniter\CodeIgniter->runController(Object(App\Controllers\SupplierContact))
11 SYSTEMPATH\CodeIgniter.php(368): CodeIgniter\CodeIgniter->handleRequest(null, Object(Config\Cache), false)
12 FCPATH\index.php(67): CodeIgniter\CodeIgniter->run()
ERROR - 2023-05-16 16:19:25 --> mysqli_sql_exception: Table 'rev_web_skripsi.supp' doesn't exist in C:\xampp\htdocs\tokoklontong\vendor\codeigniter4\framework\system\Database\MySQLi\Connection.php:295
Stack trace:
#0 C:\xampp\htdocs\tokoklontong\vendor\codeigniter4\framework\system\Database\MySQLi\Connection.php(295): mysqli->query('SELECT 1\nFROM `...', 0)
#1 C:\xampp\htdocs\tokoklontong\vendor\codeigniter4\framework\system\Database\BaseConnection.php(691): CodeIgniter\Database\MySQLi\Connection->execute('SELECT 1\nFROM `...')
#2 C:\xampp\htdocs\tokoklontong\vendor\codeigniter4\framework\system\Database\BaseConnection.php(605): CodeIgniter\Database\BaseConnection->simpleQuery('SELECT 1\nFROM `...')
#3 C:\xampp\htdocs\tokoklontong\vendor\codeigniter4\framework\system\Database\BaseBuilder.php(1616): CodeIgniter\Database\BaseConnection->query('SELECT 1\nFROM `...', Array, false)
#4 C:\xampp\htdocs\tokoklontong\vendor\codeigniter4\framework\system\Validation\Rules.php(156): CodeIgniter\Database\BaseBuilder->get()
#5 C:\xampp\htdocs\tokoklontong\vendor\codeigniter4\framework\system\Validation\Validation.php(312): CodeIgniter\Validation\Rules->is_unique('bts', 'supp_nama', Array, NULL, 'supp_nama')
#6 C:\xampp\htdocs\tokoklontong\vendor\codeigniter4\framework\system\Validation\Validation.php(170): CodeIgniter\Validation\Validation->processRules('supp_nama', 'supp_nama', 'bts', Array, Array)
#7 C:\xampp\htdocs\tokoklontong\app\Controllers\SupplierContact.php(219): CodeIgniter\Validation\Validation->run(Array)
#8 C:\xampp\htdocs\tokoklontong\vendor\codeigniter4\framework\system\CodeIgniter.php(934): App\Controllers\SupplierContact->save()
#9 C:\xampp\htdocs\tokoklontong\vendor\codeigniter4\framework\system\CodeIgniter.php(499): CodeIgniter\CodeIgniter->runController(Object(App\Controllers\SupplierContact))
#10 C:\xampp\htdocs\tokoklontong\vendor\codeigniter4\framework\system\CodeIgniter.php(368): CodeIgniter\CodeIgniter->handleRequest(NULL, Object(Config\Cache), false)
#11 C:\xampp\htdocs\tokoklontong\public\index.php(67): CodeIgniter\CodeIgniter->run()
#12 {main}
CRITICAL - 2023-05-16 16:19:25 --> Table 'rev_web_skripsi.supp' doesn't exist
in SYSTEMPATH\Database\MySQLi\Connection.php on line 295.
 1 SYSTEMPATH\Database\MySQLi\Connection.php(295): mysqli->query('SELECT 1
FROM `supp`
WHERE `supp_nama` = \'bts\'
 LIMIT 1', 0)
 2 SYSTEMPATH\Database\BaseConnection.php(691): CodeIgniter\Database\MySQLi\Connection->execute('SELECT 1
FROM `supp`
WHERE `supp_nama` = \'bts\'
 LIMIT 1')
 3 SYSTEMPATH\Database\BaseConnection.php(605): CodeIgniter\Database\BaseConnection->simpleQuery('SELECT 1
FROM `supp`
WHERE `supp_nama` = \'bts\'
 LIMIT 1')
 4 SYSTEMPATH\Database\BaseBuilder.php(1616): CodeIgniter\Database\BaseConnection->query('SELECT 1
FROM `supp`
WHERE `supp_nama` = :supp_nama:
 LIMIT 1', [...], false)
 5 SYSTEMPATH\Validation\Rules.php(156): CodeIgniter\Database\BaseBuilder->get()
 6 SYSTEMPATH\Validation\Validation.php(312): CodeIgniter\Validation\Rules->is_unique('bts', 'supp_nama', [...], null, 'supp_nama')
 7 SYSTEMPATH\Validation\Validation.php(170): CodeIgniter\Validation\Validation->processRules('supp_nama', 'supp_nama', 'bts', [...], [...])
 8 APPPATH\Controllers\SupplierContact.php(219): CodeIgniter\Validation\Validation->run([...])
 9 SYSTEMPATH\CodeIgniter.php(934): App\Controllers\SupplierContact->save()
10 SYSTEMPATH\CodeIgniter.php(499): CodeIgniter\CodeIgniter->runController(Object(App\Controllers\SupplierContact))
11 SYSTEMPATH\CodeIgniter.php(368): CodeIgniter\CodeIgniter->handleRequest(null, Object(Config\Cache), false)
12 FCPATH\index.php(67): CodeIgniter\CodeIgniter->run()
ERROR - 2023-05-16 16:20:42 --> mysqli_sql_exception: Table 'rev_web_skripsi.supp' doesn't exist in C:\xampp\htdocs\tokoklontong\vendor\codeigniter4\framework\system\Database\MySQLi\Connection.php:295
Stack trace:
#0 C:\xampp\htdocs\tokoklontong\vendor\codeigniter4\framework\system\Database\MySQLi\Connection.php(295): mysqli->query('SELECT 1\nFROM `...', 0)
#1 C:\xampp\htdocs\tokoklontong\vendor\codeigniter4\framework\system\Database\BaseConnection.php(691): CodeIgniter\Database\MySQLi\Connection->execute('SELECT 1\nFROM `...')
#2 C:\xampp\htdocs\tokoklontong\vendor\codeigniter4\framework\system\Database\BaseConnection.php(605): CodeIgniter\Database\BaseConnection->simpleQuery('SELECT 1\nFROM `...')
#3 C:\xampp\htdocs\tokoklontong\vendor\codeigniter4\framework\system\Database\BaseBuilder.php(1616): CodeIgniter\Database\BaseConnection->query('SELECT 1\nFROM `...', Array, false)
#4 C:\xampp\htdocs\tokoklontong\vendor\codeigniter4\framework\system\Validation\Rules.php(156): CodeIgniter\Database\BaseBuilder->get()
#5 C:\xampp\htdocs\tokoklontong\vendor\codeigniter4\framework\system\Validation\Validation.php(312): CodeIgniter\Validation\Rules->is_unique('iKON', 'supp_nama', Array, NULL, 'supp_nama')
#6 C:\xampp\htdocs\tokoklontong\vendor\codeigniter4\framework\system\Validation\Validation.php(170): CodeIgniter\Validation\Validation->processRules('supp_nama', 'supp_nama', 'iKON', Array, Array)
#7 C:\xampp\htdocs\tokoklontong\app\Controllers\SupplierContact.php(219): CodeIgniter\Validation\Validation->run(Array)
#8 C:\xampp\htdocs\tokoklontong\vendor\codeigniter4\framework\system\CodeIgniter.php(934): App\Controllers\SupplierContact->save()
#9 C:\xampp\htdocs\tokoklontong\vendor\codeigniter4\framework\system\CodeIgniter.php(499): CodeIgniter\CodeIgniter->runController(Object(App\Controllers\SupplierContact))
#10 C:\xampp\htdocs\tokoklontong\vendor\codeigniter4\framework\system\CodeIgniter.php(368): CodeIgniter\CodeIgniter->handleRequest(NULL, Object(Config\Cache), false)
#11 C:\xampp\htdocs\tokoklontong\public\index.php(67): CodeIgniter\CodeIgniter->run()
#12 {main}
CRITICAL - 2023-05-16 16:20:42 --> Table 'rev_web_skripsi.supp' doesn't exist
in SYSTEMPATH\Database\MySQLi\Connection.php on line 295.
 1 SYSTEMPATH\Database\MySQLi\Connection.php(295): mysqli->query('SELECT 1
FROM `supp`
WHERE `supp_nama` = \'iKON\'
 LIMIT 1', 0)
 2 SYSTEMPATH\Database\BaseConnection.php(691): CodeIgniter\Database\MySQLi\Connection->execute('SELECT 1
FROM `supp`
WHERE `supp_nama` = \'iKON\'
 LIMIT 1')
 3 SYSTEMPATH\Database\BaseConnection.php(605): CodeIgniter\Database\BaseConnection->simpleQuery('SELECT 1
FROM `supp`
WHERE `supp_nama` = \'iKON\'
 LIMIT 1')
 4 SYSTEMPATH\Database\BaseBuilder.php(1616): CodeIgniter\Database\BaseConnection->query('SELECT 1
FROM `supp`
WHERE `supp_nama` = :supp_nama:
 LIMIT 1', [...], false)
 5 SYSTEMPATH\Validation\Rules.php(156): CodeIgniter\Database\BaseBuilder->get()
 6 SYSTEMPATH\Validation\Validation.php(312): CodeIgniter\Validation\Rules->is_unique('iKON', 'supp_nama', [...], null, 'supp_nama')
 7 SYSTEMPATH\Validation\Validation.php(170): CodeIgniter\Validation\Validation->processRules('supp_nama', 'supp_nama', 'iKON', [...], [...])
 8 APPPATH\Controllers\SupplierContact.php(219): CodeIgniter\Validation\Validation->run([...])
 9 SYSTEMPATH\CodeIgniter.php(934): App\Controllers\SupplierContact->save()
10 SYSTEMPATH\CodeIgniter.php(499): CodeIgniter\CodeIgniter->runController(Object(App\Controllers\SupplierContact))
11 SYSTEMPATH\CodeIgniter.php(368): CodeIgniter\CodeIgniter->handleRequest(null, Object(Config\Cache), false)
12 FCPATH\index.php(67): CodeIgniter\CodeIgniter->run()
ERROR - 2023-05-16 16:20:45 --> mysqli_sql_exception: Table 'rev_web_skripsi.supp' doesn't exist in C:\xampp\htdocs\tokoklontong\vendor\codeigniter4\framework\system\Database\MySQLi\Connection.php:295
Stack trace:
#0 C:\xampp\htdocs\tokoklontong\vendor\codeigniter4\framework\system\Database\MySQLi\Connection.php(295): mysqli->query('SELECT 1\nFROM `...', 0)
#1 C:\xampp\htdocs\tokoklontong\vendor\codeigniter4\framework\system\Database\BaseConnection.php(691): CodeIgniter\Database\MySQLi\Connection->execute('SELECT 1\nFROM `...')
#2 C:\xampp\htdocs\tokoklontong\vendor\codeigniter4\framework\system\Database\BaseConnection.php(605): CodeIgniter\Database\BaseConnection->simpleQuery('SELECT 1\nFROM `...')
#3 C:\xampp\htdocs\tokoklontong\vendor\codeigniter4\framework\system\Database\BaseBuilder.php(1616): CodeIgniter\Database\BaseConnection->query('SELECT 1\nFROM `...', Array, false)
#4 C:\xampp\htdocs\tokoklontong\vendor\codeigniter4\framework\system\Validation\Rules.php(156): CodeIgniter\Database\BaseBuilder->get()
#5 C:\xampp\htdocs\tokoklontong\vendor\codeigniter4\framework\system\Validation\Validation.php(312): CodeIgniter\Validation\Rules->is_unique('iKON', 'supp_nama', Array, NULL, 'supp_nama')
#6 C:\xampp\htdocs\tokoklontong\vendor\codeigniter4\framework\system\Validation\Validation.php(170): CodeIgniter\Validation\Validation->processRules('supp_nama', 'supp_nama', 'iKON', Array, Array)
#7 C:\xampp\htdocs\tokoklontong\app\Controllers\SupplierContact.php(219): CodeIgniter\Validation\Validation->run(Array)
#8 C:\xampp\htdocs\tokoklontong\vendor\codeigniter4\framework\system\CodeIgniter.php(934): App\Controllers\SupplierContact->save()
#9 C:\xampp\htdocs\tokoklontong\vendor\codeigniter4\framework\system\CodeIgniter.php(499): CodeIgniter\CodeIgniter->runController(Object(App\Controllers\SupplierContact))
#10 C:\xampp\htdocs\tokoklontong\vendor\codeigniter4\framework\system\CodeIgniter.php(368): CodeIgniter\CodeIgniter->handleRequest(NULL, Object(Config\Cache), false)
#11 C:\xampp\htdocs\tokoklontong\public\index.php(67): CodeIgniter\CodeIgniter->run()
#12 {main}
CRITICAL - 2023-05-16 16:20:45 --> Table 'rev_web_skripsi.supp' doesn't exist
in SYSTEMPATH\Database\MySQLi\Connection.php on line 295.
 1 SYSTEMPATH\Database\MySQLi\Connection.php(295): mysqli->query('SELECT 1
FROM `supp`
WHERE `supp_nama` = \'iKON\'
 LIMIT 1', 0)
 2 SYSTEMPATH\Database\BaseConnection.php(691): CodeIgniter\Database\MySQLi\Connection->execute('SELECT 1
FROM `supp`
WHERE `supp_nama` = \'iKON\'
 LIMIT 1')
 3 SYSTEMPATH\Database\BaseConnection.php(605): CodeIgniter\Database\BaseConnection->simpleQuery('SELECT 1
FROM `supp`
WHERE `supp_nama` = \'iKON\'
 LIMIT 1')
 4 SYSTEMPATH\Database\BaseBuilder.php(1616): CodeIgniter\Database\BaseConnection->query('SELECT 1
FROM `supp`
WHERE `supp_nama` = :supp_nama:
 LIMIT 1', [...], false)
 5 SYSTEMPATH\Validation\Rules.php(156): CodeIgniter\Database\BaseBuilder->get()
 6 SYSTEMPATH\Validation\Validation.php(312): CodeIgniter\Validation\Rules->is_unique('iKON', 'supp_nama', [...], null, 'supp_nama')
 7 SYSTEMPATH\Validation\Validation.php(170): CodeIgniter\Validation\Validation->processRules('supp_nama', 'supp_nama', 'iKON', [...], [...])
 8 APPPATH\Controllers\SupplierContact.php(219): CodeIgniter\Validation\Validation->run([...])
 9 SYSTEMPATH\CodeIgniter.php(934): App\Controllers\SupplierContact->save()
10 SYSTEMPATH\CodeIgniter.php(499): CodeIgniter\CodeIgniter->runController(Object(App\Controllers\SupplierContact))
11 SYSTEMPATH\CodeIgniter.php(368): CodeIgniter\CodeIgniter->handleRequest(null, Object(Config\Cache), false)
12 FCPATH\index.php(67): CodeIgniter\CodeIgniter->run()
ERROR - 2023-05-16 16:40:16 --> mysqli_sql_exception: Table 'rev_web_skripsi.supp' doesn't exist in C:\xampp\htdocs\tokoklontong\vendor\codeigniter4\framework\system\Database\MySQLi\Connection.php:295
Stack trace:
#0 C:\xampp\htdocs\tokoklontong\vendor\codeigniter4\framework\system\Database\MySQLi\Connection.php(295): mysqli->query('SELECT 1\nFROM `...', 0)
#1 C:\xampp\htdocs\tokoklontong\vendor\codeigniter4\framework\system\Database\BaseConnection.php(691): CodeIgniter\Database\MySQLi\Connection->execute('SELECT 1\nFROM `...')
#2 C:\xampp\htdocs\tokoklontong\vendor\codeigniter4\framework\system\Database\BaseConnection.php(605): CodeIgniter\Database\BaseConnection->simpleQuery('SELECT 1\nFROM `...')
#3 C:\xampp\htdocs\tokoklontong\vendor\codeigniter4\framework\system\Database\BaseBuilder.php(1616): CodeIgniter\Database\BaseConnection->query('SELECT 1\nFROM `...', Array, false)
#4 C:\xampp\htdocs\tokoklontong\vendor\codeigniter4\framework\system\Validation\Rules.php(156): CodeIgniter\Database\BaseBuilder->get()
#5 C:\xampp\htdocs\tokoklontong\vendor\codeigniter4\framework\system\Validation\Validation.php(312): CodeIgniter\Validation\Rules->is_unique('oaisdjfo', 'supp_nama', Array, NULL, 'supp_nama')
#6 C:\xampp\htdocs\tokoklontong\vendor\codeigniter4\framework\system\Validation\Validation.php(170): CodeIgniter\Validation\Validation->processRules('supp_nama', 'supp_nama', 'oaisdjfo', Array, Array)
#7 C:\xampp\htdocs\tokoklontong\app\Controllers\SupplierContact.php(219): CodeIgniter\Validation\Validation->run(Array)
#8 C:\xampp\htdocs\tokoklontong\vendor\codeigniter4\framework\system\CodeIgniter.php(934): App\Controllers\SupplierContact->save()
#9 C:\xampp\htdocs\tokoklontong\vendor\codeigniter4\framework\system\CodeIgniter.php(499): CodeIgniter\CodeIgniter->runController(Object(App\Controllers\SupplierContact))
#10 C:\xampp\htdocs\tokoklontong\vendor\codeigniter4\framework\system\CodeIgniter.php(368): CodeIgniter\CodeIgniter->handleRequest(NULL, Object(Config\Cache), false)
#11 C:\xampp\htdocs\tokoklontong\public\index.php(67): CodeIgniter\CodeIgniter->run()
#12 {main}
CRITICAL - 2023-05-16 16:40:16 --> Table 'rev_web_skripsi.supp' doesn't exist
in SYSTEMPATH\Database\MySQLi\Connection.php on line 295.
 1 SYSTEMPATH\Database\MySQLi\Connection.php(295): mysqli->query('SELECT 1
FROM `supp`
WHERE `supp_nama` = \'oaisdjfo\'
 LIMIT 1', 0)
 2 SYSTEMPATH\Database\BaseConnection.php(691): CodeIgniter\Database\MySQLi\Connection->execute('SELECT 1
FROM `supp`
WHERE `supp_nama` = \'oaisdjfo\'
 LIMIT 1')
 3 SYSTEMPATH\Database\BaseConnection.php(605): CodeIgniter\Database\BaseConnection->simpleQuery('SELECT 1
FROM `supp`
WHERE `supp_nama` = \'oaisdjfo\'
 LIMIT 1')
 4 SYSTEMPATH\Database\BaseBuilder.php(1616): CodeIgniter\Database\BaseConnection->query('SELECT 1
FROM `supp`
WHERE `supp_nama` = :supp_nama:
 LIMIT 1', [...], false)
 5 SYSTEMPATH\Validation\Rules.php(156): CodeIgniter\Database\BaseBuilder->get()
 6 SYSTEMPATH\Validation\Validation.php(312): CodeIgniter\Validation\Rules->is_unique('oaisdjfo', 'supp_nama', [...], null, 'supp_nama')
 7 SYSTEMPATH\Validation\Validation.php(170): CodeIgniter\Validation\Validation->processRules('supp_nama', 'supp_nama', 'oaisdjfo', [...], [...])
 8 APPPATH\Controllers\SupplierContact.php(219): CodeIgniter\Validation\Validation->run([...])
 9 SYSTEMPATH\CodeIgniter.php(934): App\Controllers\SupplierContact->save()
10 SYSTEMPATH\CodeIgniter.php(499): CodeIgniter\CodeIgniter->runController(Object(App\Controllers\SupplierContact))
11 SYSTEMPATH\CodeIgniter.php(368): CodeIgniter\CodeIgniter->handleRequest(null, Object(Config\Cache), false)
12 FCPATH\index.php(67): CodeIgniter\CodeIgniter->run()
ERROR - 2023-05-16 16:40:22 --> mysqli_sql_exception: Table 'rev_web_skripsi.supp' doesn't exist in C:\xampp\htdocs\tokoklontong\vendor\codeigniter4\framework\system\Database\MySQLi\Connection.php:295
Stack trace:
#0 C:\xampp\htdocs\tokoklontong\vendor\codeigniter4\framework\system\Database\MySQLi\Connection.php(295): mysqli->query('SELECT 1\nFROM `...', 0)
#1 C:\xampp\htdocs\tokoklontong\vendor\codeigniter4\framework\system\Database\BaseConnection.php(691): CodeIgniter\Database\MySQLi\Connection->execute('SELECT 1\nFROM `...')
#2 C:\xampp\htdocs\tokoklontong\vendor\codeigniter4\framework\system\Database\BaseConnection.php(605): CodeIgniter\Database\BaseConnection->simpleQuery('SELECT 1\nFROM `...')
#3 C:\xampp\htdocs\tokoklontong\vendor\codeigniter4\framework\system\Database\BaseBuilder.php(1616): CodeIgniter\Database\BaseConnection->query('SELECT 1\nFROM `...', Array, false)
#4 C:\xampp\htdocs\tokoklontong\vendor\codeigniter4\framework\system\Validation\Rules.php(156): CodeIgniter\Database\BaseBuilder->get()
#5 C:\xampp\htdocs\tokoklontong\vendor\codeigniter4\framework\system\Validation\Validation.php(312): CodeIgniter\Validation\Rules->is_unique('oaisdjfo', 'supp_nama', Array, NULL, 'supp_nama')
#6 C:\xampp\htdocs\tokoklontong\vendor\codeigniter4\framework\system\Validation\Validation.php(170): CodeIgniter\Validation\Validation->processRules('supp_nama', 'supp_nama', 'oaisdjfo', Array, Array)
#7 C:\xampp\htdocs\tokoklontong\app\Controllers\SupplierContact.php(219): CodeIgniter\Validation\Validation->run(Array)
#8 C:\xampp\htdocs\tokoklontong\vendor\codeigniter4\framework\system\CodeIgniter.php(934): App\Controllers\SupplierContact->save()
#9 C:\xampp\htdocs\tokoklontong\vendor\codeigniter4\framework\system\CodeIgniter.php(499): CodeIgniter\CodeIgniter->runController(Object(App\Controllers\SupplierContact))
#10 C:\xampp\htdocs\tokoklontong\vendor\codeigniter4\framework\system\CodeIgniter.php(368): CodeIgniter\CodeIgniter->handleRequest(NULL, Object(Config\Cache), false)
#11 C:\xampp\htdocs\tokoklontong\public\index.php(67): CodeIgniter\CodeIgniter->run()
#12 {main}
CRITICAL - 2023-05-16 16:40:22 --> Table 'rev_web_skripsi.supp' doesn't exist
in SYSTEMPATH\Database\MySQLi\Connection.php on line 295.
 1 SYSTEMPATH\Database\MySQLi\Connection.php(295): mysqli->query('SELECT 1
FROM `supp`
WHERE `supp_nama` = \'oaisdjfo\'
 LIMIT 1', 0)
 2 SYSTEMPATH\Database\BaseConnection.php(691): CodeIgniter\Database\MySQLi\Connection->execute('SELECT 1
FROM `supp`
WHERE `supp_nama` = \'oaisdjfo\'
 LIMIT 1')
 3 SYSTEMPATH\Database\BaseConnection.php(605): CodeIgniter\Database\BaseConnection->simpleQuery('SELECT 1
FROM `supp`
WHERE `supp_nama` = \'oaisdjfo\'
 LIMIT 1')
 4 SYSTEMPATH\Database\BaseBuilder.php(1616): CodeIgniter\Database\BaseConnection->query('SELECT 1
FROM `supp`
WHERE `supp_nama` = :supp_nama:
 LIMIT 1', [...], false)
 5 SYSTEMPATH\Validation\Rules.php(156): CodeIgniter\Database\BaseBuilder->get()
 6 SYSTEMPATH\Validation\Validation.php(312): CodeIgniter\Validation\Rules->is_unique('oaisdjfo', 'supp_nama', [...], null, 'supp_nama')
 7 SYSTEMPATH\Validation\Validation.php(170): CodeIgniter\Validation\Validation->processRules('supp_nama', 'supp_nama', 'oaisdjfo', [...], [...])
 8 APPPATH\Controllers\SupplierContact.php(219): CodeIgniter\Validation\Validation->run([...])
 9 SYSTEMPATH\CodeIgniter.php(934): App\Controllers\SupplierContact->save()
10 SYSTEMPATH\CodeIgniter.php(499): CodeIgniter\CodeIgniter->runController(Object(App\Controllers\SupplierContact))
11 SYSTEMPATH\CodeIgniter.php(368): CodeIgniter\CodeIgniter->handleRequest(null, Object(Config\Cache), false)
12 FCPATH\index.php(67): CodeIgniter\CodeIgniter->run()
ERROR - 2023-05-16 16:46:49 --> mysqli_sql_exception: Table 'rev_web_skripsi.supp' doesn't exist in C:\xampp\htdocs\tokoklontong\vendor\codeigniter4\framework\system\Database\MySQLi\Connection.php:295
Stack trace:
#0 C:\xampp\htdocs\tokoklontong\vendor\codeigniter4\framework\system\Database\MySQLi\Connection.php(295): mysqli->query('SELECT 1\nFROM `...', 0)
#1 C:\xampp\htdocs\tokoklontong\vendor\codeigniter4\framework\system\Database\BaseConnection.php(691): CodeIgniter\Database\MySQLi\Connection->execute('SELECT 1\nFROM `...')
#2 C:\xampp\htdocs\tokoklontong\vendor\codeigniter4\framework\system\Database\BaseConnection.php(605): CodeIgniter\Database\BaseConnection->simpleQuery('SELECT 1\nFROM `...')
#3 C:\xampp\htdocs\tokoklontong\vendor\codeigniter4\framework\system\Database\BaseBuilder.php(1616): CodeIgniter\Database\BaseConnection->query('SELECT 1\nFROM `...', Array, false)
#4 C:\xampp\htdocs\tokoklontong\vendor\codeigniter4\framework\system\Validation\Rules.php(156): CodeIgniter\Database\BaseBuilder->get()
#5 C:\xampp\htdocs\tokoklontong\vendor\codeigniter4\framework\system\Validation\Validation.php(312): CodeIgniter\Validation\Rules->is_unique('wqret', 'supp_nama', Array, NULL, 'supp_nama')
#6 C:\xampp\htdocs\tokoklontong\vendor\codeigniter4\framework\system\Validation\Validation.php(170): CodeIgniter\Validation\Validation->processRules('supp_nama', 'supp_nama', 'wqret', Array, Array)
#7 C:\xampp\htdocs\tokoklontong\app\Controllers\SupplierContact.php(219): CodeIgniter\Validation\Validation->run(Array)
#8 C:\xampp\htdocs\tokoklontong\vendor\codeigniter4\framework\system\CodeIgniter.php(934): App\Controllers\SupplierContact->save()
#9 C:\xampp\htdocs\tokoklontong\vendor\codeigniter4\framework\system\CodeIgniter.php(499): CodeIgniter\CodeIgniter->runController(Object(App\Controllers\SupplierContact))
#10 C:\xampp\htdocs\tokoklontong\vendor\codeigniter4\framework\system\CodeIgniter.php(368): CodeIgniter\CodeIgniter->handleRequest(NULL, Object(Config\Cache), false)
#11 C:\xampp\htdocs\tokoklontong\public\index.php(67): CodeIgniter\CodeIgniter->run()
#12 {main}
CRITICAL - 2023-05-16 16:46:49 --> Table 'rev_web_skripsi.supp' doesn't exist
in SYSTEMPATH\Database\MySQLi\Connection.php on line 295.
 1 SYSTEMPATH\Database\MySQLi\Connection.php(295): mysqli->query('SELECT 1
FROM `supp`
WHERE `supp_nama` = \'wqret\'
 LIMIT 1', 0)
 2 SYSTEMPATH\Database\BaseConnection.php(691): CodeIgniter\Database\MySQLi\Connection->execute('SELECT 1
FROM `supp`
WHERE `supp_nama` = \'wqret\'
 LIMIT 1')
 3 SYSTEMPATH\Database\BaseConnection.php(605): CodeIgniter\Database\BaseConnection->simpleQuery('SELECT 1
FROM `supp`
WHERE `supp_nama` = \'wqret\'
 LIMIT 1')
 4 SYSTEMPATH\Database\BaseBuilder.php(1616): CodeIgniter\Database\BaseConnection->query('SELECT 1
FROM `supp`
WHERE `supp_nama` = :supp_nama:
 LIMIT 1', [...], false)
 5 SYSTEMPATH\Validation\Rules.php(156): CodeIgniter\Database\BaseBuilder->get()
 6 SYSTEMPATH\Validation\Validation.php(312): CodeIgniter\Validation\Rules->is_unique('wqret', 'supp_nama', [...], null, 'supp_nama')
 7 SYSTEMPATH\Validation\Validation.php(170): CodeIgniter\Validation\Validation->processRules('supp_nama', 'supp_nama', 'wqret', [...], [...])
 8 APPPATH\Controllers\SupplierContact.php(219): CodeIgniter\Validation\Validation->run([...])
 9 SYSTEMPATH\CodeIgniter.php(934): App\Controllers\SupplierContact->save()
10 SYSTEMPATH\CodeIgniter.php(499): CodeIgniter\CodeIgniter->runController(Object(App\Controllers\SupplierContact))
11 SYSTEMPATH\CodeIgniter.php(368): CodeIgniter\CodeIgniter->handleRequest(null, Object(Config\Cache), false)
12 FCPATH\index.php(67): CodeIgniter\CodeIgniter->run()
