CRITICAL - 2023-05-23 07:02:02 --> Trying to get property 'tanggal' of non-object
in APPPATH\Views\transaksi\receipt_print.php on line 86.
 1 APPPATH\Views\transaksi\receipt_print.php(86): CodeIgniter\Debug\Exceptions->errorHandler(8, 'Trying to get property \'tanggal\' of non-object', 'C:\\xampp\\htdocs\\tokoklontong\\app\\Views\\transaksi\\receipt_print.php', 86, [...])
 2 SYSTEMPATH\View\View.php(213): include('C:\\xampp\\htdocs\\tokoklontong\\app\\Views\\transaksi\\receipt_print.php')
 3 SYSTEMPATH\View\View.php(216): CodeIgniter\View\View->CodeIgniter\View\{closure}()
 4 SYSTEMPATH\Common.php(1184): CodeIgniter\View\View->render('transaksi/receipt_print', [], true)
 5 APPPATH\Controllers\Transaksi.php(524): view('transaksi/receipt_print', [...])
 6 SYSTEMPATH\CodeIgniter.php(934): App\Controllers\Transaksi->cetak('0')
 7 SYSTEMPATH\CodeIgniter.php(499): CodeIgniter\CodeIgniter->runController(Object(App\Controllers\Transaksi))
 8 SYSTEMPATH\CodeIgniter.php(368): CodeIgniter\CodeIgniter->handleRequest(null, Object(Config\Cache), false)
 9 FCPATH\index.php(67): CodeIgniter\CodeIgniter->run()
CRITICAL - 2023-05-23 09:29:11 --> Trying to access array offset on value of type null
in APPPATH\Controllers\HutangPelanggan.php on line 140.
 1 APPPATH\Controllers\HutangPelanggan.php(140): CodeIgniter\Debug\Exceptions->errorHandler(8, 'Trying to access array offset on value of type null', 'C:\\xampp\\htdocs\\tokoklontong\\app\\Controllers\\HutangPelanggan.php', 140, [...])
 2 SYSTEMPATH\CodeIgniter.php(934): App\Controllers\HutangPelanggan->getDataHutangPelanggan()
 3 SYSTEMPATH\CodeIgniter.php(499): CodeIgniter\CodeIgniter->runController(Object(App\Controllers\HutangPelanggan))
 4 SYSTEMPATH\CodeIgniter.php(368): CodeIgniter\CodeIgniter->handleRequest(null, Object(Config\Cache), false)
 5 FCPATH\index.php(67): CodeIgniter\CodeIgniter->run()
CRITICAL - 2023-05-23 09:29:26 --> Trying to access array offset on value of type null
in APPPATH\Controllers\HutangPelanggan.php on line 140.
 1 APPPATH\Controllers\HutangPelanggan.php(140): CodeIgniter\Debug\Exceptions->errorHandler(8, 'Trying to access array offset on value of type null', 'C:\\xampp\\htdocs\\tokoklontong\\app\\Controllers\\HutangPelanggan.php', 140, [...])
 2 SYSTEMPATH\CodeIgniter.php(934): App\Controllers\HutangPelanggan->getDataHutangPelanggan()
 3 SYSTEMPATH\CodeIgniter.php(499): CodeIgniter\CodeIgniter->runController(Object(App\Controllers\HutangPelanggan))
 4 SYSTEMPATH\CodeIgniter.php(368): CodeIgniter\CodeIgniter->handleRequest(null, Object(Config\Cache), false)
 5 FCPATH\index.php(67): CodeIgniter\CodeIgniter->run()
CRITICAL - 2023-05-23 09:41:01 --> Trying to get property 'invoice' of non-object
in APPPATH\Views\transaksi\receipt_no_print.php on line 5.
 1 APPPATH\Views\transaksi\receipt_no_print.php(5): CodeIgniter\Debug\Exceptions->errorHandler(8, 'Trying to get property \'invoice\' of non-object', 'C:\\xampp\\htdocs\\tokoklontong\\app\\Views\\transaksi\\receipt_no_print.php', 5, [...])
 2 SYSTEMPATH\View\View.php(213): include('C:\\xampp\\htdocs\\tokoklontong\\app\\Views\\transaksi\\receipt_no_print.php')
 3 SYSTEMPATH\View\View.php(216): CodeIgniter\View\View->CodeIgniter\View\{closure}()
 4 SYSTEMPATH\Common.php(1184): CodeIgniter\View\View->render('transaksi/receipt_no_print', [], true)
 5 APPPATH\Controllers\Transaksi.php(539): view('transaksi/receipt_no_print', [...])
 6 SYSTEMPATH\CodeIgniter.php(934): App\Controllers\Transaksi->cetak_no_print('1075')
 7 SYSTEMPATH\CodeIgniter.php(499): CodeIgniter\CodeIgniter->runController(Object(App\Controllers\Transaksi))
 8 SYSTEMPATH\CodeIgniter.php(368): CodeIgniter\CodeIgniter->handleRequest(null, Object(Config\Cache), false)
 9 FCPATH\index.php(67): CodeIgniter\CodeIgniter->run()
CRITICAL - 2023-05-23 09:41:14 --> Trying to get property 'invoice' of non-object
in APPPATH\Views\transaksi\receipt_no_print.php on line 5.
 1 APPPATH\Views\transaksi\receipt_no_print.php(5): CodeIgniter\Debug\Exceptions->errorHandler(8, 'Trying to get property \'invoice\' of non-object', 'C:\\xampp\\htdocs\\tokoklontong\\app\\Views\\transaksi\\receipt_no_print.php', 5, [...])
 2 SYSTEMPATH\View\View.php(213): include('C:\\xampp\\htdocs\\tokoklontong\\app\\Views\\transaksi\\receipt_no_print.php')
 3 SYSTEMPATH\View\View.php(216): CodeIgniter\View\View->CodeIgniter\View\{closure}()
 4 SYSTEMPATH\Common.php(1184): CodeIgniter\View\View->render('transaksi/receipt_no_print', [], true)
 5 APPPATH\Controllers\Transaksi.php(539): view('transaksi/receipt_no_print', [...])
 6 SYSTEMPATH\CodeIgniter.php(934): App\Controllers\Transaksi->cetak_no_print('1073')
 7 SYSTEMPATH\CodeIgniter.php(499): CodeIgniter\CodeIgniter->runController(Object(App\Controllers\Transaksi))
 8 SYSTEMPATH\CodeIgniter.php(368): CodeIgniter\CodeIgniter->handleRequest(null, Object(Config\Cache), false)
 9 FCPATH\index.php(67): CodeIgniter\CodeIgniter->run()
CRITICAL - 2023-05-23 19:47:28 --> session_start(): A session had already been started - ignoring
in APPPATH\Views\layout\template.php on line 52.
 1 [internal function]: CodeIgniter\Debug\Exceptions->errorHandler(8, 'session_start(): A session had already been started - ignoring', 'C:\\xampp\\htdocs\\tokoklontong\\app\\Views\\layout\\template.php', 52, [...])
 2 APPPATH\Views\layout\template.php(52): session_start()
 3 SYSTEMPATH\View\View.php(213): include('C:\\xampp\\htdocs\\tokoklontong\\app\\Views\\layout\\template.php')
 4 SYSTEMPATH\View\View.php(216): CodeIgniter\View\View->CodeIgniter\View\{closure}()
 5 SYSTEMPATH\View\View.php(229): CodeIgniter\View\View->render('layout/template', [], true)
 6 SYSTEMPATH\Common.php(1184): CodeIgniter\View\View->render('login/index', [], true)
 7 APPPATH\Controllers\Login.php(18): view('login/index', [...])
 8 SYSTEMPATH\CodeIgniter.php(934): App\Controllers\Login->index()
 9 SYSTEMPATH\CodeIgniter.php(499): CodeIgniter\CodeIgniter->runController(Object(App\Controllers\Login))
10 SYSTEMPATH\CodeIgniter.php(368): CodeIgniter\CodeIgniter->handleRequest(null, Object(Config\Cache), false)
11 FCPATH\index.php(67): CodeIgniter\CodeIgniter->run()
ERROR - 2023-05-23 20:05:46 --> mysqli_sql_exception: Unknown column 'user_name' in 'where clause' in C:\xampp\htdocs\tokoklontong\vendor\codeigniter4\framework\system\Database\MySQLi\Connection.php:295
Stack trace:
#0 C:\xampp\htdocs\tokoklontong\vendor\codeigniter4\framework\system\Database\MySQLi\Connection.php(295): mysqli->query('SELECT *\nFROM `...', 0)
#1 C:\xampp\htdocs\tokoklontong\vendor\codeigniter4\framework\system\Database\BaseConnection.php(691): CodeIgniter\Database\MySQLi\Connection->execute('SELECT *\nFROM `...')
#2 C:\xampp\htdocs\tokoklontong\vendor\codeigniter4\framework\system\Database\BaseConnection.php(605): CodeIgniter\Database\BaseConnection->simpleQuery('SELECT *\nFROM `...')
#3 C:\xampp\htdocs\tokoklontong\vendor\codeigniter4\framework\system\Database\BaseBuilder.php(1616): CodeIgniter\Database\BaseConnection->query('SELECT *\nFROM `...', Array, false)
#4 C:\xampp\htdocs\tokoklontong\vendor\codeigniter4\framework\system\Model.php(268): CodeIgniter\Database\BaseBuilder->get()
#5 C:\xampp\htdocs\tokoklontong\vendor\codeigniter4\framework\system\BaseModel.php(656): CodeIgniter\Model->doFirst()
#6 C:\xampp\htdocs\tokoklontong\app\Controllers\Login.php(28): CodeIgniter\BaseModel->first()
#7 C:\xampp\htdocs\tokoklontong\vendor\codeigniter4\framework\system\CodeIgniter.php(934): App\Controllers\Login->process()
#8 C:\xampp\htdocs\tokoklontong\vendor\codeigniter4\framework\system\CodeIgniter.php(499): CodeIgniter\CodeIgniter->runController(Object(App\Controllers\Login))
#9 C:\xampp\htdocs\tokoklontong\vendor\codeigniter4\framework\system\CodeIgniter.php(368): CodeIgniter\CodeIgniter->handleRequest(NULL, Object(Config\Cache), false)
#10 C:\xampp\htdocs\tokoklontong\public\index.php(67): CodeIgniter\CodeIgniter->run()
#11 {main}
CRITICAL - 2023-05-23 20:05:46 --> Unknown column 'user_name' in 'where clause'
in SYSTEMPATH\Database\MySQLi\Connection.php on line 295.
 1 SYSTEMPATH\Database\MySQLi\Connection.php(295): mysqli->query('SELECT *
FROM `user`
WHERE `user_name` = \'adoijf\'
 LIMIT 1', 0)
 2 SYSTEMPATH\Database\BaseConnection.php(691): CodeIgniter\Database\MySQLi\Connection->execute('SELECT *
FROM `user`
WHERE `user_name` = \'adoijf\'
 LIMIT 1')
 3 SYSTEMPATH\Database\BaseConnection.php(605): CodeIgniter\Database\BaseConnection->simpleQuery('SELECT *
FROM `user`
WHERE `user_name` = \'adoijf\'
 LIMIT 1')
 4 SYSTEMPATH\Database\BaseBuilder.php(1616): CodeIgniter\Database\BaseConnection->query('SELECT *
FROM `user`
WHERE `user_name` = :user_name:
 LIMIT 1', [...], false)
 5 SYSTEMPATH\Model.php(268): CodeIgniter\Database\BaseBuilder->get()
 6 SYSTEMPATH\BaseModel.php(656): CodeIgniter\Model->doFirst()
 7 APPPATH\Controllers\Login.php(28): CodeIgniter\BaseModel->first()
 8 SYSTEMPATH\CodeIgniter.php(934): App\Controllers\Login->process()
 9 SYSTEMPATH\CodeIgniter.php(499): CodeIgniter\CodeIgniter->runController(Object(App\Controllers\Login))
10 SYSTEMPATH\CodeIgniter.php(368): CodeIgniter\CodeIgniter->handleRequest(null, Object(Config\Cache), false)
11 FCPATH\index.php(67): CodeIgniter\CodeIgniter->run()
CRITICAL - 2023-05-23 20:11:06 --> Undefined index: user_name
in APPPATH\Controllers\Login.php on line 53.
 1 APPPATH\Controllers\Login.php(53): CodeIgniter\Debug\Exceptions->errorHandler(8, 'Undefined index: user_name', 'C:\\xampp\\htdocs\\tokoklontong\\app\\Controllers\\Login.php', 53, [...])
 2 SYSTEMPATH\CodeIgniter.php(934): App\Controllers\Login->process()
 3 SYSTEMPATH\CodeIgniter.php(499): CodeIgniter\CodeIgniter->runController(Object(App\Controllers\Login))
 4 SYSTEMPATH\CodeIgniter.php(368): CodeIgniter\CodeIgniter->handleRequest(null, Object(Config\Cache), false)
 5 FCPATH\index.php(67): CodeIgniter\CodeIgniter->run()
CRITICAL - 2023-05-23 20:11:51 --> Undefined index: user_isowner
in APPPATH\Controllers\Login.php on line 54.
 1 APPPATH\Controllers\Login.php(54): CodeIgniter\Debug\Exceptions->errorHandler(8, 'Undefined index: user_isowner', 'C:\\xampp\\htdocs\\tokoklontong\\app\\Controllers\\Login.php', 54, [...])
 2 SYSTEMPATH\CodeIgniter.php(934): App\Controllers\Login->process()
 3 SYSTEMPATH\CodeIgniter.php(499): CodeIgniter\CodeIgniter->runController(Object(App\Controllers\Login))
 4 SYSTEMPATH\CodeIgniter.php(368): CodeIgniter\CodeIgniter->handleRequest(null, Object(Config\Cache), false)
 5 FCPATH\index.php(67): CodeIgniter\CodeIgniter->run()
CRITICAL - 2023-05-23 20:46:48 --> Undefined variable: validation
in APPPATH\Views\supplier_contact\create.php on line 18.
 1 APPPATH\Views\supplier_contact\create.php(18): CodeIgniter\Debug\Exceptions->errorHandler(8, 'Undefined variable: validation', 'C:\\xampp\\htdocs\\tokoklontong\\app\\Views\\supplier_contact\\create.php', 18, [...])
 2 SYSTEMPATH\View\View.php(213): include('C:\\xampp\\htdocs\\tokoklontong\\app\\Views\\supplier_contact\\create.php')
 3 SYSTEMPATH\View\View.php(216): CodeIgniter\View\View->CodeIgniter\View\{closure}()
 4 SYSTEMPATH\Common.php(1184): CodeIgniter\View\View->render('supplier_contact/create', [], true)
 5 APPPATH\Views\admin\index.php(545): view('supplier_contact/create')
 6 SYSTEMPATH\View\View.php(213): include('C:\\xampp\\htdocs\\tokoklontong\\app\\Views\\admin\\index.php')
 7 SYSTEMPATH\View\View.php(216): CodeIgniter\View\View->CodeIgniter\View\{closure}()
 8 SYSTEMPATH\Common.php(1184): CodeIgniter\View\View->render('admin/index', [], true)
 9 APPPATH\Controllers\Admin.php(25): view('admin/index', [...])
10 SYSTEMPATH\CodeIgniter.php(934): App\Controllers\Admin->index()
11 SYSTEMPATH\CodeIgniter.php(499): CodeIgniter\CodeIgniter->runController(Object(App\Controllers\Admin))
12 SYSTEMPATH\CodeIgniter.php(368): CodeIgniter\CodeIgniter->handleRequest(null, Object(Config\Cache), false)
13 FCPATH\index.php(67): CodeIgniter\CodeIgniter->run()
CRITICAL - 2023-05-23 20:47:01 --> Invalid file: "login/.php"
in SYSTEMPATH\Exceptions\FrameworkException.php on line 33.
 1 SYSTEMPATH\View\View.php(201): CodeIgniter\Exceptions\FrameworkException::forInvalidFile('login/.php')
 2 SYSTEMPATH\Common.php(1184): CodeIgniter\View\View->render('login/', [], true)
 3 APPPATH\Views\admin\index.php(545): view('login/')
 4 SYSTEMPATH\View\View.php(213): include('C:\\xampp\\htdocs\\tokoklontong\\app\\Views\\admin\\index.php')
 5 SYSTEMPATH\View\View.php(216): CodeIgniter\View\View->CodeIgniter\View\{closure}()
 6 SYSTEMPATH\Common.php(1184): CodeIgniter\View\View->render('admin/index', [], true)
 7 APPPATH\Controllers\Admin.php(25): view('admin/index', [...])
 8 SYSTEMPATH\CodeIgniter.php(934): App\Controllers\Admin->index()
 9 SYSTEMPATH\CodeIgniter.php(499): CodeIgniter\CodeIgniter->runController(Object(App\Controllers\Admin))
10 SYSTEMPATH\CodeIgniter.php(368): CodeIgniter\CodeIgniter->handleRequest(null, Object(Config\Cache), false)
11 FCPATH\index.php(67): CodeIgniter\CodeIgniter->run()
CRITICAL - 2023-05-23 20:47:07 --> Invalid file: "login.php"
in SYSTEMPATH\Exceptions\FrameworkException.php on line 33.
 1 SYSTEMPATH\View\View.php(201): CodeIgniter\Exceptions\FrameworkException::forInvalidFile('login.php')
 2 SYSTEMPATH\Common.php(1184): CodeIgniter\View\View->render('login', [], true)
 3 APPPATH\Views\admin\index.php(545): view('login')
 4 SYSTEMPATH\View\View.php(213): include('C:\\xampp\\htdocs\\tokoklontong\\app\\Views\\admin\\index.php')
 5 SYSTEMPATH\View\View.php(216): CodeIgniter\View\View->CodeIgniter\View\{closure}()
 6 SYSTEMPATH\Common.php(1184): CodeIgniter\View\View->render('admin/index', [], true)
 7 APPPATH\Controllers\Admin.php(25): view('admin/index', [...])
 8 SYSTEMPATH\CodeIgniter.php(934): App\Controllers\Admin->index()
 9 SYSTEMPATH\CodeIgniter.php(499): CodeIgniter\CodeIgniter->runController(Object(App\Controllers\Admin))
10 SYSTEMPATH\CodeIgniter.php(368): CodeIgniter\CodeIgniter->handleRequest(null, Object(Config\Cache), false)
11 FCPATH\index.php(67): CodeIgniter\CodeIgniter->run()
CRITICAL - 2023-05-23 20:47:11 --> Invalid file: "/login.php"
in SYSTEMPATH\Exceptions\FrameworkException.php on line 33.
 1 SYSTEMPATH\View\View.php(201): CodeIgniter\Exceptions\FrameworkException::forInvalidFile('/login.php')
 2 SYSTEMPATH\Common.php(1184): CodeIgniter\View\View->render('/login', [], true)
 3 APPPATH\Views\admin\index.php(545): view('/login')
 4 SYSTEMPATH\View\View.php(213): include('C:\\xampp\\htdocs\\tokoklontong\\app\\Views\\admin\\index.php')
 5 SYSTEMPATH\View\View.php(216): CodeIgniter\View\View->CodeIgniter\View\{closure}()
 6 SYSTEMPATH\Common.php(1184): CodeIgniter\View\View->render('admin/index', [], true)
 7 APPPATH\Controllers\Admin.php(25): view('admin/index', [...])
 8 SYSTEMPATH\CodeIgniter.php(934): App\Controllers\Admin->index()
 9 SYSTEMPATH\CodeIgniter.php(499): CodeIgniter\CodeIgniter->runController(Object(App\Controllers\Admin))
10 SYSTEMPATH\CodeIgniter.php(368): CodeIgniter\CodeIgniter->handleRequest(null, Object(Config\Cache), false)
11 FCPATH\index.php(67): CodeIgniter\CodeIgniter->run()
CRITICAL - 2023-05-23 20:47:23 --> Invalid file: "http://127.0.0.1/tokoklontong/public//login.php"
in SYSTEMPATH\Exceptions\FrameworkException.php on line 33.
 1 SYSTEMPATH\View\View.php(201): CodeIgniter\Exceptions\FrameworkException::forInvalidFile('http://127.0.0.1/tokoklontong/public//login.php')
 2 SYSTEMPATH\Common.php(1184): CodeIgniter\View\View->render('http://127.0.0.1/tokoklontong/public//login', [], true)
 3 APPPATH\Views\admin\index.php(545): view('http://127.0.0.1/tokoklontong/public//login')
 4 SYSTEMPATH\View\View.php(213): include('C:\\xampp\\htdocs\\tokoklontong\\app\\Views\\admin\\index.php')
 5 SYSTEMPATH\View\View.php(216): CodeIgniter\View\View->CodeIgniter\View\{closure}()
 6 SYSTEMPATH\Common.php(1184): CodeIgniter\View\View->render('admin/index', [], true)
 7 APPPATH\Controllers\Admin.php(25): view('admin/index', [...])
 8 SYSTEMPATH\CodeIgniter.php(934): App\Controllers\Admin->index()
 9 SYSTEMPATH\CodeIgniter.php(499): CodeIgniter\CodeIgniter->runController(Object(App\Controllers\Admin))
10 SYSTEMPATH\CodeIgniter.php(368): CodeIgniter\CodeIgniter->handleRequest(null, Object(Config\Cache), false)
11 FCPATH\index.php(67): CodeIgniter\CodeIgniter->run()
CRITICAL - 2023-05-23 20:47:29 --> Invalid file: "http://127.0.0.1/tokoklontong/public/login.php"
in SYSTEMPATH\Exceptions\FrameworkException.php on line 33.
 1 SYSTEMPATH\View\View.php(201): CodeIgniter\Exceptions\FrameworkException::forInvalidFile('http://127.0.0.1/tokoklontong/public/login.php')
 2 SYSTEMPATH\Common.php(1184): CodeIgniter\View\View->render('http://127.0.0.1/tokoklontong/public/login', [], true)
 3 APPPATH\Views\admin\index.php(545): view('http://127.0.0.1/tokoklontong/public/login')
 4 SYSTEMPATH\View\View.php(213): include('C:\\xampp\\htdocs\\tokoklontong\\app\\Views\\admin\\index.php')
 5 SYSTEMPATH\View\View.php(216): CodeIgniter\View\View->CodeIgniter\View\{closure}()
 6 SYSTEMPATH\Common.php(1184): CodeIgniter\View\View->render('admin/index', [], true)
 7 APPPATH\Controllers\Admin.php(25): view('admin/index', [...])
 8 SYSTEMPATH\CodeIgniter.php(934): App\Controllers\Admin->index()
 9 SYSTEMPATH\CodeIgniter.php(499): CodeIgniter\CodeIgniter->runController(Object(App\Controllers\Admin))
10 SYSTEMPATH\CodeIgniter.php(368): CodeIgniter\CodeIgniter->handleRequest(null, Object(Config\Cache), false)
11 FCPATH\index.php(67): CodeIgniter\CodeIgniter->run()
CRITICAL - 2023-05-23 20:48:27 --> Invalid file: "http://127.0.0.1/tokoklontong/public/login.php"
in SYSTEMPATH\Exceptions\FrameworkException.php on line 33.
 1 SYSTEMPATH\View\View.php(201): CodeIgniter\Exceptions\FrameworkException::forInvalidFile('http://127.0.0.1/tokoklontong/public/login.php')
 2 SYSTEMPATH\Common.php(1184): CodeIgniter\View\View->render('http://127.0.0.1/tokoklontong/public/login', [], true)
 3 APPPATH\Views\admin\index.php(546): view('http://127.0.0.1/tokoklontong/public/login')
 4 SYSTEMPATH\View\View.php(213): include('C:\\xampp\\htdocs\\tokoklontong\\app\\Views\\admin\\index.php')
 5 SYSTEMPATH\View\View.php(216): CodeIgniter\View\View->CodeIgniter\View\{closure}()
 6 SYSTEMPATH\Common.php(1184): CodeIgniter\View\View->render('admin/index', [], true)
 7 APPPATH\Controllers\Admin.php(25): view('admin/index', [...])
 8 SYSTEMPATH\CodeIgniter.php(934): App\Controllers\Admin->index()
 9 SYSTEMPATH\CodeIgniter.php(499): CodeIgniter\CodeIgniter->runController(Object(App\Controllers\Admin))
10 SYSTEMPATH\CodeIgniter.php(368): CodeIgniter\CodeIgniter->handleRequest(null, Object(Config\Cache), false)
11 FCPATH\index.php(67): CodeIgniter\CodeIgniter->run()
CRITICAL - 2023-05-23 20:48:30 --> Invalid file: "http://127.0.0.1/tokoklontong/public/login.php"
in SYSTEMPATH\Exceptions\FrameworkException.php on line 33.
 1 SYSTEMPATH\View\View.php(201): CodeIgniter\Exceptions\FrameworkException::forInvalidFile('http://127.0.0.1/tokoklontong/public/login.php')
 2 SYSTEMPATH\Common.php(1184): CodeIgniter\View\View->render('http://127.0.0.1/tokoklontong/public/login', [], true)
 3 APPPATH\Views\admin\index.php(546): view('http://127.0.0.1/tokoklontong/public/login')
 4 SYSTEMPATH\View\View.php(213): include('C:\\xampp\\htdocs\\tokoklontong\\app\\Views\\admin\\index.php')
 5 SYSTEMPATH\View\View.php(216): CodeIgniter\View\View->CodeIgniter\View\{closure}()
 6 SYSTEMPATH\Common.php(1184): CodeIgniter\View\View->render('admin/index', [], true)
 7 APPPATH\Controllers\Admin.php(25): view('admin/index', [...])
 8 SYSTEMPATH\CodeIgniter.php(934): App\Controllers\Admin->index()
 9 SYSTEMPATH\CodeIgniter.php(499): CodeIgniter\CodeIgniter->runController(Object(App\Controllers\Admin))
10 SYSTEMPATH\CodeIgniter.php(368): CodeIgniter\CodeIgniter->handleRequest(null, Object(Config\Cache), false)
11 FCPATH\index.php(67): CodeIgniter\CodeIgniter->run()
CRITICAL - 2023-05-23 20:48:36 --> Invalid file: "http://127.0.0.1/tokoklontong/public/logsad.php"
in SYSTEMPATH\Exceptions\FrameworkException.php on line 33.
 1 SYSTEMPATH\View\View.php(201): CodeIgniter\Exceptions\FrameworkException::forInvalidFile('http://127.0.0.1/tokoklontong/public/logsad.php')
 2 SYSTEMPATH\Common.php(1184): CodeIgniter\View\View->render('http://127.0.0.1/tokoklontong/public/logsad', [], true)
 3 APPPATH\Views\admin\index.php(546): view('http://127.0.0.1/tokoklontong/public/logsad')
 4 SYSTEMPATH\View\View.php(213): include('C:\\xampp\\htdocs\\tokoklontong\\app\\Views\\admin\\index.php')
 5 SYSTEMPATH\View\View.php(216): CodeIgniter\View\View->CodeIgniter\View\{closure}()
 6 SYSTEMPATH\Common.php(1184): CodeIgniter\View\View->render('admin/index', [], true)
 7 APPPATH\Controllers\Admin.php(25): view('admin/index', [...])
 8 SYSTEMPATH\CodeIgniter.php(934): App\Controllers\Admin->index()
 9 SYSTEMPATH\CodeIgniter.php(499): CodeIgniter\CodeIgniter->runController(Object(App\Controllers\Admin))
10 SYSTEMPATH\CodeIgniter.php(368): CodeIgniter\CodeIgniter->handleRequest(null, Object(Config\Cache), false)
11 FCPATH\index.php(67): CodeIgniter\CodeIgniter->run()
CRITICAL - 2023-05-23 20:51:07 --> The route for "logi" cannot be found.
in SYSTEMPATH\HTTP\RedirectResponse.php on line 60.
 1 SYSTEMPATH\HTTP\RedirectResponse.php(60): CodeIgniter\HTTP\Exceptions\HTTPException::forInvalidRedirectRoute('logi')
 2 SYSTEMPATH\Common.php(880): CodeIgniter\HTTP\RedirectResponse->route(false)
 3 APPPATH\Views\admin\index.php(548): redirect('logi')
 4 SYSTEMPATH\View\View.php(213): include('C:\\xampp\\htdocs\\tokoklontong\\app\\Views\\admin\\index.php')
 5 SYSTEMPATH\View\View.php(216): CodeIgniter\View\View->CodeIgniter\View\{closure}()
 6 SYSTEMPATH\Common.php(1184): CodeIgniter\View\View->render('admin/index', [], true)
 7 APPPATH\Controllers\Admin.php(25): view('admin/index', [...])
 8 SYSTEMPATH\CodeIgniter.php(934): App\Controllers\Admin->index()
 9 SYSTEMPATH\CodeIgniter.php(499): CodeIgniter\CodeIgniter->runController(Object(App\Controllers\Admin))
10 SYSTEMPATH\CodeIgniter.php(368): CodeIgniter\CodeIgniter->handleRequest(null, Object(Config\Cache), false)
11 FCPATH\index.php(67): CodeIgniter\CodeIgniter->run()
CRITICAL - 2023-05-23 20:53:22 --> The route for "/index" cannot be found.
in SYSTEMPATH\HTTP\RedirectResponse.php on line 60.
 1 SYSTEMPATH\HTTP\RedirectResponse.php(60): CodeIgniter\HTTP\Exceptions\HTTPException::forInvalidRedirectRoute('/index')
 2 SYSTEMPATH\Common.php(880): CodeIgniter\HTTP\RedirectResponse->route(false)
 3 APPPATH\Views\admin\index.php(548): redirect('/index')
 4 SYSTEMPATH\View\View.php(213): include('C:\\xampp\\htdocs\\tokoklontong\\app\\Views\\admin\\index.php')
 5 SYSTEMPATH\View\View.php(216): CodeIgniter\View\View->CodeIgniter\View\{closure}()
 6 SYSTEMPATH\Common.php(1184): CodeIgniter\View\View->render('admin/index', [], true)
 7 APPPATH\Controllers\Admin.php(25): view('admin/index', [...])
 8 SYSTEMPATH\CodeIgniter.php(934): App\Controllers\Admin->index()
 9 SYSTEMPATH\CodeIgniter.php(499): CodeIgniter\CodeIgniter->runController(Object(App\Controllers\Admin))
10 SYSTEMPATH\CodeIgniter.php(368): CodeIgniter\CodeIgniter->handleRequest(null, Object(Config\Cache), false)
11 FCPATH\index.php(67): CodeIgniter\CodeIgniter->run()
CRITICAL - 2023-05-23 20:53:28 --> The route for "/login" cannot be found.
in SYSTEMPATH\HTTP\RedirectResponse.php on line 60.
 1 SYSTEMPATH\HTTP\RedirectResponse.php(60): CodeIgniter\HTTP\Exceptions\HTTPException::forInvalidRedirectRoute('/login')
 2 SYSTEMPATH\Common.php(880): CodeIgniter\HTTP\RedirectResponse->route(false)
 3 APPPATH\Views\admin\index.php(548): redirect('/login')
 4 SYSTEMPATH\View\View.php(213): include('C:\\xampp\\htdocs\\tokoklontong\\app\\Views\\admin\\index.php')
 5 SYSTEMPATH\View\View.php(216): CodeIgniter\View\View->CodeIgniter\View\{closure}()
 6 SYSTEMPATH\Common.php(1184): CodeIgniter\View\View->render('admin/index', [], true)
 7 APPPATH\Controllers\Admin.php(25): view('admin/index', [...])
 8 SYSTEMPATH\CodeIgniter.php(934): App\Controllers\Admin->index()
 9 SYSTEMPATH\CodeIgniter.php(499): CodeIgniter\CodeIgniter->runController(Object(App\Controllers\Admin))
10 SYSTEMPATH\CodeIgniter.php(368): CodeIgniter\CodeIgniter->handleRequest(null, Object(Config\Cache), false)
11 FCPATH\index.php(67): CodeIgniter\CodeIgniter->run()
CRITICAL - 2023-05-23 20:53:42 --> The route for "http://127.0.0.1/tokoklontong/public//login" cannot be found.
in SYSTEMPATH\HTTP\RedirectResponse.php on line 60.
 1 SYSTEMPATH\HTTP\RedirectResponse.php(60): CodeIgniter\HTTP\Exceptions\HTTPException::forInvalidRedirectRoute('http://127.0.0.1/tokoklontong/public//login')
 2 SYSTEMPATH\Common.php(880): CodeIgniter\HTTP\RedirectResponse->route(false)
 3 APPPATH\Views\admin\index.php(548): redirect('http://127.0.0.1/tokoklontong/public//login')
 4 SYSTEMPATH\View\View.php(213): include('C:\\xampp\\htdocs\\tokoklontong\\app\\Views\\admin\\index.php')
 5 SYSTEMPATH\View\View.php(216): CodeIgniter\View\View->CodeIgniter\View\{closure}()
 6 SYSTEMPATH\Common.php(1184): CodeIgniter\View\View->render('admin/index', [], true)
 7 APPPATH\Controllers\Admin.php(25): view('admin/index', [...])
 8 SYSTEMPATH\CodeIgniter.php(934): App\Controllers\Admin->index()
 9 SYSTEMPATH\CodeIgniter.php(499): CodeIgniter\CodeIgniter->runController(Object(App\Controllers\Admin))
10 SYSTEMPATH\CodeIgniter.php(368): CodeIgniter\CodeIgniter->handleRequest(null, Object(Config\Cache), false)
11 FCPATH\index.php(67): CodeIgniter\CodeIgniter->run()
CRITICAL - 2023-05-23 20:53:47 --> The route for "http://127.0.0.1/tokoklontong/public/login" cannot be found.
in SYSTEMPATH\HTTP\RedirectResponse.php on line 60.
 1 SYSTEMPATH\HTTP\RedirectResponse.php(60): CodeIgniter\HTTP\Exceptions\HTTPException::forInvalidRedirectRoute('http://127.0.0.1/tokoklontong/public/login')
 2 SYSTEMPATH\Common.php(880): CodeIgniter\HTTP\RedirectResponse->route(false)
 3 APPPATH\Views\admin\index.php(548): redirect('http://127.0.0.1/tokoklontong/public/login')
 4 SYSTEMPATH\View\View.php(213): include('C:\\xampp\\htdocs\\tokoklontong\\app\\Views\\admin\\index.php')
 5 SYSTEMPATH\View\View.php(216): CodeIgniter\View\View->CodeIgniter\View\{closure}()
 6 SYSTEMPATH\Common.php(1184): CodeIgniter\View\View->render('admin/index', [], true)
 7 APPPATH\Controllers\Admin.php(25): view('admin/index', [...])
 8 SYSTEMPATH\CodeIgniter.php(934): App\Controllers\Admin->index()
 9 SYSTEMPATH\CodeIgniter.php(499): CodeIgniter\CodeIgniter->runController(Object(App\Controllers\Admin))
10 SYSTEMPATH\CodeIgniter.php(368): CodeIgniter\CodeIgniter->handleRequest(null, Object(Config\Cache), false)
11 FCPATH\index.php(67): CodeIgniter\CodeIgniter->run()
CRITICAL - 2023-05-23 20:55:07 --> The route for "/supplier_contact" cannot be found.
in SYSTEMPATH\HTTP\RedirectResponse.php on line 60.
 1 SYSTEMPATH\HTTP\RedirectResponse.php(60): CodeIgniter\HTTP\Exceptions\HTTPException::forInvalidRedirectRoute('/supplier_contact')
 2 SYSTEMPATH\Common.php(880): CodeIgniter\HTTP\RedirectResponse->route(false)
 3 APPPATH\Views\admin\index.php(549): redirect('/supplier_contact')
 4 SYSTEMPATH\View\View.php(213): include('C:\\xampp\\htdocs\\tokoklontong\\app\\Views\\admin\\index.php')
 5 SYSTEMPATH\View\View.php(216): CodeIgniter\View\View->CodeIgniter\View\{closure}()
 6 SYSTEMPATH\Common.php(1184): CodeIgniter\View\View->render('admin/index', [], true)
 7 APPPATH\Controllers\Admin.php(25): view('admin/index', [...])
 8 SYSTEMPATH\CodeIgniter.php(934): App\Controllers\Admin->index()
 9 SYSTEMPATH\CodeIgniter.php(499): CodeIgniter\CodeIgniter->runController(Object(App\Controllers\Admin))
10 SYSTEMPATH\CodeIgniter.php(368): CodeIgniter\CodeIgniter->handleRequest(null, Object(Config\Cache), false)
11 FCPATH\index.php(67): CodeIgniter\CodeIgniter->run()
CRITICAL - 2023-05-23 20:55:15 --> The route for "/login" cannot be found.
in SYSTEMPATH\HTTP\RedirectResponse.php on line 60.
 1 SYSTEMPATH\HTTP\RedirectResponse.php(60): CodeIgniter\HTTP\Exceptions\HTTPException::forInvalidRedirectRoute('/login')
 2 SYSTEMPATH\Common.php(880): CodeIgniter\HTTP\RedirectResponse->route(false)
 3 APPPATH\Views\admin\index.php(549): redirect('/login')
 4 SYSTEMPATH\View\View.php(213): include('C:\\xampp\\htdocs\\tokoklontong\\app\\Views\\admin\\index.php')
 5 SYSTEMPATH\View\View.php(216): CodeIgniter\View\View->CodeIgniter\View\{closure}()
 6 SYSTEMPATH\Common.php(1184): CodeIgniter\View\View->render('admin/index', [], true)
 7 APPPATH\Controllers\Admin.php(25): view('admin/index', [...])
 8 SYSTEMPATH\CodeIgniter.php(934): App\Controllers\Admin->index()
 9 SYSTEMPATH\CodeIgniter.php(499): CodeIgniter\CodeIgniter->runController(Object(App\Controllers\Admin))
10 SYSTEMPATH\CodeIgniter.php(368): CodeIgniter\CodeIgniter->handleRequest(null, Object(Config\Cache), false)
11 FCPATH\index.php(67): CodeIgniter\CodeIgniter->run()
CRITICAL - 2023-05-23 20:58:10 --> Invalid file: "http://127.0.0.1/tokoklontong/public/login.php"
in SYSTEMPATH\Exceptions\FrameworkException.php on line 33.
 1 SYSTEMPATH\View\View.php(201): CodeIgniter\Exceptions\FrameworkException::forInvalidFile('http://127.0.0.1/tokoklontong/public/login.php')
 2 SYSTEMPATH\Common.php(1184): CodeIgniter\View\View->render('http://127.0.0.1/tokoklontong/public/login', [], true)
 3 APPPATH\Views\admin\index.php(546): view('http://127.0.0.1/tokoklontong/public/login')
 4 SYSTEMPATH\View\View.php(213): include('C:\\xampp\\htdocs\\tokoklontong\\app\\Views\\admin\\index.php')
 5 SYSTEMPATH\View\View.php(216): CodeIgniter\View\View->CodeIgniter\View\{closure}()
 6 SYSTEMPATH\Common.php(1184): CodeIgniter\View\View->render('admin/index', [], true)
 7 APPPATH\Controllers\Admin.php(25): view('admin/index', [...])
 8 SYSTEMPATH\CodeIgniter.php(934): App\Controllers\Admin->index()
 9 SYSTEMPATH\CodeIgniter.php(499): CodeIgniter\CodeIgniter->runController(Object(App\Controllers\Admin))
10 SYSTEMPATH\CodeIgniter.php(368): CodeIgniter\CodeIgniter->handleRequest(null, Object(Config\Cache), false)
11 FCPATH\index.php(67): CodeIgniter\CodeIgniter->run()
CRITICAL - 2023-05-23 20:58:22 --> Invalid file: "http://127.0.0.1/tokoklontong/public/login.php"
in SYSTEMPATH\Exceptions\FrameworkException.php on line 33.
 1 SYSTEMPATH\View\View.php(201): CodeIgniter\Exceptions\FrameworkException::forInvalidFile('http://127.0.0.1/tokoklontong/public/login.php')
 2 SYSTEMPATH\Common.php(1184): CodeIgniter\View\View->render('http://127.0.0.1/tokoklontong/public/login', [], true)
 3 APPPATH\Views\admin\index.php(546): view('http://127.0.0.1/tokoklontong/public/login')
 4 SYSTEMPATH\View\View.php(213): include('C:\\xampp\\htdocs\\tokoklontong\\app\\Views\\admin\\index.php')
 5 SYSTEMPATH\View\View.php(216): CodeIgniter\View\View->CodeIgniter\View\{closure}()
 6 SYSTEMPATH\Common.php(1184): CodeIgniter\View\View->render('admin/index', [], true)
 7 APPPATH\Controllers\Admin.php(25): view('admin/index', [...])
 8 SYSTEMPATH\CodeIgniter.php(934): App\Controllers\Admin->index()
 9 SYSTEMPATH\CodeIgniter.php(499): CodeIgniter\CodeIgniter->runController(Object(App\Controllers\Admin))
10 SYSTEMPATH\CodeIgniter.php(368): CodeIgniter\CodeIgniter->handleRequest(null, Object(Config\Cache), false)
11 FCPATH\index.php(67): CodeIgniter\CodeIgniter->run()
CRITICAL - 2023-05-23 20:58:25 --> Invalid file: "http://127.0.0.1/tokoklontong/public/login.php"
in SYSTEMPATH\Exceptions\FrameworkException.php on line 33.
 1 SYSTEMPATH\View\View.php(201): CodeIgniter\Exceptions\FrameworkException::forInvalidFile('http://127.0.0.1/tokoklontong/public/login.php')
 2 SYSTEMPATH\Common.php(1184): CodeIgniter\View\View->render('http://127.0.0.1/tokoklontong/public/login', [], true)
 3 APPPATH\Views\admin\index.php(546): view('http://127.0.0.1/tokoklontong/public/login')
 4 SYSTEMPATH\View\View.php(213): include('C:\\xampp\\htdocs\\tokoklontong\\app\\Views\\admin\\index.php')
 5 SYSTEMPATH\View\View.php(216): CodeIgniter\View\View->CodeIgniter\View\{closure}()
 6 SYSTEMPATH\Common.php(1184): CodeIgniter\View\View->render('admin/index', [], true)
 7 APPPATH\Controllers\Admin.php(25): view('admin/index', [...])
 8 SYSTEMPATH\CodeIgniter.php(934): App\Controllers\Admin->index()
 9 SYSTEMPATH\CodeIgniter.php(499): CodeIgniter\CodeIgniter->runController(Object(App\Controllers\Admin))
10 SYSTEMPATH\CodeIgniter.php(368): CodeIgniter\CodeIgniter->handleRequest(null, Object(Config\Cache), false)
11 FCPATH\index.php(67): CodeIgniter\CodeIgniter->run()
CRITICAL - 2023-05-23 21:55:33 --> Invalid file: "http://127.0.0.1/tokoklontong/public/login.php"
in SYSTEMPATH\Exceptions\FrameworkException.php on line 33.
 1 SYSTEMPATH\View\View.php(201): CodeIgniter\Exceptions\FrameworkException::forInvalidFile('http://127.0.0.1/tokoklontong/public/login.php')
 2 SYSTEMPATH\Common.php(1184): CodeIgniter\View\View->render('http://127.0.0.1/tokoklontong/public/login', [], true)
 3 APPPATH\Views\admin\index.php(546): view('http://127.0.0.1/tokoklontong/public/login')
 4 SYSTEMPATH\View\View.php(213): include('C:\\xampp\\htdocs\\tokoklontong\\app\\Views\\admin\\index.php')
 5 SYSTEMPATH\View\View.php(216): CodeIgniter\View\View->CodeIgniter\View\{closure}()
 6 SYSTEMPATH\Common.php(1184): CodeIgniter\View\View->render('admin/index', [], true)
 7 APPPATH\Controllers\Admin.php(25): view('admin/index', [...])
 8 SYSTEMPATH\CodeIgniter.php(934): App\Controllers\Admin->index()
 9 SYSTEMPATH\CodeIgniter.php(499): CodeIgniter\CodeIgniter->runController(Object(App\Controllers\Admin))
10 SYSTEMPATH\CodeIgniter.php(368): CodeIgniter\CodeIgniter->handleRequest(null, Object(Config\Cache), false)
11 FCPATH\index.php(67): CodeIgniter\CodeIgniter->run()
CRITICAL - 2023-05-23 21:55:55 --> The route for "/login" cannot be found.
in SYSTEMPATH\HTTP\RedirectResponse.php on line 60.
 1 SYSTEMPATH\HTTP\RedirectResponse.php(60): CodeIgniter\HTTP\Exceptions\HTTPException::forInvalidRedirectRoute('/login')
 2 SYSTEMPATH\Common.php(880): CodeIgniter\HTTP\RedirectResponse->route(false)
 3 APPPATH\Views\admin\index.php(547): redirect('/login')
 4 SYSTEMPATH\View\View.php(213): include('C:\\xampp\\htdocs\\tokoklontong\\app\\Views\\admin\\index.php')
 5 SYSTEMPATH\View\View.php(216): CodeIgniter\View\View->CodeIgniter\View\{closure}()
 6 SYSTEMPATH\Common.php(1184): CodeIgniter\View\View->render('admin/index', [], true)
 7 APPPATH\Controllers\Admin.php(25): view('admin/index', [...])
 8 SYSTEMPATH\CodeIgniter.php(934): App\Controllers\Admin->index()
 9 SYSTEMPATH\CodeIgniter.php(499): CodeIgniter\CodeIgniter->runController(Object(App\Controllers\Admin))
10 SYSTEMPATH\CodeIgniter.php(368): CodeIgniter\CodeIgniter->handleRequest(null, Object(Config\Cache), false)
11 FCPATH\index.php(67): CodeIgniter\CodeIgniter->run()
CRITICAL - 2023-05-23 21:56:09 --> The route for "http://127.0.0.1/tokoklontong/public//login" cannot be found.
in SYSTEMPATH\HTTP\RedirectResponse.php on line 60.
 1 SYSTEMPATH\HTTP\RedirectResponse.php(60): CodeIgniter\HTTP\Exceptions\HTTPException::forInvalidRedirectRoute('http://127.0.0.1/tokoklontong/public//login')
 2 SYSTEMPATH\Common.php(880): CodeIgniter\HTTP\RedirectResponse->route(false)
 3 APPPATH\Views\admin\index.php(547): redirect('http://127.0.0.1/tokoklontong/public//login')
 4 SYSTEMPATH\View\View.php(213): include('C:\\xampp\\htdocs\\tokoklontong\\app\\Views\\admin\\index.php')
 5 SYSTEMPATH\View\View.php(216): CodeIgniter\View\View->CodeIgniter\View\{closure}()
 6 SYSTEMPATH\Common.php(1184): CodeIgniter\View\View->render('admin/index', [], true)
 7 APPPATH\Controllers\Admin.php(25): view('admin/index', [...])
 8 SYSTEMPATH\CodeIgniter.php(934): App\Controllers\Admin->index()
 9 SYSTEMPATH\CodeIgniter.php(499): CodeIgniter\CodeIgniter->runController(Object(App\Controllers\Admin))
10 SYSTEMPATH\CodeIgniter.php(368): CodeIgniter\CodeIgniter->handleRequest(null, Object(Config\Cache), false)
11 FCPATH\index.php(67): CodeIgniter\CodeIgniter->run()
CRITICAL - 2023-05-23 21:56:18 --> The route for "http://127.0.0.1/tokoklontong/public/login" cannot be found.
in SYSTEMPATH\HTTP\RedirectResponse.php on line 60.
 1 SYSTEMPATH\HTTP\RedirectResponse.php(60): CodeIgniter\HTTP\Exceptions\HTTPException::forInvalidRedirectRoute('http://127.0.0.1/tokoklontong/public/login')
 2 SYSTEMPATH\Common.php(880): CodeIgniter\HTTP\RedirectResponse->route(false)
 3 APPPATH\Views\admin\index.php(547): redirect('http://127.0.0.1/tokoklontong/public/login')
 4 SYSTEMPATH\View\View.php(213): include('C:\\xampp\\htdocs\\tokoklontong\\app\\Views\\admin\\index.php')
 5 SYSTEMPATH\View\View.php(216): CodeIgniter\View\View->CodeIgniter\View\{closure}()
 6 SYSTEMPATH\Common.php(1184): CodeIgniter\View\View->render('admin/index', [], true)
 7 APPPATH\Controllers\Admin.php(25): view('admin/index', [...])
 8 SYSTEMPATH\CodeIgniter.php(934): App\Controllers\Admin->index()
 9 SYSTEMPATH\CodeIgniter.php(499): CodeIgniter\CodeIgniter->runController(Object(App\Controllers\Admin))
10 SYSTEMPATH\CodeIgniter.php(368): CodeIgniter\CodeIgniter->handleRequest(null, Object(Config\Cache), false)
11 FCPATH\index.php(67): CodeIgniter\CodeIgniter->run()
CRITICAL - 2023-05-23 21:56:36 --> Invalid file: "http://127.0.0.1/tokoklontong/public/login.php"
in SYSTEMPATH\Exceptions\FrameworkException.php on line 33.
 1 SYSTEMPATH\View\View.php(201): CodeIgniter\Exceptions\FrameworkException::forInvalidFile('http://127.0.0.1/tokoklontong/public/login.php')
 2 SYSTEMPATH\Common.php(1184): CodeIgniter\View\View->render('http://127.0.0.1/tokoklontong/public/login', [], true)
 3 APPPATH\Views\admin\index.php(546): view('http://127.0.0.1/tokoklontong/public/login')
 4 SYSTEMPATH\View\View.php(213): include('C:\\xampp\\htdocs\\tokoklontong\\app\\Views\\admin\\index.php')
 5 SYSTEMPATH\View\View.php(216): CodeIgniter\View\View->CodeIgniter\View\{closure}()
 6 SYSTEMPATH\Common.php(1184): CodeIgniter\View\View->render('admin/index', [], true)
 7 APPPATH\Controllers\Admin.php(25): view('admin/index', [...])
 8 SYSTEMPATH\CodeIgniter.php(934): App\Controllers\Admin->index()
 9 SYSTEMPATH\CodeIgniter.php(499): CodeIgniter\CodeIgniter->runController(Object(App\Controllers\Admin))
10 SYSTEMPATH\CodeIgniter.php(368): CodeIgniter\CodeIgniter->handleRequest(null, Object(Config\Cache), false)
11 FCPATH\index.php(67): CodeIgniter\CodeIgniter->run()
CRITICAL - 2023-05-23 21:56:51 --> Invalid file: "http://127.0.0.1/tokoklontong/public/.php"
in SYSTEMPATH\Exceptions\FrameworkException.php on line 33.
 1 SYSTEMPATH\View\View.php(201): CodeIgniter\Exceptions\FrameworkException::forInvalidFile('http://127.0.0.1/tokoklontong/public/.php')
 2 SYSTEMPATH\Common.php(1184): CodeIgniter\View\View->render('http://127.0.0.1/tokoklontong/public/', [], true)
 3 APPPATH\Views\admin\index.php(546): view('http://127.0.0.1/tokoklontong/public/')
 4 SYSTEMPATH\View\View.php(213): include('C:\\xampp\\htdocs\\tokoklontong\\app\\Views\\admin\\index.php')
 5 SYSTEMPATH\View\View.php(216): CodeIgniter\View\View->CodeIgniter\View\{closure}()
 6 SYSTEMPATH\Common.php(1184): CodeIgniter\View\View->render('admin/index', [], true)
 7 APPPATH\Controllers\Admin.php(25): view('admin/index', [...])
 8 SYSTEMPATH\CodeIgniter.php(934): App\Controllers\Admin->index()
 9 SYSTEMPATH\CodeIgniter.php(499): CodeIgniter\CodeIgniter->runController(Object(App\Controllers\Admin))
10 SYSTEMPATH\CodeIgniter.php(368): CodeIgniter\CodeIgniter->handleRequest(null, Object(Config\Cache), false)
11 FCPATH\index.php(67): CodeIgniter\CodeIgniter->run()
CRITICAL - 2023-05-23 21:56:55 --> Invalid file: "http://127.0.0.1/tokoklontong/public/index.php"
in SYSTEMPATH\Exceptions\FrameworkException.php on line 33.
 1 SYSTEMPATH\View\View.php(201): CodeIgniter\Exceptions\FrameworkException::forInvalidFile('http://127.0.0.1/tokoklontong/public/index.php')
 2 SYSTEMPATH\Common.php(1184): CodeIgniter\View\View->render('http://127.0.0.1/tokoklontong/public/index', [], true)
 3 APPPATH\Views\admin\index.php(546): view('http://127.0.0.1/tokoklontong/public/index')
 4 SYSTEMPATH\View\View.php(213): include('C:\\xampp\\htdocs\\tokoklontong\\app\\Views\\admin\\index.php')
 5 SYSTEMPATH\View\View.php(216): CodeIgniter\View\View->CodeIgniter\View\{closure}()
 6 SYSTEMPATH\Common.php(1184): CodeIgniter\View\View->render('admin/index', [], true)
 7 APPPATH\Controllers\Admin.php(25): view('admin/index', [...])
 8 SYSTEMPATH\CodeIgniter.php(934): App\Controllers\Admin->index()
 9 SYSTEMPATH\CodeIgniter.php(499): CodeIgniter\CodeIgniter->runController(Object(App\Controllers\Admin))
10 SYSTEMPATH\CodeIgniter.php(368): CodeIgniter\CodeIgniter->handleRequest(null, Object(Config\Cache), false)
11 FCPATH\index.php(67): CodeIgniter\CodeIgniter->run()
CRITICAL - 2023-05-23 21:57:03 --> Invalid file: "http://127.0.0.1/tokoklontong/public/index.php"
in SYSTEMPATH\Exceptions\FrameworkException.php on line 33.
 1 SYSTEMPATH\View\View.php(201): CodeIgniter\Exceptions\FrameworkException::forInvalidFile('http://127.0.0.1/tokoklontong/public/index.php')
 2 SYSTEMPATH\Common.php(1184): CodeIgniter\View\View->render('http://127.0.0.1/tokoklontong/public/index', [], true)
 3 APPPATH\Views\admin\index.php(546): view('http://127.0.0.1/tokoklontong/public/index')
 4 SYSTEMPATH\View\View.php(213): include('C:\\xampp\\htdocs\\tokoklontong\\app\\Views\\admin\\index.php')
 5 SYSTEMPATH\View\View.php(216): CodeIgniter\View\View->CodeIgniter\View\{closure}()
 6 SYSTEMPATH\Common.php(1184): CodeIgniter\View\View->render('admin/index', [], true)
 7 APPPATH\Controllers\Admin.php(25): view('admin/index', [...])
 8 SYSTEMPATH\CodeIgniter.php(934): App\Controllers\Admin->index()
 9 SYSTEMPATH\CodeIgniter.php(499): CodeIgniter\CodeIgniter->runController(Object(App\Controllers\Admin))
10 SYSTEMPATH\CodeIgniter.php(368): CodeIgniter\CodeIgniter->handleRequest(null, Object(Config\Cache), false)
11 FCPATH\index.php(67): CodeIgniter\CodeIgniter->run()
CRITICAL - 2023-05-23 22:06:35 --> Invalid file: "http://127.0.0.1/tokoklontong/public/login.php"
in SYSTEMPATH\Exceptions\FrameworkException.php on line 33.
 1 SYSTEMPATH\View\View.php(201): CodeIgniter\Exceptions\FrameworkException::forInvalidFile('http://127.0.0.1/tokoklontong/public/login.php')
 2 SYSTEMPATH\Common.php(1184): CodeIgniter\View\View->render('http://127.0.0.1/tokoklontong/public/login', [], true)
 3 APPPATH\Views\admin\index.php(546): view('http://127.0.0.1/tokoklontong/public/login')
 4 SYSTEMPATH\View\View.php(213): include('C:\\xampp\\htdocs\\tokoklontong\\app\\Views\\admin\\index.php')
 5 SYSTEMPATH\View\View.php(216): CodeIgniter\View\View->CodeIgniter\View\{closure}()
 6 SYSTEMPATH\Common.php(1184): CodeIgniter\View\View->render('admin/index', [], true)
 7 APPPATH\Controllers\Admin.php(25): view('admin/index', [...])
 8 SYSTEMPATH\CodeIgniter.php(934): App\Controllers\Admin->index()
 9 SYSTEMPATH\CodeIgniter.php(499): CodeIgniter\CodeIgniter->runController(Object(App\Controllers\Admin))
10 SYSTEMPATH\CodeIgniter.php(368): CodeIgniter\CodeIgniter->handleRequest(null, Object(Config\Cache), false)
11 FCPATH\index.php(67): CodeIgniter\CodeIgniter->run()
CRITICAL - 2023-05-23 22:07:37 --> Invalid file: "http://127.0.0.1/tokoklontong/public/login.php"
in SYSTEMPATH\Exceptions\FrameworkException.php on line 33.
 1 SYSTEMPATH\View\View.php(201): CodeIgniter\Exceptions\FrameworkException::forInvalidFile('http://127.0.0.1/tokoklontong/public/login.php')
 2 SYSTEMPATH\Common.php(1184): CodeIgniter\View\View->render('http://127.0.0.1/tokoklontong/public/login', [], true)
 3 APPPATH\Views\admin\index.php(546): view('http://127.0.0.1/tokoklontong/public/login')
 4 SYSTEMPATH\View\View.php(213): include('C:\\xampp\\htdocs\\tokoklontong\\app\\Views\\admin\\index.php')
 5 SYSTEMPATH\View\View.php(216): CodeIgniter\View\View->CodeIgniter\View\{closure}()
 6 SYSTEMPATH\Common.php(1184): CodeIgniter\View\View->render('admin/index', [], true)
 7 APPPATH\Controllers\Admin.php(25): view('admin/index', [...])
 8 SYSTEMPATH\CodeIgniter.php(934): App\Controllers\Admin->index()
 9 SYSTEMPATH\CodeIgniter.php(499): CodeIgniter\CodeIgniter->runController(Object(App\Controllers\Admin))
10 SYSTEMPATH\CodeIgniter.php(368): CodeIgniter\CodeIgniter->handleRequest(null, Object(Config\Cache), false)
11 FCPATH\index.php(67): CodeIgniter\CodeIgniter->run()
CRITICAL - 2023-05-23 22:13:43 --> Invalid file: "login.php"
in SYSTEMPATH\Exceptions\FrameworkException.php on line 33.
 1 SYSTEMPATH\View\View.php(201): CodeIgniter\Exceptions\FrameworkException::forInvalidFile('login.php')
 2 SYSTEMPATH\Common.php(1184): CodeIgniter\View\View->render('login', [], true)
 3 APPPATH\Views\admin\index.php(546): view('login')
 4 SYSTEMPATH\View\View.php(213): include('C:\\xampp\\htdocs\\tokoklontong\\app\\Views\\admin\\index.php')
 5 SYSTEMPATH\View\View.php(216): CodeIgniter\View\View->CodeIgniter\View\{closure}()
 6 SYSTEMPATH\Common.php(1184): CodeIgniter\View\View->render('admin/index', [], true)
 7 APPPATH\Controllers\Admin.php(25): view('admin/index', [...])
 8 SYSTEMPATH\CodeIgniter.php(934): App\Controllers\Admin->index()
 9 SYSTEMPATH\CodeIgniter.php(499): CodeIgniter\CodeIgniter->runController(Object(App\Controllers\Admin))
10 SYSTEMPATH\CodeIgniter.php(368): CodeIgniter\CodeIgniter->handleRequest(null, Object(Config\Cache), false)
11 FCPATH\index.php(67): CodeIgniter\CodeIgniter->run()
CRITICAL - 2023-05-23 22:13:54 --> Invalid file: "/login.php"
in SYSTEMPATH\Exceptions\FrameworkException.php on line 33.
 1 SYSTEMPATH\View\View.php(201): CodeIgniter\Exceptions\FrameworkException::forInvalidFile('/login.php')
 2 SYSTEMPATH\Common.php(1184): CodeIgniter\View\View->render('/login', [], true)
 3 APPPATH\Views\admin\index.php(546): view('/login')
 4 SYSTEMPATH\View\View.php(213): include('C:\\xampp\\htdocs\\tokoklontong\\app\\Views\\admin\\index.php')
 5 SYSTEMPATH\View\View.php(216): CodeIgniter\View\View->CodeIgniter\View\{closure}()
 6 SYSTEMPATH\Common.php(1184): CodeIgniter\View\View->render('admin/index', [], true)
 7 APPPATH\Controllers\Admin.php(25): view('admin/index', [...])
 8 SYSTEMPATH\CodeIgniter.php(934): App\Controllers\Admin->index()
 9 SYSTEMPATH\CodeIgniter.php(499): CodeIgniter\CodeIgniter->runController(Object(App\Controllers\Admin))
10 SYSTEMPATH\CodeIgniter.php(368): CodeIgniter\CodeIgniter->handleRequest(null, Object(Config\Cache), false)
11 FCPATH\index.php(67): CodeIgniter\CodeIgniter->run()
CRITICAL - 2023-05-23 22:14:04 --> Invalid file: "http://127.0.0.1/tokoklontong/public/.php"
in SYSTEMPATH\Exceptions\FrameworkException.php on line 33.
 1 SYSTEMPATH\View\View.php(201): CodeIgniter\Exceptions\FrameworkException::forInvalidFile('http://127.0.0.1/tokoklontong/public/.php')
 2 SYSTEMPATH\Common.php(1184): CodeIgniter\View\View->render('http://127.0.0.1/tokoklontong/public/', [], true)
 3 APPPATH\Views\admin\index.php(546): view('http://127.0.0.1/tokoklontong/public/')
 4 SYSTEMPATH\View\View.php(213): include('C:\\xampp\\htdocs\\tokoklontong\\app\\Views\\admin\\index.php')
 5 SYSTEMPATH\View\View.php(216): CodeIgniter\View\View->CodeIgniter\View\{closure}()
 6 SYSTEMPATH\Common.php(1184): CodeIgniter\View\View->render('admin/index', [], true)
 7 APPPATH\Controllers\Admin.php(25): view('admin/index', [...])
 8 SYSTEMPATH\CodeIgniter.php(934): App\Controllers\Admin->index()
 9 SYSTEMPATH\CodeIgniter.php(499): CodeIgniter\CodeIgniter->runController(Object(App\Controllers\Admin))
10 SYSTEMPATH\CodeIgniter.php(368): CodeIgniter\CodeIgniter->handleRequest(null, Object(Config\Cache), false)
11 FCPATH\index.php(67): CodeIgniter\CodeIgniter->run()
CRITICAL - 2023-05-23 22:14:20 --> Invalid file: "http://127.0.0.1/tokoklontong/public/index.php"
in SYSTEMPATH\Exceptions\FrameworkException.php on line 33.
 1 SYSTEMPATH\View\View.php(201): CodeIgniter\Exceptions\FrameworkException::forInvalidFile('http://127.0.0.1/tokoklontong/public/index.php')
 2 SYSTEMPATH\Common.php(1184): CodeIgniter\View\View->render('http://127.0.0.1/tokoklontong/public/index', [], true)
 3 APPPATH\Views\admin\index.php(546): view('http://127.0.0.1/tokoklontong/public/index')
 4 SYSTEMPATH\View\View.php(213): include('C:\\xampp\\htdocs\\tokoklontong\\app\\Views\\admin\\index.php')
 5 SYSTEMPATH\View\View.php(216): CodeIgniter\View\View->CodeIgniter\View\{closure}()
 6 SYSTEMPATH\Common.php(1184): CodeIgniter\View\View->render('admin/index', [], true)
 7 APPPATH\Controllers\Admin.php(25): view('admin/index', [...])
 8 SYSTEMPATH\CodeIgniter.php(934): App\Controllers\Admin->index()
 9 SYSTEMPATH\CodeIgniter.php(499): CodeIgniter\CodeIgniter->runController(Object(App\Controllers\Admin))
10 SYSTEMPATH\CodeIgniter.php(368): CodeIgniter\CodeIgniter->handleRequest(null, Object(Config\Cache), false)
11 FCPATH\index.php(67): CodeIgniter\CodeIgniter->run()
CRITICAL - 2023-05-23 22:14:30 --> Invalid file: "http://127.0.0.1/tokoklontong/public/login.php"
in SYSTEMPATH\Exceptions\FrameworkException.php on line 33.
 1 SYSTEMPATH\View\View.php(201): CodeIgniter\Exceptions\FrameworkException::forInvalidFile('http://127.0.0.1/tokoklontong/public/login.php')
 2 SYSTEMPATH\Common.php(1184): CodeIgniter\View\View->render('http://127.0.0.1/tokoklontong/public/login', [], true)
 3 APPPATH\Views\admin\index.php(546): view('http://127.0.0.1/tokoklontong/public/login')
 4 SYSTEMPATH\View\View.php(213): include('C:\\xampp\\htdocs\\tokoklontong\\app\\Views\\admin\\index.php')
 5 SYSTEMPATH\View\View.php(216): CodeIgniter\View\View->CodeIgniter\View\{closure}()
 6 SYSTEMPATH\Common.php(1184): CodeIgniter\View\View->render('admin/index', [], true)
 7 APPPATH\Controllers\Admin.php(25): view('admin/index', [...])
 8 SYSTEMPATH\CodeIgniter.php(934): App\Controllers\Admin->index()
 9 SYSTEMPATH\CodeIgniter.php(499): CodeIgniter\CodeIgniter->runController(Object(App\Controllers\Admin))
10 SYSTEMPATH\CodeIgniter.php(368): CodeIgniter\CodeIgniter->handleRequest(null, Object(Config\Cache), false)
11 FCPATH\index.php(67): CodeIgniter\CodeIgniter->run()
CRITICAL - 2023-05-23 22:15:57 --> The route for "http://127.0.0.1/tokoklontong/public/login" cannot be found.
in SYSTEMPATH\HTTP\RedirectResponse.php on line 60.
 1 SYSTEMPATH\HTTP\RedirectResponse.php(60): CodeIgniter\HTTP\Exceptions\HTTPException::forInvalidRedirectRoute('http://127.0.0.1/tokoklontong/public/login')
 2 SYSTEMPATH\Common.php(880): CodeIgniter\HTTP\RedirectResponse->route(false)
 3 APPPATH\Views\admin\index.php(547): redirect('http://127.0.0.1/tokoklontong/public/login')
 4 SYSTEMPATH\View\View.php(213): include('C:\\xampp\\htdocs\\tokoklontong\\app\\Views\\admin\\index.php')
 5 SYSTEMPATH\View\View.php(216): CodeIgniter\View\View->CodeIgniter\View\{closure}()
 6 SYSTEMPATH\Common.php(1184): CodeIgniter\View\View->render('admin/index', [], true)
 7 APPPATH\Controllers\Admin.php(25): view('admin/index', [...])
 8 SYSTEMPATH\CodeIgniter.php(934): App\Controllers\Admin->index()
 9 SYSTEMPATH\CodeIgniter.php(499): CodeIgniter\CodeIgniter->runController(Object(App\Controllers\Admin))
10 SYSTEMPATH\CodeIgniter.php(368): CodeIgniter\CodeIgniter->handleRequest(null, Object(Config\Cache), false)
11 FCPATH\index.php(67): CodeIgniter\CodeIgniter->run()
